[36m‚†ã[39m Generating browser application bundles (phase: setup)...[2K[1G[36m‚†ô[39m Generating browser application bundles (phase: setup)...[2K[1G[36m‚†π[39m Generating browser application bundles (phase: building)...[2K[1G[36m‚†∏[39m Generating browser application bundles (phase: building)...[2K[1G[36m‚†º[39m Generating browser application bundles (phase: building)...[2K[1G[36m‚†¥[39m Generating browser application bundles (phase: building)...[2K[1G[36m‚†¶[39m Generating browser application bundles (phase: building)...[2K[1G[36m‚†ß[39m Generating browser application bundles (phase: building)...[2K[1G[36m‚†á[39m Generating browser application bundles (phase: building)...[2K[1G[36m‚†è[39m Generating browser application bundles (phase: building)...[2K[1G[36m‚†ã[39m Generating browser application bundles (phase: building)...[2K[1G[36m‚†ô[39m Generating browser application bundles (phase: building)...[2K[1G[36m‚†π[39m Generating browser application bundles (phase: building)...[2K[1G[36m‚†∏[39m Generating browser application bundles (phase: building)...[2K[1G[36m‚†º[39m Generating browser application bundles (phase: building)...[2K[1G[36m‚†¥[39m Generating browser application bundles (phase: sealing)...[2K[1G[36m‚†¶[39m Generating browser application bundles (phase: sealing)...[2K[1G[36m‚†ß[39m Generating browser application bundles (phase: sealing)...[2K[1G[36m‚†á[39m Generating browser application bundles (phase: emitting)...[2K[1G[32m‚úî[39m Browser application bundle generation complete.
[37m[39m
[37m[0m[1mInitial Chunk Files[22m  [2m | [22m[1mNames[22m        [2m | [22m [1mRaw Size[22m[0m[39m
[37m[0m[92mvendor.js[39m[37m            [2m | [22mvendor       [2m | [22m  [96m3.37 MB[39m[37m[2m | [22m[0m[39m
[37m[0m[92mmain.js[39m[37m              [2m | [22mmain         [2m | [22m[96m699.05 kB[39m[37m[2m | [22m[0m[39m
[37m[0m[92mpolyfills.js[39m[37m         [2m | [22mpolyfills    [2m | [22m[96m333.23 kB[39m[37m[2m | [22m[0m[39m
[37m[0m[92mstyles.css, styles.js[39m[37m[2m | [22mstyles       [2m | [22m[96m258.52 kB[39m[37m[2m | [22m[0m[39m
[37m[0m[92mruntime.js[39m[37m           [2m | [22mruntime      [2m | [22m  [96m6.52 kB[39m[37m[2m | [22m[0m[39m
[37m[0m[0m[39m
[37m[0m[1m [22m                    [2m | [22m[1mInitial Total[22m[2m | [22m  [1m4.63 MB[22m[0m[39m
[37m[0m[0m[39m
[37m[0mBuild at: [1m[37m2023-12-09T16:29:49.551Z[39m[37m[22m - Hash: [1m[37m4a847d02fafded7d[39m[37m[22m - Time: [1m[37m7439[39m[37m[22mms[0m[39m
[37m[39m
[37m** Angular Live Development Server is listening on localhost:4200, open your browser on http://localhost:4200/ **[39m
[37m[39m
[37m[39m
[37m[92m‚àö[39m[37m Compiled successfully.[39m
[36m‚†ã[39m Generating browser application bundles...[2K[1G[36m‚†ô[39m Generating browser application bundles (phase: building)...[2K[1G[36m‚†π[39m Generating browser application bundles (phase: building)...[2K[1G[36m‚†∏[39m Generating browser application bundles (phase: building)...[2K[1G[36m‚†º[39m Generating browser application bundles (phase: building)...[2K[1G[36m‚†¥[39m Generating browser application bundles (phase: building)...[2K[1G[36m‚†¶[39m Generating browser application bundles (phase: building)...[2K[1G[36m‚†ß[39m Generating browser application bundles (phase: building)...
WARNING: There was an error creating glob patterns, returning an empty array
createGlobPatternsForDependencies: Error when generating globs.
ENOENT: no such file or directory, scandir 'C:\projects\Comevent\database'

[2K[1G[36m‚†á[39m Generating browser application bundles (phase: building)...[2K[1G[36m‚†è[39m Generating browser application bundles (phase: building)...[2K[1G[36m‚†ã[39m Generating browser application bundles (phase: sealing)...[2K[1G[36m‚†ô[39m Generating browser application bundles (phase: emitting)...[2K[1G[32m‚úî[39m Browser application bundle generation complete.
[37m[39m
[37m[0m[1mInitial Chunk Files[22m[2m | [22m[1mNames[22m  [2m | [22m [1mRaw Size[22m[0m[39m
[37m[0m[92mmain.js[39m[37m            [2m | [22mmain   [2m | [22m[96m699.43 kB[39m[37m[2m | [22m[0m[39m
[37m[0m[92mruntime.js[39m[37m         [2m | [22mruntime[2m | [22m  [96m6.52 kB[39m[37m[2m | [22m[0m[39m
[37m[0m[0m[39m
[37m[0m3 unchanged chunks[0m[39m
[37m[0m[0m[39m
[37m[0mBuild at: [1m[37m2023-12-09T16:50:09.152Z[39m[37m[22m - Hash: [1m[37m5493df60081e7a1b[39m[37m[22m - Time: [1m[37m8518[39m[37m[22mms[0m[39m
[37m[39m
[37m[92m‚àö[39m[37m Compiled successfully.[39m
[36m‚†ã[39m Generating browser application bundles...[2K[1G[36m‚†ô[39m Generating browser application bundles (phase: building)...[2K[1G[36m‚†π[39m Generating browser application bundles (phase: building)...[2K[1G[36m‚†∏[39m Generating browser application bundles (phase: building)...[2K[1G[36m‚†º[39m Generating browser application bundles (phase: building)...[2K[1G[36m‚†¥[39m Generating browser application bundles (phase: sealing)...[2K[1G[32m‚úî[39m Browser application bundle generation complete.
[37m[39m
[37m[0m[1mInitial Chunk Files[22m[2m | [22m[1mNames[22m  [2m | [22m [1mRaw Size[22m[0m[39m
[37m[0m[92mmain.js[39m[37m            [2m | [22mmain   [2m | [22m[96m699.65 kB[39m[37m[2m | [22m[0m[39m
[37m[0m[92mruntime.js[39m[37m         [2m | [22mruntime[2m | [22m  [96m6.52 kB[39m[37m[2m | [22m[0m[39m
[37m[0m[0m[39m
[37m[0m3 unchanged chunks[0m[39m
[37m[0m[0m[39m
[37m[0mBuild at: [1m[37m2023-12-09T16:51:08.993Z[39m[37m[22m - Hash: [1m[37m5b13165c4d65d826[39m[37m[22m - Time: [1m[37m1015[39m[37m[22mms[0m[39m
[1m[31m[39m[22m
[1m[31m[0m[91mError: [39m[31m[0m[96mfrontend/app/src/modules/user-profile/components/organism/main-info/main-info.component.html[0m:[93m33[0m:[93m7[0m - [91merror[0m[90m NG8002: [0mCan't bind to 'userNameControl' since it isn't a known property of 'buttons-actions-change-main-info'.[39m[22m
[1m[31m1. If 'buttons-actions-change-main-info' is an Angular component and it has 'userNameControl' input, then verify that it is included in the '@Component.imports' of this component.[39m[22m
[1m[31m2. If 'buttons-actions-change-main-info' is a Web Component then add 'CUSTOM_ELEMENTS_SCHEMA' to the '@Component.schemas' of this component to suppress this message.[39m[22m
[1m[31m3. To allow any property add 'NO_ERRORS_SCHEMA' to the '@Component.schemas' of this component.[39m[22m
[1m[31m[39m[22m
[1m[31m[7m33[0m       [userNameControl]="userNameControl"[39m[22m
[1m[31m[7m  [0m [91m      ~~~~~~~~~~~~~~~~~~~~~~~~~~~~~~~~~~~[0m[39m[22m
[1m[31m[39m[22m
[1m[31m  [96mfrontend/app/src/modules/user-profile/components/organism/main-info/main-info.component.ts[0m:[93m48[0m:[93m16[0m[39m[22m
[1m[31m    [7m48[0m   templateUrl: './main-info.component.html',[39m[22m
[1m[31m    [7m  [0m [96m               ~~~~~~~~~~~~~~~~~~~~~~~~~~~~[0m[39m[22m
[1m[31m    Error occurs in the template of component MainInfoComponent.[39m[22m
[1m[31m[39m[22m
[1m[31m[39m[22m
[1m[31m[0m[91mError: [39m[31m[0m[96mfrontend/app/src/modules/user-profile/components/organism/main-info/main-info.component.html[0m:[93m34[0m:[93m7[0m - [91merror[0m[90m NG8002: [0mCan't bind to 'emailControl' since it isn't a known property of 'buttons-actions-change-main-info'.[39m[22m
[1m[31m1. If 'buttons-actions-change-main-info' is an Angular component and it has 'emailControl' input, then verify that it is included in the '@Component.imports' of this component.[39m[22m
[1m[31m2. If 'buttons-actions-change-main-info' is a Web Component then add 'CUSTOM_ELEMENTS_SCHEMA' to the '@Component.schemas' of this component to suppress this message.[39m[22m
[1m[31m3. To allow any property add 'NO_ERRORS_SCHEMA' to the '@Component.schemas' of this component.[39m[22m
[1m[31m[39m[22m
[1m[31m[7m34[0m       [emailControl]="emailControl"[39m[22m
[1m[31m[7m  [0m [91m      ~~~~~~~~~~~~~~~~~~~~~~~~~~~~~[39m[22m[1m[31m[0m[39m[22m
[1m[31m[39m[22m
[1m[31m  [96mfrontend/app/src/modules/user-profile/components/organism/main-info/main-info.component.ts[0m:[93m48[0m:[93m16[0m[39m[22m
[1m[31m    [7m48[0m   templateUrl: './main-info.component.html',[39m[22m
[1m[31m    [7m  [0m [96m               ~~~~~~~~~~~~~~~~~~~~~~~~~~~~[0m[39m[22m
[1m[31m    Error occurs in the template of component MainInfoComponent.[39m[22m
[1m[31m[39m[22m
[1m[31m[39m[22m
[1m[31m[0m[91mError: [39m[31m[0m[96mfrontend/app/src/modules/user-profile/components/organism/main-info/main-info.component.html[0m:[93m35[0m:[93m7[0m - [91merror[0m[90m NG8002: [0mCan't bind to 'passwordControl' since it isn't a known property of 'buttons-actions-change-main-info'.[39m[22m
[1m[31m1. If 'buttons-actions-change-main-info' is an Angular component and it has 'passwordControl' input, then verify that it is included in the '@Component.imports' of this component.[39m[22m
[1m[31m2. If 'buttons-actions-change-main-info' is a Web Component then add 'CUSTOM_ELEMENTS_SCHEMA' to the '@Component.schemas' of this component to suppress this message.[39m[22m
[1m[31m3. To allow any property add 'NO_ERRORS_SCHEMA' to the '@Component.schemas' of this component.[39m[22m
[1m[31m[39m[22m
[1m[31m[7m35[0m       [passwordControl]="passwordControl"[39m[22m
[1m[31m[7m  [0m [91m      ~~~~~~~~~~~~~~~~~~~~~~~~~~~~~~~~~~~[0m[39m[22m
[1m[31m[39m[22m
[1m[31m  [96mfrontend/app/src/modules/user-profile/components/organism/main-info/main-info.component.ts[0m:[93m48[0m:[93m16[0m[39m[22m
[1m[31m    [7m48[0m   templateUrl: './main-info.component.html',[39m[22m
[1m[31m    [7m  [0m [96m               ~~~~~~~~~~~~~~~~~~~~~~~~~~~~[0m[39m[22m
[1m[31m    Error occurs in the template of component MainInfoComponent.[39m[22m
[1m[31m[39m[22m
[1m[31m[39m[22m
[1m[31m[39m[22m
[37m[39m
[37m[91m√ó[39m[37m Failed to compile.[39m
[36m‚†ã[39m Generating browser application bundles...[2K[1G[36m‚†ô[39m Generating browser application bundles (phase: building)...[2K[1G[36m‚†π[39m Generating browser application bundles (phase: building)...[2K[1G[36m‚†∏[39m Generating browser application bundles (phase: building)...[2K[1G[36m‚†º[39m Generating browser application bundles (phase: building)...[2K[1G[36m‚†¥[39m Generating browser application bundles (phase: sealing)...[2K[1G[36m‚†¶[39m Generating browser application bundles (phase: emitting)...[2K[1G[32m‚úî[39m Browser application bundle generation complete.
[37m[39m
[37m[0m[1mInitial Chunk Files[22m[2m | [22m[1mNames[22m  [2m | [22m [1mRaw Size[22m[0m[39m
[37m[0m[92mmain.js[39m[37m            [2m | [22mmain   [2m | [22m[96m699.85 kB[39m[37m[2m | [22m[0m[39m
[37m[0m[92mruntime.js[39m[37m         [2m | [22mruntime[2m | [22m  [96m6.52 kB[39m[37m[2m | [22m[0m[39m
[37m[0m[0m[39m
[37m[0m3 unchanged chunks[0m[39m
[37m[0m[0m[39m
[37m[0mBuild at: [1m[37m2023-12-09T16:55:31.874Z[39m[37m[22m - Hash: [1m[37m02a9c9b3b30b78a4[39m[37m[22m - Time: [1m[37m1430[39m[37m[22mms[0m[39m
[37m[39m
[37m[92m‚àö[39m[37m Compiled successfully.[39m
[36m‚†ã[39m Generating browser application bundles...[2K[1G[36m‚†ô[39m Generating browser application bundles (phase: building)...[2K[1G[36m‚†π[39m Generating browser application bundles (phase: building)...[2K[1G[36m‚†∏[39m Generating browser application bundles (phase: building)...[2K[1G[36m‚†º[39m Generating browser application bundles (phase: building)...[2K[1G[36m‚†¥[39m Generating browser application bundles (phase: sealing)...[2K[1G[32m‚úî[39m Browser application bundle generation complete.
[37m[39m
[37m[0m[1mInitial Chunk Files[22m[2m | [22m[1mNames[22m  [2m | [22m [1mRaw Size[22m[0m[39m
[37m[0m[92mmain.js[39m[37m            [2m | [22mmain   [2m | [22m[96m700.30 kB[39m[37m[2m | [22m[0m[39m
[37m[0m[92mruntime.js[39m[37m         [2m | [22mruntime[2m | [22m  [96m6.52 kB[39m[37m[2m | [22m[0m[39m
[37m[0m[0m[39m
[37m[0m3 unchanged chunks[0m[39m
[37m[0m[0m[39m
[37m[0mBuild at: [1m[37m2023-12-09T16:57:09.792Z[39m[37m[22m - Hash: [1m[37mebe5c454bca0a9e8[39m[37m[22m - Time: [1m[37m1029[39m[37m[22mms[0m[39m
[1m[31m[39m[22m
[1m[31m[0m[91mError: [39m[31m[0m[96mfrontend/app/src/modules/user-profile/components/organism/buttons-actions-change-main-info/buttons-actions-change-main-info.component.html[0m:[93m13[0m:[93m3[0m - [91merror[0m[90m NG8002: [0mCan't bind to 'userNameControl' since it isn't a known property of 'modal-change-user-name'.[39m[22m
[1m[31m1. If 'modal-change-user-name' is an Angular component and it has 'userNameControl' input, then verify that it is included in the '@Component.imports' of this component.[39m[22m
[1m[31m2. If 'modal-change-user-name' is a Web Component then add 'CUSTOM_ELEMENTS_SCHEMA' to the '@Component.schemas' of this component to suppress this message.[39m[22m
[1m[31m3. To allow any property add 'NO_ERRORS_SCHEMA' to the '@Component.schemas' of this component.[39m[22m
[1m[31m[39m[22m
[1m[31m[7m13[0m   [userNameControl]="userNameControl"[39m[22m
[1m[31m[7m  [0m [91m  ~~~~~~~~~~~~~~~~~~~~~~~~~~~~~~~~~~~[0m[39m[22m
[1m[31m[39m[22m
[1m[31m  [96mfrontend/app/src/modules/user-profile/components/organism/buttons-actions-change-main-info/buttons-actions-change-main-info.component.ts[0m:[93m32[0m:[93m16[0m[39m[22m
[1m[31m    [7m32[0m   templateUrl: './buttons-actions-change-main-info.component.html',[39m[22m
[1m[31m    [7m  [0m [96m               ~~~~~~~~~~~~~~~~~~~~~~~~~~~~~~~~~~~~~~~~~~~~~~~~~~~[0m[39m[22m
[1m[31m    Error occurs in the template of component ButtonsActionsChangeMainInfoComponent.[39m[22m
[1m[31m[39m[22m
[1m[31m[39m[22m
[1m[31m[0m[91mError: [39m[31m[0m[96mfrontend/app/src/modules/user-profile/components/organism/buttons-actions-change-main-info/buttons-actions-change-main-info.component.html[0m:[93m16[0m:[93m21[0m - [91merror[0m[90m NG8002: [0mCan't bind to 'emailControl' since it isn't a known property of 'modal-change-email'.[39m[22m
[1m[31m1. If 'modal-change-email' is an Angular component and it has 'emailControl' input, then verify that it is included in the '@Component.imports' of this component.[39m[22m
[1m[31m2. If 'modal-change-email' is a Web Component then add 'CUSTOM_ELEMENTS_SCHEMA' to the '@Component.schemas' of this component to suppress this message.[39m[22m
[1m[31m3. To allow any property add 'NO_ERRORS_SCHEMA' to the '@Component.schem[39m[22m[1m[31mas' of this component.[39m[22m
[1m[31m[39m[22m
[1m[31m[7m16[0m <modal-change-email [emailControl]="emailNameControl"></modal-change-email>[39m[22m
[1m[31m[7m  [0m [91m                    ~~~~~~~~~~~~~~~~~~~~~~~~~~~~~~~~~[0m[39m[22m
[1m[31m[39m[22m
[1m[31m  [96mfrontend/app/src/modules/user-profile/components/organism/buttons-actions-change-main-info/buttons-actions-change-main-info.component.ts[0m:[93m32[0m:[93m16[0m[39m[22m
[1m[31m    [7m32[0m   templateUrl: './buttons-actions-change-main-info.component.html',[39m[22m
[1m[31m    [7m  [0m [96m               ~~~~~~~~~~~~~~~~~~~~~~~~~~~~~~~~~~~~~~~~~~~~~~~~~~~[0m[39m[22m
[1m[31m    Error occurs in the template of component ButtonsActionsChangeMainInfoComponent.[39m[22m
[1m[31m[39m[22m
[1m[31m[39m[22m
[1m[31m[0m[91mError: [39m[31m[0m[96mfrontend/app/src/modules/user-profile/components/organism/buttons-actions-change-main-info/buttons-actions-change-main-info.component.html[0m:[93m16[0m:[93m37[0m - [91merror[0m[90m TS2551: [0mProperty 'emailNameControl' does not exist on type 'ButtonsActionsChangeMainInfoComponent'. Did you mean 'emailControl'?[39m[22m
[1m[31m[39m[22m
[1m[31m[7m16[0m <modal-change-email [emailControl]="emailNameControl"></modal-change-email>[39m[22m
[1m[31m[7m  [0m [91m                                    ~~~~~~~~~~~~~~~~[0m[39m[22m
[1m[31m[39m[22m
[1m[31m  [96mfrontend/app/src/modules/user-profile/components/organism/buttons-actions-change-main-info/buttons-actions-change-main-info.component.ts[0m:[93m32[0m:[93m16[0m[39m[22m
[1m[31m    [7m32[0m   templateUrl: './buttons-actions-change-main-info.component.html',[39m[22m
[1m[31m    [7m  [0m [96m               ~~~~~~~~~~~~~~~~~~~~~~~~~~~~~~~~~~~~~~~~~~~~~~~~~~~[0m[39m[22m
[1m[31m    Error occurs in the template of component ButtonsActionsChangeMainInfoComponent.[39m[22m
[1m[31m[39m[22m
[1m[31m[39m[22m
[1m[31m[0m[91mError: [39m[31m[0m[96mfrontend/app/src/modules/user-profile/components/organism/buttons-actions-change-main-info/buttons-actions-change-main-info.component.html[0m:[93m19[0m:[93m3[0m - [91merror[0m[90m NG8002: [0mCan't bind to 'passwordControl' since it isn't a known property of 'modal-change-password'.[39m[22m
[1m[31m1. If 'modal-change-password' is an Angular component and it has 'passwordControl' input, then[39m[22m[1m[31m verify that it is included in the '@Component.imports' of this component.[39m[22m
[1m[31m2. If 'modal-change-password' is a Web Component then add 'CUSTOM_ELEMENTS_SCHEMA' to the '@Component.schemas' of this component to suppress this message.[39m[22m
[1m[31m3. To allow any property add 'NO_ERRORS_SCHEMA' to the '@Component.schemas' of this component.[39m[22m
[1m[31m[39m[22m
[1m[31m[7m19[0m   [passwordControl]="passwordControl"[39m[22m
[1m[31m[7m  [0m [91m  ~~~~~~~~~~~~~~~~~~~~~~~~~~~~~~~~~~~[0m[39m[22m
[1m[31m[39m[22m
[1m[31m  [96mfrontend/app/src/modules/user-profile/components/organism/buttons-actions-change-main-info/buttons-actions-change-main-info.component.ts[0m:[93m32[0m:[93m16[0m[39m[22m
[1m[31m    [7m32[0m   templateUrl: './buttons-actions-change-main-info.component.html',[39m[22m
[1m[31m    [7m  [0m [96m               ~~~~~~~~~~~~~~~~~~~~~~~~~~~~~~~~~~~~~~~~~~~~~~~~~~~[0m[39m[22m
[1m[31m    Error occurs in the template of component ButtonsActionsChangeMainInfoComponent.[39m[22m
[1m[31m[39m[22m
[1m[31m[39m[22m
[1m[31m[39m[22m
[37m[39m
[37m[91m√ó[39m[37m Failed to compile.[39m
[36m‚†ã[39m Generating browser application bundles...[2K[1G[36m‚†ô[39m Generating browser application bundles (phase: building)...[2K[1G[36m‚†π[39m Generating browser application bundles (phase: building)...[2K[1G[36m‚†∏[39m Generating browser application bundles (phase: building)...[2K[1G[36m‚†º[39m Generating browser application bundles (phase: building)...[2K[1G[32m‚úî[39m Browser application bundle generation complete.
[37m[39m
[37m[0m[1mInitial Chunk Files[22m[2m | [22m[1mNames[22m  [2m | [22m [1mRaw Size[22m[0m[39m
[37m[0m[92mmain.js[39m[37m            [2m | [22mmain   [2m | [22m[96m700.36 kB[39m[37m[2m | [22m[0m[39m
[37m[0m[92mruntime.js[39m[37m         [2m | [22mruntime[2m | [22m  [96m6.52 kB[39m[37m[2m | [22m[0m[39m
[37m[0m[0m[39m
[37m[0m3 unchanged chunks[0m[39m
[37m[0m[0m[39m
[37m[0mBuild at: [1m[37m2023-12-09T16:57:32.199Z[39m[37m[22m - Hash: [1m[37m1bd3580d999de5d9[39m[37m[22m - Time: [1m[37m1245[39m[37m[22mms[0m[39m
[1m[31m[39m[22m
[1m[31m[0m[91mError: [39m[31m[0m[96mfrontend/app/src/modules/user-profile/components/organism/buttons-actions-change-main-info/buttons-actions-change-main-info.component.html[0m:[93m16[0m:[93m21[0m - [91merror[0m[90m NG8002: [0mCan't bind to 'emailControl' since it isn't a known property of 'modal-change-email'.[39m[22m
[1m[31m1. If 'modal-change-email' is an Angular component and it has 'emailControl' input, then verify that it is included in the '@Component.imports' of this component.[39m[22m
[1m[31m2. If 'modal-change-email' is a Web Component then add 'CUSTOM_ELEMENTS_SCHEMA' to the '@Component.schemas' of this component to suppress this message.[39m[22m
[1m[31m3. To allow any property add 'NO_ERRORS_SCHEMA' to the '@Component.schemas' of this component.[39m[22m
[1m[31m[39m[22m
[1m[31m[7m16[0m <modal-change-email [emailControl]="emailNameControl"></modal-change-email>[39m[22m
[1m[31m[7m  [0m [91m                    ~~~~~~~~~~~~~~~~~~~~~~~~~~~~~~~~~[0m[39m[22m
[1m[31m[39m[22m
[1m[31m  [96mfrontend/app/src/modules/user-profile/components/organism/buttons-actions-change-main-info/buttons-actions-change-main-info.component.ts[0m:[93m32[0m:[93m16[0m[39m[22m
[1m[31m    [7m32[0m   templateUrl: './buttons-actions-change-main-info.component.html',[39m[22m
[1m[31m    [7m  [0m [96m               ~~~~~~~~~~~~~~~~~~~~~~~~~~~~~~~~~~~~~~~~~~~~~~~~~~~[0m[39m[22m
[1m[31m    Error occurs in the template of component ButtonsActionsChangeMainInfoComponent.[39m[22m
[1m[31m[39m[22m
[1m[31m[39m[22m
[1m[31m[0m[91mError: [39m[31m[0m[96mfrontend/app/src/modules/user-profile/components/organism/buttons-actions-change-main-info/buttons-actions-change-main-info.component.html[0m:[93m16[0m:[93m37[0m - [91merror[0m[90m TS2551: [0mProperty 'emailNameControl' does not exist on type 'ButtonsActionsChangeMainInfoComponent'. Did you mean 'emailControl'?[39m[22m
[1m[31m[39m[22m
[1m[31m[7m16[0m <modal-change-email [emailControl]="emailNameControl"></modal-change-email>[39m[22m
[1m[31m[7m  [0m [91m                                    ~~~~~~~~~~~~~~~~[0m[39m[22m
[1m[31m[39m[22m
[1m[31m  [96mfrontend/app/src/modules/user-profile/components/organism/buttons-actions-change-main-info/buttons-actions-change-main-info.component.ts[0m:[39m[22m[1m[31m[93m32[0m:[93m16[0m[39m[22m
[1m[31m    [7m32[0m   templateUrl: './buttons-actions-change-main-info.component.html',[39m[22m
[1m[31m    [7m  [0m [96m               ~~~~~~~~~~~~~~~~~~~~~~~~~~~~~~~~~~~~~~~~~~~~~~~~~~~[0m[39m[22m
[1m[31m    Error occurs in the template of component ButtonsActionsChangeMainInfoComponent.[39m[22m
[1m[31m[39m[22m
[1m[31m[39m[22m
[1m[31m[0m[91mError: [39m[31m[0m[96mfrontend/app/src/modules/user-profile/components/organism/buttons-actions-change-main-info/buttons-actions-change-main-info.component.html[0m:[93m19[0m:[93m3[0m - [91merror[0m[90m NG8002: [0mCan't bind to 'passwordControl' since it isn't a known property of 'modal-change-password'.[39m[22m
[1m[31m1. If 'modal-change-password' is an Angular component and it has 'passwordControl' input, then verify that it is included in the '@Component.imports' of this component.[39m[22m
[1m[31m2. If 'modal-change-password' is a Web Component then add 'CUSTOM_ELEMENTS_SCHEMA' to the '@Component.schemas' of this component to suppress this message.[39m[22m
[1m[31m3. To allow any property add 'NO_ERRORS_SCHEMA' to the '@Component.schemas' of this component.[39m[22m
[1m[31m[39m[22m
[1m[31m[7m19[0m   [passwordControl]="passwordControl"[39m[22m
[1m[31m[7m  [0m [91m  ~~~~~~~~~~~~~~~~~~~~~~~~~~~~~~~~~~~[0m[39m[22m
[1m[31m[39m[22m
[1m[31m  [96mfrontend/app/src/modules/user-profile/components/organism/buttons-actions-change-main-info/buttons-actions-change-main-info.component.ts[0m:[93m32[0m:[93m16[0m[39m[22m
[1m[31m    [7m32[0m   templateUrl: './buttons-actions-change-main-info.component.html',[39m[22m
[1m[31m    [7m  [0m [96m               ~~~~~~~~~~~~~~~~~~~~~~~~~~~~~~~~~~~~~~~~~~~~~~~~~~~[0m[39m[22m
[1m[31m    Error occurs in the template of component ButtonsActionsChangeMainInfoComponent.[39m[22m
[1m[31m[39m[22m
[1m[31m[39m[22m
[1m[31m[39m[22m
[37m[39m
[37m[91m√ó[39m[37m Failed to compile.[39m
[36m‚†ã[39m Generating browser application bundles...[2K[1G[36m‚†ô[39m Generating browser application bundles (phase: building)...[2K[1G[36m‚†π[39m Generating browser application bundles (phase: building)...[2K[1G[36m‚†∏[39m Generating browser application bundles (phase: building)...[2K[1G[36m‚†º[39m Generating browser application bundles (phase: building)...[2K[1G[36m‚†¥[39m Generating browser application bundles (phase: sealing)...[2K[1G[32m‚úî[39m Browser application bundle generation complete.
[37m[39m
[37m[0m[1mInitial Chunk Files[22m[2m | [22m[1mNames[22m  [2m | [22m [1mRaw Size[22m[0m[39m
[37m[0m[92mmain.js[39m[37m            [2m | [22mmain   [2m | [22m[96m700.42 kB[39m[37m[2m | [22m[0m[39m
[37m[0m[92mruntime.js[39m[37m         [2m | [22mruntime[2m | [22m  [96m6.52 kB[39m[37m[2m | [22m[0m[39m
[37m[0m[0m[39m
[37m[0m3 unchanged chunks[0m[39m
[37m[0m[0m[39m
[37m[0mBuild at: [1m[37m2023-12-09T16:58:03.200Z[39m[37m[22m - Hash: [1m[37meeb041555c15aae6[39m[37m[22m - Time: [1m[37m1277[39m[37m[22mms[0m[39m
[1m[31m[39m[22m
[1m[31m[0m[91mError: [39m[31m[0m[96mfrontend/app/src/modules/user-profile/components/organism/buttons-actions-change-main-info/buttons-actions-change-main-info.component.html[0m:[93m16[0m:[93m21[0m - [91merror[0m[90m NG8002: [0mCan't bind to 'emailControl' since it isn't a known property of 'modal-change-email'.[39m[22m
[1m[31m1. If 'modal-change-email' is an Angular component and it has 'emailControl' input, then verify that it is included in the '@Component.imports' of this component.[39m[22m
[1m[31m2. If 'modal-change-email' is a Web Component then add 'CUSTOM_ELEMENTS_SCHEMA' to the '@Component.schemas' of this component to suppress this message.[39m[22m
[1m[31m3. To allow any property add 'NO_ERRORS_SCHEMA' to the '@Component.schemas' of this component.[39m[22m
[1m[31m[39m[22m
[1m[31m[7m16[0m <modal-change-email [emailControl]="emailNameControl"></modal-change-email>[39m[22m
[1m[31m[7m  [0m [91m                    ~~~~~~~~~~~~~~~~~~~~~~~~~~~~~~~~~[0m[39m[22m
[1m[31m[39m[22m
[1m[31m  [96mfrontend/app/src/modules/user-profile/components/organism/buttons-actions-change-main-info/buttons-actions-change-main-info.component.ts[0m:[93m32[0m:[93m16[0m[39m[22m
[1m[31m    [7m32[0m   templateUrl: './buttons-actions-change-main-info.component.html',[39m[22m
[1m[31m    [7m  [0m [96m               ~~~~~~~~~~~~~~~~~~~~~~~~~~~~~~~~~~~~~~~~~~~~~~~~~~~[0m[39m[22m
[1m[31m    Error occurs in the template of component ButtonsActionsChangeMainInfoComponent.[39m[22m
[1m[31m[39m[22m
[1m[31m[39m[22m
[1m[31m[0m[91mError: [39m[31m[0m[96mfrontend/app/src/modules/user-profile/components/organism/buttons-actions-change-main-info/buttons-actions-change-main-info.component.html[0m:[93m16[0m:[93m37[0m - [91merror[0m[90m TS2551: [0mProperty 'emailNameControl' does not exist on type 'ButtonsActionsChangeMainInfoComponent'. Did you mean 'emailControl'?[39m[22m
[1m[31m[39m[22m
[1m[31m[7m16[0m <modal-change-email [emailControl]="emailNameControl"></modal-change-email>[39m[22m
[1m[31m[7m  [0m [91m                                    ~~~~~~~~~~~~~~~~[0m[39m[22m
[1m[31m[39m[22m
[1m[31m  [96mfrontend/app/src/modules/user-profile/components/organism/buttons-actions-change-main-info/buttons-actions-change-main-info.component.ts[0m:[39m[22m[1m[31m[93m32[0m:[93m16[0m[39m[22m
[1m[31m    [7m32[0m   templateUrl: './buttons-actions-change-main-info.component.html',[39m[22m
[1m[31m    [7m  [0m [96m               ~~~~~~~~~~~~~~~~~~~~~~~~~~~~~~~~~~~~~~~~~~~~~~~~~~~[0m[39m[22m
[1m[31m    Error occurs in the template of component ButtonsActionsChangeMainInfoComponent.[39m[22m
[1m[31m[39m[22m
[1m[31m[39m[22m
[1m[31m[39m[22m
[37m[39m
[37m[91m√ó[39m[37m Failed to compile.[39m
[36m‚†ã[39m Generating browser application bundles...[2K[1G[36m‚†ô[39m Generating browser application bundles (phase: building)...[2K[1G[36m‚†π[39m Generating browser application bundles (phase: building)...[2K[1G[36m‚†∏[39m Generating browser application bundles (phase: building)...[2K[1G[36m‚†º[39m Generating browser application bundles (phase: building)...[2K[1G[32m‚úî[39m Browser application bundle generation complete.
[37m[39m
[37m[0m[1mInitial Chunk Files[22m[2m | [22m[1mNames[22m  [2m | [22m [1mRaw Size[22m[0m[39m
[37m[0m[92mmain.js[39m[37m            [2m | [22mmain   [2m | [22m[96m700.48 kB[39m[37m[2m | [22m[0m[39m
[37m[0m[92mruntime.js[39m[37m         [2m | [22mruntime[2m | [22m  [96m6.52 kB[39m[37m[2m | [22m[0m[39m
[37m[0m[0m[39m
[37m[0m3 unchanged chunks[0m[39m
[37m[0m[0m[39m
[37m[0mBuild at: [1m[37m2023-12-09T16:58:17.377Z[39m[37m[22m - Hash: [1m[37md475e11e514fdd12[39m[37m[22m - Time: [1m[37m1187[39m[37m[22mms[0m[39m
[1m[31m[39m[22m
[1m[31m[0m[91mError: [39m[31m[0m[96mfrontend/app/src/modules/user-profile/components/organism/buttons-actions-change-main-info/buttons-actions-change-main-info.component.html[0m:[93m16[0m:[93m37[0m - [91merror[0m[90m TS2551: [0mProperty 'emailNameControl' does not exist on type 'ButtonsActionsChangeMainInfoComponent'. Did you mean 'emailControl'?[39m[22m
[1m[31m[39m[22m
[1m[31m[7m16[0m <modal-change-email [emailControl]="emailNameControl"></modal-change-email>[39m[22m
[1m[31m[7m  [0m [91m                                    ~~~~~~~~~~~~~~~~[0m[39m[22m
[1m[31m[39m[22m
[1m[31m  [96mfrontend/app/src/modules/user-profile/components/organism/buttons-actions-change-main-info/buttons-actions-change-main-info.component.ts[0m:[93m32[0m:[93m16[0m[39m[22m
[1m[31m    [7m32[0m   templateUrl: './buttons-actions-change-main-info.component.html',[39m[22m
[1m[31m    [7m  [0m [96m               ~~~~~~~~~~~~~~~~~~~~~~~~~~~~~~~~~~~~~~~~~~~~~~~~~~~[0m[39m[22m
[1m[31m    Error occurs in the template of component ButtonsActionsChangeMainInfoComponent.[39m[22m
[1m[31m[39m[22m
[1m[31m[39m[22m
[1m[31m[39m[22m
[37m[39m
[37m[91m√ó[39m[37m Failed to compile.[39m
[36m‚†ã[39m Generating browser application bundles...[2K[1G[36m‚†ô[39m Generating browser application bundles (phase: building)...[2K[1G[36m‚†π[39m Generating browser application bundles (phase: building)...[2K[1G[36m‚†∏[39m Generating browser application bundles (phase: building)...[2K[1G[36m‚†º[39m Generating browser application bundles (phase: building)...[2K[1G[36m‚†¥[39m Generating browser application bundles (phase: emitting)...[2K[1G[32m‚úî[39m Browser application bundle generation complete.
[37m[39m
[37m[0m[1mInitial Chunk Files[22m[2m | [22m[1mNames[22m  [2m | [22m [1mRaw Size[22m[0m[39m
[37m[0m[92mmain.js[39m[37m            [2m | [22mmain   [2m | [22m[96m700.48 kB[39m[37m[2m | [22m[0m[39m
[37m[0m[92mruntime.js[39m[37m         [2m | [22mruntime[2m | [22m  [96m6.52 kB[39m[37m[2m | [22m[0m[39m
[37m[0m[0m[39m
[37m[0m3 unchanged chunks[0m[39m
[37m[0m[0m[39m
[37m[0mBuild at: [1m[37m2023-12-09T16:58:41.026Z[39m[37m[22m - Hash: [1m[37m54b9fd28c9144741[39m[37m[22m - Time: [1m[37m992[39m[37m[22mms[0m[39m
[37m[39m
[37m[92m‚àö[39m[37m Compiled successfully.[39m
[36m‚†ã[39m Generating browser application bundles...[2K[1G[36m‚†ô[39m Generating browser application bundles (phase: building)...[2K[1G[36m‚†π[39m Generating browser application bundles (phase: building)...[2K[1G[36m‚†∏[39m Generating browser application bundles (phase: building)...[2K[1G[36m‚†º[39m Generating browser application bundles (phase: building)...[2K[1G[32m‚úî[39m Browser application bundle generation complete.
[37m[39m
[37m[0m[1mInitial Chunk Files[22m[2m | [22m[1mNames[22m  [2m | [22m [1mRaw Size[22m[0m[39m
[37m[0m[92mmain.js[39m[37m            [2m | [22mmain   [2m | [22m[96m700.96 kB[39m[37m[2m | [22m[0m[39m
[37m[0m[92mruntime.js[39m[37m         [2m | [22mruntime[2m | [22m  [96m6.52 kB[39m[37m[2m | [22m[0m[39m
[37m[0m[0m[39m
[37m[0m3 unchanged chunks[0m[39m
[37m[0m[0m[39m
[37m[0mBuild at: [1m[37m2023-12-09T17:05:36.831Z[39m[37m[22m - Hash: [1m[37m0929f801d61cfb02[39m[37m[22m - Time: [1m[37m1233[39m[37m[22mms[0m[39m
[1m[31m[39m[22m
[1m[31m[0m[91mError: [39m[31m[0m[96mfrontend/app/src/modules/user-profile/components/organism/main-info/main-info.component.ts[0m:[93m104[0m:[93m9[0m - [91merror[0m[90m TS2322: [0mType 'FormControl<{ userNamel: FormControl<string>; pass: FormControl<string>; }>' is not assignable to type 'FormControl<IUserName>'.[39m[22m
[1m[31m  Property 'userName' is missing in type '{ userNamel: FormControl<string>; pass: FormControl<string>; }' but required in type 'IUserName'.[39m[22m
[1m[31m[39m[22m
[1m[31m[7m104[0m         changeUserName: this.formBuilder.control({[39m[22m
[1m[31m[7m   [0m [91m        ~~~~~~~~~~~~~~[0m[39m[22m
[1m[31m[39m[22m
[1m[31m  [96mfrontend/app/src/modules/user-profile/components/organism/main-info/main-info.component.ts[0m:[93m30[0m:[93m3[0m[39m[22m
[1m[31m    [7m30[0m   userName: FormControl<string>;[39m[22m
[1m[31m    [7m  [0m [96m  ~~~~~~~~[0m[39m[22m
[1m[31m    'userName' is declared here.[39m[22m
[1m[31m  [96mfrontend/app/src/modules/user-profile/components/organism/main-info/main-info.component.ts[0m:[93m48[0m:[93m3[0m[39m[22m
[1m[31m    [7m48[0m   changeUserName: FormControl<IUserName>;[39m[22m
[1m[31m    [7m  [0m [96m  ~~~~~~~~~~~~~~[0m[39m[22m
[1m[31m    The expected type comes from property 'changeUserName' which is declared here on type 'IFormPartialPersonalInformation'[39m[22m
[1m[31m[39m[22m
[1m[31m[39m[22m
[1m[31m[39m[22m
[37m[39m
[37m[91m√ó[39m[37m Failed to compile.[39m
[36m‚†ã[39m Generating browser application bundles...[2K[1G[36m‚†ô[39m Generating browser application bundles (phase: building)...[2K[1G[36m‚†π[39m Generating browser application bundles (phase: building)...[2K[1G[36m‚†∏[39m Generating browser application bundles (phase: building)...[2K[1G[36m‚†º[39m Generating browser application bundles (phase: sealing)...[2K[1G[32m‚úî[39m Browser application bundle generation complete.
[37m[39m
[37m[0m[1mInitial Chunk Files[22m[2m | [22m[1mNames[22m  [2m | [22m [1mRaw Size[22m[0m[39m
[37m[0m[92mmain.js[39m[37m            [2m | [22mmain   [2m | [22m[96m700.96 kB[39m[37m[2m | [22m[0m[39m
[37m[0m[92mruntime.js[39m[37m         [2m | [22mruntime[2m | [22m  [96m6.52 kB[39m[37m[2m | [22m[0m[39m
[37m[0m[0m[39m
[37m[0m3 unchanged chunks[0m[39m
[37m[0m[0m[39m
[37m[0mBuild at: [1m[37m2023-12-09T17:06:49.889Z[39m[37m[22m - Hash: [1m[37mae2ecf2a4f07087c[39m[37m[22m - Time: [1m[37m938[39m[37m[22mms[0m[39m
[1m[31m[39m[22m
[1m[31m[0m[91mError: [39m[31m[0m[96mfrontend/app/src/modules/user-profile/components/organism/main-info/main-info.component.ts[0m:[93m104[0m:[93m9[0m - [91merror[0m[90m TS2322: [0mType 'FormControl<{ userNamel: FormControl<string>; pass: FormControl<string>; }>' is not assignable to type 'FormControl<IUserName>'.[39m[22m
[1m[31m  Property 'userName' is missing in type '{ userNamel: FormControl<string>; pass: FormControl<string>; }' but required in type 'IUserName'.[39m[22m
[1m[31m[39m[22m
[1m[31m[7m104[0m         changeUserName: this.formBuilder.control({[39m[22m
[1m[31m[7m   [0m [91m        ~~~~~~~~~~~~~~[0m[39m[22m
[1m[31m[39m[22m
[1m[31m  [96mfrontend/app/src/modules/user-profile/components/organism/main-info/main-info.component.ts[0m:[93m30[0m:[93m3[0m[39m[22m
[1m[31m    [7m30[0m   userName: FormControl<string>;[39m[22m
[1m[31m    [7m  [0m [96m  ~~~~~~~~[0m[39m[22m
[1m[31m    'userName' is declared here.[39m[22m
[1m[31m  [96mfrontend/app/src/modules/user-profile/components/organism/main-info/main-info.component.ts[0m:[93m48[0m:[93m3[0m[39m[22m
[1m[31m    [7m48[0m   changeUserName: FormControl<IUserName>;[39m[22m
[1m[31m    [7m  [0m [96m  ~~~~~~~~~~~~~~[0m[39m[22m
[1m[31m    The expected type comes from property 'changeUserName' which is declared here on type 'IFormPartialPersonalInformation'[39m[22m
[1m[31m[39m[22m
[1m[31m[39m[22m
[1m[31m[39m[22m
[37m[39m
[37m[91m√ó[39m[37m Failed to compile.[39m
[36m‚†ã[39m Generating browser application bundles...[2K[1G[36m‚†ô[39m Generating browser application bundles (phase: building)...[2K[1G[36m‚†π[39m Generating browser application bundles (phase: building)...[2K[1G[36m‚†∏[39m Generating browser application bundles (phase: building)...[2K[1G[36m‚†º[39m Generating browser application bundles (phase: emitting)...[2K[1G[32m‚úî[39m Browser application bundle generation complete.
[37m[39m
[37m[0m[1mInitial Chunk Files[22m[2m | [22m[1mNames[22m  [2m | [22m [1mRaw Size[22m[0m[39m
[37m[0m[92mmain.js[39m[37m            [2m | [22mmain   [2m | [22m[96m700.96 kB[39m[37m[2m | [22m[0m[39m
[37m[0m[92mruntime.js[39m[37m         [2m | [22mruntime[2m | [22m  [96m6.52 kB[39m[37m[2m | [22m[0m[39m
[37m[0m[0m[39m
[37m[0m3 unchanged chunks[0m[39m
[37m[0m[0m[39m
[37m[0mBuild at: [1m[37m2023-12-09T17:09:47.434Z[39m[37m[22m - Hash: [1m[37mc864d9f3814e6e6d[39m[37m[22m - Time: [1m[37m914[39m[37m[22mms[0m[39m
[37m[39m
[37m[92m‚àö[39m[37m Compiled successfully.[39m
[36m‚†ã[39m Generating browser application bundles...[2K[1G[36m‚†ô[39m Generating browser application bundles (phase: building)...[2K[1G[36m‚†π[39m Generating browser application bundles (phase: building)...[2K[1G[36m‚†∏[39m Generating browser application bundles (phase: building)...[2K[1G[36m‚†º[39m Generating browser application bundles (phase: building)...[2K[1G[36m‚†¥[39m Generating browser application bundles (phase: building)...[2K[1G[36m‚†¶[39m Generating browser application bundles (phase: sealing)...[2K[1G[36m‚†ß[39m Generating browser application bundles (phase: emitting)...[2K[1G[32m‚úî[39m Browser application bundle generation complete.
[37m[39m
[37m[0m[1mInitial Chunk Files[22m[2m | [22m[1mNames[22m  [2m | [22m [1mRaw Size[22m[0m[39m
[37m[0m[92mmain.js[39m[37m            [2m | [22mmain   [2m | [22m[96m700.99 kB[39m[37m[2m | [22m[0m[39m
[37m[0m[92mruntime.js[39m[37m         [2m | [22mruntime[2m | [22m  [96m6.52 kB[39m[37m[2m | [22m[0m[39m
[37m[0m[0m[39m
[37m[0m3 unchanged chunks[0m[39m
[37m[0m[0m[39m
[37m[0mBuild at: [1m[37m2023-12-09T17:48:50.198Z[39m[37m[22m - Hash: [1m[37m7f53038dc94c512d[39m[37m[22m - Time: [1m[37m1211[39m[37m[22mms[0m[39m
[37m[39m
[37m[92m‚àö[39m[37m Compiled successfully.[39m
[36m‚†ã[39m Generating browser application bundles...[2K[1G[36m‚†ô[39m Generating browser application bundles (phase: building)...[2K[1G[36m‚†π[39m Generating browser application bundles (phase: building)...[2K[1G[36m‚†∏[39m Generating browser application bundles (phase: emitting)...[2K[1G[32m‚úî[39m Browser application bundle generation complete.
[37m[39m
[37m[0m5 unchanged chunks[0m[39m
[37m[0m[0m[39m
[37m[0mBuild at: [1m[37m2023-12-09T17:48:50.815Z[39m[37m[22m - Hash: [1m[37m7f53038dc94c512d[39m[37m[22m - Time: [1m[37m539[39m[37m[22mms[0m[39m
[37m[39m
[37m[92m‚àö[39m[37m Compiled successfully.[39m
[36m‚†ã[39m Generating browser application bundles...[2K[1G[36m‚†ô[39m Generating browser application bundles (phase: building)...[2K[1G[36m‚†π[39m Generating browser application bundles (phase: building)...[2K[1G[36m‚†∏[39m Generating browser application bundles (phase: building)...[2K[1G[36m‚†º[39m Generating browser application bundles (phase: building)...[2K[1G[36m‚†¥[39m Generating browser application bundles (phase: sealing)...[2K[1G[32m‚úî[39m Browser application bundle generation complete.
[37m[39m
[37m[0m[1mInitial Chunk Files[22m[2m | [22m[1mNames[22m  [2m | [22m [1mRaw Size[22m[0m[39m
[37m[0m[92mmain.js[39m[37m            [2m | [22mmain   [2m | [22m[96m700.97 kB[39m[37m[2m | [22m[0m[39m
[37m[0m[92mruntime.js[39m[37m         [2m | [22mruntime[2m | [22m  [96m6.52 kB[39m[37m[2m | [22m[0m[39m
[37m[0m[0m[39m
[37m[0m3 unchanged chunks[0m[39m
[37m[0m[0m[39m
[37m[0mBuild at: [1m[37m2023-12-09T17:54:30.845Z[39m[37m[22m - Hash: [1m[37m8d2621bdda40b5b4[39m[37m[22m - Time: [1m[37m1151[39m[37m[22mms[0m[39m
[1m[31m[39m[22m
[1m[31m[0m[91mError: [39m[31m[0m[96mfrontend/app/src/modules/user-profile/components/organism/main-info/main-info.component.html[0m:[93m33[0m:[93m8[0m - [91merror[0m[90m TS2739: [0mType 'FormGroup<any>' is missing the following properties from type 'FormControl<any>': defaultValue, registerOnChange, registerOnDisabledChange[39m[22m
[1m[31m[39m[22m
[1m[31m[7m33[0m       [userNameControl]="userNameControl"[39m[22m
[1m[31m[7m  [0m [91m       ~~~~~~~~~~~~~~~[0m[39m[22m
[1m[31m[39m[22m
[1m[31m  [96mfrontend/app/src/modules/user-profile/components/organism/main-info/main-info.component.ts[0m:[93m67[0m:[93m16[0m[39m[22m
[1m[31m    [7m67[0m   templateUrl: './main-info.component.html',[39m[22m
[1m[31m    [7m  [0m [96m               ~~~~~~~~~~~~~~~~~~~~~~~~~~~~[0m[39m[22m
[1m[31m    Error occurs in the template of component MainInfoComponent.[39m[22m
[1m[31m[39m[22m
[1m[31m[39m[22m
[1m[31m[0m[91mError: [39m[31m[0m[96mfrontend/app/src/modules/user-profile/components/organism/main-info/main-info.component.html[0m:[93m34[0m:[93m8[0m - [91merror[0m[90m TS2322: [0mType 'FormGroup<any>' is not assignable to type 'FormControl<any>'.[39m[22m
[1m[31m[39m[22m
[1m[31m[7m34[0m       [emailControl]="emailControl"[39m[22m
[1m[31m[7m  [0m [91m       ~~~~~~~~~~~~[0m[39m[22m
[1m[31m[39m[22m
[1m[31m  [96mfrontend/app/src/modules/user-profile/components/organism/main-info/main-info.component.ts[0m:[93m67[0m:[93m16[0m[39m[22m
[1m[31m    [7m67[0m   templateUrl: './main-info.component.html',[39m[22m
[1m[31m    [7m  [0m [96m               ~~~~~~~~~~~~~~~~~~~~~~~~~~~~[0m[39m[22m
[1m[31m    Error occurs in the template of component MainInfoComponent.[39m[22m
[1m[31m[39m[22m
[1m[31m[39m[22m
[1m[31m[0m[91mError: [39m[31m[0m[96mfrontend/app/src/modules/user-profile/components/organism/main-info/main-info.component.html[0m:[93m35[0m:[93m8[0m - [91merror[0m[90m TS2322: [0mType 'FormGroup<any>' is not assignable to type 'FormControl<any>'.[39m[22m
[1m[31m[39m[22m
[1m[31m[7m35[0m       [passwordControl]="passwordControl"[39m[22m
[1m[31m[7m  [0m [91m       ~~~~~~~~~~~~~~~[0m[39m[22m
[1m[31m[39m[22m
[1m[31m  [96mfrontend/app/src/modules/user-profile/components/organism/main-info/main-info.component.ts[0m:[93m67[0m:[93m16[0m[39m[22m
[1m[31m    [7m67[0m   templateUrl: './main-info.component.html',[39m[22m
[1m[31m    [7m  [0m [96m        [39m[22m[1m[31m       ~~~~~~~~~~~~~~~~~~~~~~~~~~~~[0m[39m[22m
[1m[31m    Error occurs in the template of component MainInfoComponent.[39m[22m
[1m[31m[39m[22m
[1m[31m[39m[22m
[1m[31m[39m[22m
[37m[39m
[37m[91m√ó[39m[37m Failed to compile.[39m
[36m‚†ã[39m Generating browser application bundles...[2K[1G[36m‚†ô[39m Generating browser application bundles (phase: building)...[2K[1G[36m‚†π[39m Generating browser application bundles (phase: building)...[2K[1G[36m‚†∏[39m Generating browser application bundles (phase: building)...[2K[1G[32m‚úî[39m Browser application bundle generation complete.
[37m[39m
[37m[0m[1mInitial Chunk Files[22m[2m | [22m[1mNames[22m  [2m | [22m [1mRaw Size[22m[0m[39m
[37m[0m[92mmain.js[39m[37m            [2m | [22mmain   [2m | [22m[96m700.97 kB[39m[37m[2m | [22m[0m[39m
[37m[0m[92mruntime.js[39m[37m         [2m | [22mruntime[2m | [22m  [96m6.52 kB[39m[37m[2m | [22m[0m[39m
[37m[0m[0m[39m
[37m[0m3 unchanged chunks[0m[39m
[37m[0m[0m[39m
[37m[0mBuild at: [1m[37m2023-12-09T17:54:48.611Z[39m[37m[22m - Hash: [1m[37m872380d44245d8f0[39m[37m[22m - Time: [1m[37m1018[39m[37m[22mms[0m[39m
[1m[31m[39m[22m
[1m[31m[0m[91mError: [39m[31m[0m[96mfrontend/app/src/modules/user-profile/components/organism/buttons-actions-change-main-info/buttons-actions-change-main-info.component.html[0m:[93m13[0m:[93m4[0m - [91merror[0m[90m TS2739: [0mType 'FormGroup<any>' is missing the following properties from type 'FormControl<any>': defaultValue, registerOnChange, registerOnDisabledChange[39m[22m
[1m[31m[39m[22m
[1m[31m[7m13[0m   [userNameControl]="userNameControl"[39m[22m
[1m[31m[7m  [0m [91m   ~~~~~~~~~~~~~~~[0m[39m[22m
[1m[31m[39m[22m
[1m[31m  [96mfrontend/app/src/modules/user-profile/components/organism/buttons-actions-change-main-info/buttons-actions-change-main-info.component.ts[0m:[93m32[0m:[93m16[0m[39m[22m
[1m[31m    [7m32[0m   templateUrl: './buttons-actions-change-main-info.component.html',[39m[22m
[1m[31m    [7m  [0m [96m               ~~~~~~~~~~~~~~~~~~~~~~~~~~~~~~~~~~~~~~~~~~~~~~~~~~~[0m[39m[22m
[1m[31m    Error occurs in the template of component ButtonsActionsChangeMainInfoComponent.[39m[22m
[1m[31m[39m[22m
[1m[31m[39m[22m
[1m[31m[0m[91mError: [39m[31m[0m[96mfrontend/app/src/modules/user-profile/components/organism/buttons-actions-change-main-info/buttons-actions-change-main-info.component.html[0m:[93m16[0m:[93m22[0m - [91merror[0m[90m TS2322: [0mType 'FormGroup<any>' is not assignable to type 'FormControl<any>'.[39m[22m
[1m[31m[39m[22m
[1m[31m[7m16[0m <modal-change-email [emailControl]="emailControl"></modal-change-email>[39m[22m
[1m[31m[7m  [0m [91m                     ~~~~~~~~~~~~[0m[39m[22m
[1m[31m[39m[22m
[1m[31m  [96mfrontend/app/src/modules/user-profile/components/organism/buttons-actions-change-main-info/buttons-actions-change-main-info.component.ts[0m:[93m32[0m:[93m16[0m[39m[22m
[1m[31m    [7m32[0m   templateUrl: './buttons-actions-change-main-info.component.html',[39m[22m
[1m[31m    [7m  [0m [96m               ~~~~~~~~~~~~~~~~~~~~~~~~~~~~~~~~~~~~~~~~~~~~~~~~~~~[0m[39m[22m
[1m[31m    Error occurs in the template of component ButtonsActionsChangeMainInfoComponent.[39m[22m
[1m[31m[39m[22m
[1m[31m[39m[22m
[1m[31m[0m[91mError: [39m[31m[0m[96mfrontend/app/src/modules/user-profile/components/organism/buttons-actions-change-main-info/buttons-actions-change-main-info.component.html[0m:[93m19[0m:[93m4[0m - [91merror[0m[39m[22m[1m[31m[90m TS2322: [0mType 'FormGroup<any>' is not assignable to type 'FormControl<any>'.[39m[22m
[1m[31m[39m[22m
[1m[31m[7m19[0m   [passwordControl]="passwordControl"[39m[22m
[1m[31m[7m  [0m [91m   ~~~~~~~~~~~~~~~[0m[39m[22m
[1m[31m[39m[22m
[1m[31m  [96mfrontend/app/src/modules/user-profile/components/organism/buttons-actions-change-main-info/buttons-actions-change-main-info.component.ts[0m:[93m32[0m:[93m16[0m[39m[22m
[1m[31m    [7m32[0m   templateUrl: './buttons-actions-change-main-info.component.html',[39m[22m
[1m[31m    [7m  [0m [96m               ~~~~~~~~~~~~~~~~~~~~~~~~~~~~~~~~~~~~~~~~~~~~~~~~~~~[0m[39m[22m
[1m[31m    Error occurs in the template of component ButtonsActionsChangeMainInfoComponent.[39m[22m
[1m[31m[39m[22m
[1m[31m[39m[22m
[1m[31m[39m[22m
[37m[39m
[37m[91m√ó[39m[37m Failed to compile.[39m
[36m‚†ã[39m Generating browser application bundles...[2K[1G[36m‚†ô[39m Generating browser application bundles (phase: building)...[2K[1G[36m‚†π[39m Generating browser application bundles (phase: building)...[2K[1G[36m‚†∏[39m Generating browser application bundles (phase: building)...[2K[1G[36m‚†º[39m Generating browser application bundles (phase: building)...[2K[1G[32m‚úî[39m Browser application bundle generation complete.
[37m[39m
[37m[0m[1mInitial Chunk Files[22m[2m | [22m[1mNames[22m  [2m | [22m [1mRaw Size[22m[0m[39m
[37m[0m[92mmain.js[39m[37m            [2m | [22mmain   [2m | [22m[96m700.97 kB[39m[37m[2m | [22m[0m[39m
[37m[0m[92mruntime.js[39m[37m         [2m | [22mruntime[2m | [22m  [96m6.52 kB[39m[37m[2m | [22m[0m[39m
[37m[0m[0m[39m
[37m[0m3 unchanged chunks[0m[39m
[37m[0m[0m[39m
[37m[0mBuild at: [1m[37m2023-12-09T17:54:59.748Z[39m[37m[22m - Hash: [1m[37mad94922fee53bd8e[39m[37m[22m - Time: [1m[37m1008[39m[37m[22mms[0m[39m
[1m[31m[39m[22m
[1m[31m[0m[91mError: [39m[31m[0m[96mfrontend/app/src/modules/user-profile/components/organism/buttons-actions-change-main-info/buttons-actions-change-main-info.component.html[0m:[93m16[0m:[93m22[0m - [91merror[0m[90m TS2739: [0mType 'FormGroup<any>' is missing the following properties from type 'FormControl<any>': defaultValue, registerOnChange, registerOnDisabledChange[39m[22m
[1m[31m[39m[22m
[1m[31m[7m16[0m <modal-change-email [emailControl]="emailControl"></modal-change-email>[39m[22m
[1m[31m[7m  [0m [91m                     ~~~~~~~~~~~~[0m[39m[22m
[1m[31m[39m[22m
[1m[31m  [96mfrontend/app/src/modules/user-profile/components/organism/buttons-actions-change-main-info/buttons-actions-change-main-info.component.ts[0m:[93m32[0m:[93m16[0m[39m[22m
[1m[31m    [7m32[0m   templateUrl: './buttons-actions-change-main-info.component.html',[39m[22m
[1m[31m    [7m  [0m [96m               ~~~~~~~~~~~~~~~~~~~~~~~~~~~~~~~~~~~~~~~~~~~~~~~~~~~[0m[39m[22m
[1m[31m    Error occurs in the template of component ButtonsActionsChangeMainInfoComponent.[39m[22m
[1m[31m[39m[22m
[1m[31m[39m[22m
[1m[31m[0m[91mError: [39m[31m[0m[96mfrontend/app/src/modules/user-profile/components/organism/buttons-actions-change-main-info/buttons-actions-change-main-info.component.html[0m:[93m19[0m:[93m4[0m - [91merror[0m[90m TS2322: [0mType 'FormGroup<any>' is not assignable to type 'FormControl<any>'.[39m[22m
[1m[31m[39m[22m
[1m[31m[7m19[0m   [passwordControl]="passwordControl"[39m[22m
[1m[31m[7m  [0m [91m   ~~~~~~~~~~~~~~~[0m[39m[22m
[1m[31m[39m[22m
[1m[31m  [96mfrontend/app/src/modules/user-profile/components/organism/buttons-actions-change-main-info/buttons-actions-change-main-info.component.ts[0m:[93m32[0m:[93m16[0m[39m[22m
[1m[31m    [7m32[0m   templateUrl: './buttons-actions-change-main-info.component.html',[39m[22m
[1m[31m    [7m  [0m [96m               ~~~~~~~~~~~~~~~~~~~~~~~~~~~~~~~~~~~~~~~~~~~~~~~~~~~[0m[39m[22m
[1m[31m    Error occurs in the template of component ButtonsActionsChangeMainInfoComponent.[39m[22m
[1m[31m[39m[22m
[1m[31m[39m[22m
[1m[31m[39m[22m
[37m[39m
[37m[91m√ó[39m[37m Failed to compile.[39m
[36m‚†ã[39m Generating browser application bundles...[2K[1G[36m‚†ô[39m Generating browser application bundles (phase: building)...[2K[1G[36m‚†π[39m Generating browser application bundles (phase: building)...[2K[1G[36m‚†∏[39m Generating browser application bundles (phase: building)...[2K[1G[32m‚úî[39m Browser application bundle generation complete.
[37m[39m
[37m[0m[1mInitial Chunk Files[22m[2m | [22m[1mNames[22m  [2m | [22m [1mRaw Size[22m[0m[39m
[37m[0m[92mmain.js[39m[37m            [2m | [22mmain   [2m | [22m[96m700.97 kB[39m[37m[2m | [22m[0m[39m
[37m[0m[92mruntime.js[39m[37m         [2m | [22mruntime[2m | [22m  [96m6.52 kB[39m[37m[2m | [22m[0m[39m
[37m[0m[0m[39m
[37m[0m3 unchanged chunks[0m[39m
[37m[0m[0m[39m
[37m[0mBuild at: [1m[37m2023-12-09T17:55:07.662Z[39m[37m[22m - Hash: [1m[37mce703efdf56a2d32[39m[37m[22m - Time: [1m[37m947[39m[37m[22mms[0m[39m
[1m[31m[39m[22m
[1m[31m[0m[91mError: [39m[31m[0m[96mfrontend/app/src/modules/user-profile/components/organism/buttons-actions-change-main-info/buttons-actions-change-main-info.component.html[0m:[93m16[0m:[93m22[0m - [91merror[0m[90m TS2739: [0mType 'FormGroup<any>' is missing the following properties from type 'FormControl<any>': defaultValue, registerOnChange, registerOnDisabledChange[39m[22m
[1m[31m[39m[22m
[1m[31m[7m16[0m <modal-change-email [emailControl]="emailControl"></modal-change-email>[39m[22m
[1m[31m[7m  [0m [91m                     ~~~~~~~~~~~~[0m[39m[22m
[1m[31m[39m[22m
[1m[31m  [96mfrontend/app/src/modules/user-profile/components/organism/buttons-actions-change-main-info/buttons-actions-change-main-info.component.ts[0m:[93m32[0m:[93m16[0m[39m[22m
[1m[31m    [7m32[0m   templateUrl: './buttons-actions-change-main-info.component.html',[39m[22m
[1m[31m    [7m  [0m [96m               ~~~~~~~~~~~~~~~~~~~~~~~~~~~~~~~~~~~~~~~~~~~~~~~~~~~[0m[39m[22m
[1m[31m    Error occurs in the template of component ButtonsActionsChangeMainInfoComponent.[39m[22m
[1m[31m[39m[22m
[1m[31m[39m[22m
[1m[31m[39m[22m
[37m[39m
[37m[91m√ó[39m[37m Failed to compile.[39m
[36m‚†ã[39m Generating browser application bundles...[2K[1G[36m‚†ô[39m Generating browser application bundles (phase: building)...[2K[1G[36m‚†π[39m Generating browser application bundles (phase: building)...[2K[1G[36m‚†∏[39m Generating browser application bundles (phase: building)...[2K[1G[36m‚†º[39m Generating browser application bundles (phase: building)...[2K[1G[36m‚†¥[39m Generating browser application bundles (phase: sealing)...[2K[1G[36m‚†¶[39m Generating browser application bundles (phase: emitting)...[2K[1G[32m‚úî[39m Browser application bundle generation complete.
[37m[39m
[37m[0m[1mInitial Chunk Files[22m[2m | [22m[1mNames[22m  [2m | [22m [1mRaw Size[22m[0m[39m
[37m[0m[92mmain.js[39m[37m            [2m | [22mmain   [2m | [22m[96m700.97 kB[39m[37m[2m | [22m[0m[39m
[37m[0m[92mruntime.js[39m[37m         [2m | [22mruntime[2m | [22m  [96m6.52 kB[39m[37m[2m | [22m[0m[39m
[37m[0m[0m[39m
[37m[0m3 unchanged chunks[0m[39m
[37m[0m[0m[39m
[37m[0mBuild at: [1m[37m2023-12-09T17:55:19.612Z[39m[37m[22m - Hash: [1m[37m99f1a478a165a8c5[39m[37m[22m - Time: [1m[37m1158[39m[37m[22mms[0m[39m
[37m[39m
[37m[92m‚àö[39m[37m Compiled successfully.[39m
[36m‚†ã[39m Generating browser application bundles...[2K[1G[36m‚†ô[39m Generating browser application bundles (phase: building)...[2K[1G[36m‚†π[39m Generating browser application bundles (phase: building)...[2K[1G[36m‚†∏[39m Generating browser application bundles (phase: building)...[2K[1G[36m‚†º[39m Generating browser application bundles (phase: building)...[2K[1G[36m‚†¥[39m Generating browser application bundles (phase: sealing)...[2K[1G[36m‚†¶[39m Generating browser application bundles (phase: emitting)...[2K[1G[32m‚úî[39m Browser application bundle generation complete.
[37m[39m
[37m[0m[1mInitial Chunk Files[22m[2m | [22m[1mNames[22m  [2m | [22m [1mRaw Size[22m[0m[39m
[37m[0m[92mmain.js[39m[37m            [2m | [22mmain   [2m | [22m[96m700.97 kB[39m[37m[2m | [22m[0m[39m
[37m[0m[92mruntime.js[39m[37m         [2m | [22mruntime[2m | [22m  [96m6.52 kB[39m[37m[2m | [22m[0m[39m
[37m[0m[0m[39m
[37m[0m3 unchanged chunks[0m[39m
[37m[0m[0m[39m
[37m[0mBuild at: [1m[37m2023-12-09T17:57:48.509Z[39m[37m[22m - Hash: [1m[37m89be82435a20ec35[39m[37m[22m - Time: [1m[37m1182[39m[37m[22mms[0m[39m
[37m[39m
[37m[92m‚àö[39m[37m Compiled successfully.[39m
[36m‚†ã[39m Generating browser application bundles...[2K[1G[36m‚†ô[39m Generating browser application bundles (phase: building)...[2K[1G[36m‚†π[39m Generating browser application bundles (phase: building)...[2K[1G[36m‚†∏[39m Generating browser application bundles (phase: building)...[2K[1G[36m‚†º[39m Generating browser application bundles (phase: emitting)...[2K[1G[32m‚úî[39m Browser application bundle generation complete.
[37m[39m
[37m[0m[1mInitial Chunk Files[22m[2m | [22m[1mNames[22m  [2m | [22m [1mRaw Size[22m[0m[39m
[37m[0m[92mmain.js[39m[37m            [2m | [22mmain   [2m | [22m[96m701.12 kB[39m[37m[2m | [22m[0m[39m
[37m[0m[92mruntime.js[39m[37m         [2m | [22mruntime[2m | [22m  [96m6.52 kB[39m[37m[2m | [22m[0m[39m
[37m[0m[0m[39m
[37m[0m3 unchanged chunks[0m[39m
[37m[0m[0m[39m
[37m[0mBuild at: [1m[37m2023-12-09T17:58:57.407Z[39m[37m[22m - Hash: [1m[37md82e991af171b4ec[39m[37m[22m - Time: [1m[37m980[39m[37m[22mms[0m[39m
[37m[39m
[37m[92m‚àö[39m[37m Compiled successfully.[39m
[36m‚†ã[39m Generating browser application bundles...[2K[1G[36m‚†ô[39m Generating browser application bundles (phase: building)...[2K[1G[36m‚†π[39m Generating browser application bundles (phase: building)...[2K[1G[36m‚†∏[39m Generating browser application bundles (phase: building)...[2K[1G[36m‚†º[39m Generating browser application bundles (phase: building)...[2K[1G[36m‚†¥[39m Generating browser application bundles (phase: building)...[2K[1G[36m‚†¶[39m Generating browser application bundles (phase: sealing)...[2K[1G[32m‚úî[39m Browser application bundle generation complete.
[37m[39m
[37m[0m[1mInitial Chunk Files[22m[2m | [22m[1mNames[22m  [2m | [22m [1mRaw Size[22m[0m[39m
[37m[0m[92mmain.js[39m[37m            [2m | [22mmain   [2m | [22m[96m701.11 kB[39m[37m[2m | [22m[0m[39m
[37m[0m[92mruntime.js[39m[37m         [2m | [22mruntime[2m | [22m  [96m6.52 kB[39m[37m[2m | [22m[0m[39m
[37m[0m[0m[39m
[37m[0m3 unchanged chunks[0m[39m
[37m[0m[0m[39m
[37m[0mBuild at: [1m[37m2023-12-09T18:01:29.439Z[39m[37m[22m - Hash: [1m[37mfd352e3aec89a062[39m[37m[22m - Time: [1m[37m1212[39m[37m[22mms[0m[39m
[1m[31m[39m[22m
[1m[31m[0m[91mError: [39m[31m[0m[96mfrontend/app/src/modules/user-profile/components/organism/main-info/main-info.component.ts[0m:[93m108[0m:[93m9[0m - [91merror[0m[90m TS2740: [0mType 'FormControl<{ password: FormGroup<string>; pass: FormControl<string>; passRepeat: FormControl<string>; }>' is missing the following properties from type 'FormGroup<IPassword>': controls, registerControl, addControl, removeControl, and 2 more.[39m[22m
[1m[31m[39m[22m
[1m[31m[7m108[0m         changePassword: this.formBuilder.control({[39m[22m
[1m[31m[7m   [0m [91m        ~~~~~~~~~~~~~~[0m[39m[22m
[1m[31m[39m[22m
[1m[31m  [96mfrontend/app/src/modules/user-profile/components/organism/main-info/main-info.component.ts[0m:[93m50[0m:[93m3[0m[39m[22m
[1m[31m    [7m50[0m   changePassword: FormGroup<IPassword>;[39m[22m
[1m[31m    [7m  [0m [96m  ~~~~~~~~~~~~~~[0m[39m[22m
[1m[31m    The expected type comes from property 'changePassword' which is declared here on type 'IFormPartialPersonalInformation'[39m[22m
[1m[31m[39m[22m
[1m[31m[39m[22m
[1m[31m[39m[22m
[37m[39m
[37m[91m√ó[39m[37m Failed to compile.[39m
[36m‚†ã[39m Generating browser application bundles...[2K[1G[36m‚†ô[39m Generating browser application bundles (phase: building)...[2K[1G[36m‚†π[39m Generating browser application bundles (phase: building)...[2K[1G[36m‚†∏[39m Generating browser application bundles (phase: building)...[2K[1G[36m‚†º[39m Generating browser application bundles (phase: sealing)...[2K[1G[32m‚úî[39m Browser application bundle generation complete.
[37m[39m
[37m[0m[1mInitial Chunk Files[22m[2m | [22m[1mNames[22m  [2m | [22m [1mRaw Size[22m[0m[39m
[37m[0m[92mmain.js[39m[37m            [2m | [22mmain   [2m | [22m[96m701.11 kB[39m[37m[2m | [22m[0m[39m
[37m[0m[92mruntime.js[39m[37m         [2m | [22mruntime[2m | [22m  [96m6.52 kB[39m[37m[2m | [22m[0m[39m
[37m[0m[0m[39m
[37m[0m3 unchanged chunks[0m[39m
[37m[0m[0m[39m
[37m[0mBuild at: [1m[37m2023-12-09T18:01:40.080Z[39m[37m[22m - Hash: [1m[37ma325beb3bf4a280b[39m[37m[22m - Time: [1m[37m901[39m[37m[22mms[0m[39m
[1m[31m[39m[22m
[1m[31m[0m[91mError: [39m[31m[0m[96mfrontend/app/src/modules/user-profile/components/organism/main-info/main-info.component.ts[0m:[93m108[0m:[93m9[0m - [91merror[0m[90m TS2322: [0mType 'FormGroup<{ password: FormGroup<string>; pass: FormControl<string>; passRepeat: FormControl<string>; }>' is not assignable to type 'FormGroup<IPassword>'.[39m[22m
[1m[31m  Types of property 'controls' are incompatible.[39m[22m
[1m[31m    Type '{ password: FormGroup<string>; pass: FormControl<string>; passRepeat: FormControl<string>; }' is not assignable to type 'IPassword'.[39m[22m
[1m[31m[39m[22m
[1m[31m[7m108[0m         changePassword: this.formBuilder.group({[39m[22m
[1m[31m[7m   [0m [91m        ~~~~~~~~~~~~~~[0m[39m[22m
[1m[31m[39m[22m
[1m[31m  [96mfrontend/app/src/modules/user-profile/components/organism/main-info/main-info.component.ts[0m:[93m50[0m:[93m3[0m[39m[22m
[1m[31m    [7m50[0m   changePassword: FormGroup<IPassword>;[39m[22m
[1m[31m    [7m  [0m [96m  ~~~~~~~~~~~~~~[0m[39m[22m
[1m[31m    The expected type comes from property 'changePassword' which is declared here on type 'IFormPartialPersonalInformation'[39m[22m
[1m[31m[39m[22m
[1m[31m[39m[22m
[1m[31m[39m[22m
[37m[39m
[37m[91m√ó[39m[37m Failed to compile.[39m
[36m‚†ã[39m Generating browser application bundles...[2K[1G[36m‚†ô[39m Generating browser application bundles (phase: building)...[2K[1G[36m‚†π[39m Generating browser application bundles (phase: building)...[2K[1G[36m‚†∏[39m Generating browser application bundles (phase: building)...[2K[1G[36m‚†º[39m Generating browser application bundles (phase: sealing)...[2K[1G[32m‚úî[39m Browser application bundle generation complete.
[37m[39m
[37m[0m[1mInitial Chunk Files[22m[2m | [22m[1mNames[22m  [2m | [22m [1mRaw Size[22m[0m[39m
[37m[0m[92mmain.js[39m[37m            [2m | [22mmain   [2m | [22m[96m701.11 kB[39m[37m[2m | [22m[0m[39m
[37m[0m[92mruntime.js[39m[37m         [2m | [22mruntime[2m | [22m  [96m6.52 kB[39m[37m[2m | [22m[0m[39m
[37m[0m[0m[39m
[37m[0m3 unchanged chunks[0m[39m
[37m[0m[0m[39m
[37m[0mBuild at: [1m[37m2023-12-09T18:02:46.781Z[39m[37m[22m - Hash: [1m[37m9b9d3a1aa5aebceb[39m[37m[22m - Time: [1m[37m862[39m[37m[22mms[0m[39m
[1m[31m[39m[22m
[1m[31m[0m[91mError: [39m[31m[0m[96mfrontend/app/src/modules/user-profile/components/organism/main-info/main-info.component.ts[0m:[93m108[0m:[93m9[0m - [91merror[0m[90m TS2322: [0mType 'FormGroup<{ pass: FormControl<string>; password: FormGroup<string>; passRepeat: FormControl<string>; }>' is not assignable to type 'FormGroup<IPassword>'.[39m[22m
[1m[31m  Types of property 'controls' are incompatible.[39m[22m
[1m[31m    Type '{ pass: FormControl<string>; password: FormGroup<string>; passRepeat: FormControl<string>; }' is not assignable to type 'IPassword'.[39m[22m
[1m[31m[39m[22m
[1m[31m[7m108[0m         changePassword: this.formBuilder.group({[39m[22m
[1m[31m[7m   [0m [91m        ~~~~~~~~~~~~~~[0m[39m[22m
[1m[31m[39m[22m
[1m[31m  [96mfrontend/app/src/modules/user-profile/components/organism/main-info/main-info.component.ts[0m:[93m50[0m:[93m3[0m[39m[22m
[1m[31m    [7m50[0m   changePassword: FormGroup<IPassword>;[39m[22m
[1m[31m    [7m  [0m [96m  ~~~~~~~~~~~~~~[0m[39m[22m
[1m[31m    The expected type comes from property 'changePassword' which is declared here on type 'IFormPartialPersonalInformation'[39m[22m
[1m[31m[39m[22m
[1m[31m[39m[22m
[1m[31m[39m[22m
[37m[39m
[37m[91m√ó[39m[37m Failed to compile.[39m
[36m‚†ã[39m Generating browser application bundles...[2K[1G[36m‚†ô[39m Generating browser application bundles (phase: building)...[2K[1G[36m‚†π[39m Generating browser application bundles (phase: building)...[2K[1G[36m‚†∏[39m Generating browser application bundles (phase: building)...[2K[1G[36m‚†º[39m Generating browser application bundles (phase: sealing)...[2K[1G[36m‚†¥[39m Generating browser application bundles (phase: emitting)...[2K[1G[32m‚úî[39m Browser application bundle generation complete.
[37m[39m
[37m[0m[1mInitial Chunk Files[22m[2m | [22m[1mNames[22m  [2m | [22m [1mRaw Size[22m[0m[39m
[37m[0m[92mmain.js[39m[37m            [2m | [22mmain   [2m | [22m[96m701.11 kB[39m[37m[2m | [22m[0m[39m
[37m[0m[92mruntime.js[39m[37m         [2m | [22mruntime[2m | [22m  [96m6.52 kB[39m[37m[2m | [22m[0m[39m
[37m[0m[0m[39m
[37m[0m3 unchanged chunks[0m[39m
[37m[0m[0m[39m
[37m[0mBuild at: [1m[37m2023-12-09T18:05:10.693Z[39m[37m[22m - Hash: [1m[37ma663c7fc1bafafa2[39m[37m[22m - Time: [1m[37m973[39m[37m[22mms[0m[39m
[37m[39m
[37m[92m‚àö[39m[37m Compiled successfully.[39m
[36m‚†ã[39m Generating browser application bundles...[2K[1G[36m‚†ô[39m Generating browser application bundles (phase: building)...[2K[1G[36m‚†π[39m Generating browser application bundles (phase: building)...[2K[1G[36m‚†∏[39m Generating browser application bundles (phase: building)...[2K[1G[36m‚†º[39m Generating browser application bundles (phase: emitting)...[2K[1G[32m‚úî[39m Browser application bundle generation complete.
[37m[39m
[37m[0m[1mInitial Chunk Files[22m[2m | [22m[1mNames[22m  [2m | [22m [1mRaw Size[22m[0m[39m
[37m[0m[92mmain.js[39m[37m            [2m | [22mmain   [2m | [22m[96m701.11 kB[39m[37m[2m | [22m[0m[39m
[37m[0m[92mruntime.js[39m[37m         [2m | [22mruntime[2m | [22m  [96m6.52 kB[39m[37m[2m | [22m[0m[39m
[37m[0m[0m[39m
[37m[0m3 unchanged chunks[0m[39m
[37m[0m[0m[39m
[37m[0mBuild at: [1m[37m2023-12-09T18:10:42.906Z[39m[37m[22m - Hash: [1m[37mee631a21f4929128[39m[37m[22m - Time: [1m[37m811[39m[37m[22mms[0m[39m
[37m[39m
[37m[92m‚àö[39m[37m Compiled successfully.[39m
[36m‚†ã[39m Generating browser application bundles...[2K[1G[36m‚†ô[39m Generating browser application bundles (phase: building)...[2K[1G[36m‚†π[39m Generating browser application bundles (phase: building)...[2K[1G[36m‚†∏[39m Generating browser application bundles (phase: building)...[2K[1G[36m‚†º[39m Generating browser application bundles (phase: building)...[2K[1G[36m‚†¥[39m Generating browser application bundles (phase: emitting)...[2K[1G[32m‚úî[39m Browser application bundle generation complete.
[37m[39m
[37m[0m[1mInitial Chunk Files[22m[2m | [22m[1mNames[22m  [2m | [22m [1mRaw Size[22m[0m[39m
[37m[0m[92mmain.js[39m[37m            [2m | [22mmain   [2m | [22m[96m701.14 kB[39m[37m[2m | [22m[0m[39m
[37m[0m[92mruntime.js[39m[37m         [2m | [22mruntime[2m | [22m  [96m6.52 kB[39m[37m[2m | [22m[0m[39m
[37m[0m[0m[39m
[37m[0m3 unchanged chunks[0m[39m
[37m[0m[0m[39m
[37m[0mBuild at: [1m[37m2023-12-09T18:14:45.992Z[39m[37m[22m - Hash: [1m[37mb5bcf1c4403d8192[39m[37m[22m - Time: [1m[37m1131[39m[37m[22mms[0m[39m
[37m[39m
[37m[92m‚àö[39m[37m Compiled successfully.[39m
[36m‚†ã[39m Generating browser application bundles...[2K[1G[36m‚†ô[39m Generating browser application bundles (phase: building)...[2K[1G[36m‚†π[39m Generating browser application bundles (phase: building)...[2K[1G[36m‚†∏[39m Generating browser application bundles (phase: building)...[2K[1G[36m‚†º[39m Generating browser application bundles (phase: sealing)...[2K[1G[36m‚†¥[39m Generating browser application bundles (phase: emitting)...[2K[1G[32m‚úî[39m Browser application bundle generation complete.
[37m[39m
[37m[0m[1mInitial Chunk Files[22m[2m | [22m[1mNames[22m  [2m | [22m [1mRaw Size[22m[0m[39m
[37m[0m[92mmain.js[39m[37m            [2m | [22mmain   [2m | [22m[96m701.02 kB[39m[37m[2m | [22m[0m[39m
[37m[0m[92mruntime.js[39m[37m         [2m | [22mruntime[2m | [22m  [96m6.52 kB[39m[37m[2m | [22m[0m[39m
[37m[0m[0m[39m
[37m[0m3 unchanged chunks[0m[39m
[37m[0m[0m[39m
[37m[0mBuild at: [1m[37m2023-12-09T18:16:00.094Z[39m[37m[22m - Hash: [1m[37m186d342642644ae8[39m[37m[22m - Time: [1m[37m934[39m[37m[22mms[0m[39m
[37m[39m
[37m[92m‚àö[39m[37m Compiled successfully.[39m
[36m‚†ã[39m Generating browser application bundles...[2K[1G[36m‚†ô[39m Generating browser application bundles (phase: building)...[2K[1G[36m‚†π[39m Generating browser application bundles (phase: building)...[2K[1G[36m‚†∏[39m Generating browser application bundles (phase: emitting)...[2K[1G[32m‚úî[39m Browser application bundle generation complete.
[37m[39m
[37m[0m[1mInitial Chunk Files[22m[2m | [22m[1mNames[22m  [2m | [22m [1mRaw Size[22m[0m[39m
[37m[0m[92mmain.js[39m[37m            [2m | [22mmain   [2m | [22m[96m701.14 kB[39m[37m[2m | [22m[0m[39m
[37m[0m[92mruntime.js[39m[37m         [2m | [22mruntime[2m | [22m  [96m6.52 kB[39m[37m[2m | [22m[0m[39m
[37m[0m[0m[39m
[37m[0m3 unchanged chunks[0m[39m
[37m[0m[0m[39m
[37m[0mBuild at: [1m[37m2023-12-09T18:16:11.905Z[39m[37m[22m - Hash: [1m[37mb5bcf1c4403d8192[39m[37m[22m - Time: [1m[37m839[39m[37m[22mms[0m[39m
[37m[39m
[37m[92m‚àö[39m[37m Compiled successfully.[39m
[36m‚†ã[39m Generating browser application bundles...[2K[1G[36m‚†ô[39m Generating browser application bundles (phase: building)...[2K[1G[36m‚†π[39m Generating browser application bundles (phase: building)...[2K[1G[36m‚†∏[39m Generating browser application bundles (phase: building)...[2K[1G[36m‚†º[39m Generating browser application bundles (phase: sealing)...[2K[1G[36m‚†¥[39m Generating browser application bundles (phase: emitting)...[2K[1G[32m‚úî[39m Browser application bundle generation complete.
[37m[39m
[37m[0m[1mInitial Chunk Files[22m[2m | [22m[1mNames[22m  [2m | [22m [1mRaw Size[22m[0m[39m
[37m[0m[92mmain.js[39m[37m            [2m | [22mmain   [2m | [22m[96m701.14 kB[39m[37m[2m | [22m[0m[39m
[37m[0m[92mruntime.js[39m[37m         [2m | [22mruntime[2m | [22m  [96m6.52 kB[39m[37m[2m | [22m[0m[39m
[37m[0m[0m[39m
[37m[0m3 unchanged chunks[0m[39m
[37m[0m[0m[39m
[37m[0mBuild at: [1m[37m2023-12-09T18:16:24.793Z[39m[37m[22m - Hash: [1m[37mfddecae6327b9dc2[39m[37m[22m - Time: [1m[37m775[39m[37m[22mms[0m[39m
[37m[39m
[37m[92m‚àö[39m[37m Compiled successfully.[39m
[36m‚†ã[39m Generating browser application bundles...[2K[1G[36m‚†ô[39m Generating browser application bundles (phase: building)...[2K[1G[36m‚†π[39m Generating browser application bundles (phase: building)...[2K[1G[36m‚†∏[39m Generating browser application bundles (phase: building)...[2K[1G[36m‚†º[39m Generating browser application bundles (phase: emitting)...[2K[1G[32m‚úî[39m Browser application bundle generation complete.
[37m[39m
[37m[0m[1mInitial Chunk Files[22m[2m | [22m[1mNames[22m  [2m | [22m [1mRaw Size[22m[0m[39m
[37m[0m[92mmain.js[39m[37m            [2m | [22mmain   [2m | [22m[96m701.12 kB[39m[37m[2m | [22m[0m[39m
[37m[0m[92mruntime.js[39m[37m         [2m | [22mruntime[2m | [22m  [96m6.52 kB[39m[37m[2m | [22m[0m[39m
[37m[0m[0m[39m
[37m[0m3 unchanged chunks[0m[39m
[37m[0m[0m[39m
[37m[0mBuild at: [1m[37m2023-12-09T18:16:58.939Z[39m[37m[22m - Hash: [1m[37mdf4fb10ea642be84[39m[37m[22m - Time: [1m[37m1080[39m[37m[22mms[0m[39m
[37m[39m
[37m[92m‚àö[39m[37m Compiled successfully.[39m
[36m‚†ã[39m Generating browser application bundles...[2K[1G[36m‚†ô[39m Generating browser application bundles (phase: building)...[2K[1G[36m‚†π[39m Generating browser application bundles (phase: building)...[2K[1G[36m‚†∏[39m Generating browser application bundles (phase: building)...[2K[1G[36m‚†º[39m Generating browser application bundles (phase: building)...[2K[1G[36m‚†¥[39m Generating browser application bundles (phase: building)...[2K[1G[36m‚†¶[39m Generating browser application bundles (phase: emitting)...[2K[1G[32m‚úî[39m Browser application bundle generation complete.
[37m[39m
[37m[0m[1mInitial Chunk Files[22m[2m | [22m[1mNames[22m  [2m | [22m [1mRaw Size[22m[0m[39m
[37m[0m[92mmain.js[39m[37m            [2m | [22mmain   [2m | [22m[96m701.20 kB[39m[37m[2m | [22m[0m[39m
[37m[0m[92mruntime.js[39m[37m         [2m | [22mruntime[2m | [22m  [96m6.52 kB[39m[37m[2m | [22m[0m[39m
[37m[0m[0m[39m
[37m[0m3 unchanged chunks[0m[39m
[37m[0m[0m[39m
[37m[0mBuild at: [1m[37m2023-12-09T18:19:37.563Z[39m[37m[22m - Hash: [1m[37m98cb242fb512a4e7[39m[37m[22m - Time: [1m[37m1254[39m[37m[22mms[0m[39m
[37m[39m
[37m[92m‚àö[39m[37m Compiled successfully.[39m
[36m‚†ã[39m Generating browser application bundles...[2K[1G[36m‚†ô[39m Generating browser application bundles (phase: building)...[2K[1G[36m‚†π[39m Generating browser application bundles (phase: building)...[2K[1G[36m‚†∏[39m Generating browser application bundles (phase: building)...[2K[1G[36m‚†º[39m Generating browser application bundles (phase: sealing)...[2K[1G[36m‚†¥[39m Generating browser application bundles (phase: emitting)...[2K[1G[32m‚úî[39m Browser application bundle generation complete.
[37m[39m
[37m[0m[1mInitial Chunk Files[22m[2m | [22m[1mNames[22m  [2m | [22m [1mRaw Size[22m[0m[39m
[37m[0m[92mmain.js[39m[37m            [2m | [22mmain   [2m | [22m[96m701.23 kB[39m[37m[2m | [22m[0m[39m
[37m[0m[92mruntime.js[39m[37m         [2m | [22mruntime[2m | [22m  [96m6.52 kB[39m[37m[2m | [22m[0m[39m
[37m[0m[0m[39m
[37m[0m3 unchanged chunks[0m[39m
[37m[0m[0m[39m
[37m[0mBuild at: [1m[37m2023-12-09T18:22:16.236Z[39m[37m[22m - Hash: [1m[37m503f635c36a673ac[39m[37m[22m - Time: [1m[37m1125[39m[37m[22mms[0m[39m
[37m[39m
[37m[92m‚àö[39m[37m Compiled successfully.[39m
[36m‚†ã[39m Generating browser application bundles...[2K[1G[36m‚†ô[39m Generating browser application bundles (phase: building)...[2K[1G[36m‚†π[39m Generating browser application bundles (phase: building)...[2K[1G[36m‚†∏[39m Generating browser application bundles (phase: building)...[2K[1G[36m‚†º[39m Generating browser application bundles (phase: emitting)...[2K[1G[32m‚úî[39m Browser application bundle generation complete.
[37m[39m
[37m[0m[1mInitial Chunk Files[22m[2m | [22m[1mNames[22m  [2m | [22m [1mRaw Size[22m[0m[39m
[37m[0m[92mmain.js[39m[37m            [2m | [22mmain   [2m | [22m[96m701.25 kB[39m[37m[2m | [22m[0m[39m
[37m[0m[92mruntime.js[39m[37m         [2m | [22mruntime[2m | [22m  [96m6.52 kB[39m[37m[2m | [22m[0m[39m
[37m[0m[0m[39m
[37m[0m3 unchanged chunks[0m[39m
[37m[0m[0m[39m
[37m[0mBuild at: [1m[37m2023-12-09T18:23:00.443Z[39m[37m[22m - Hash: [1m[37m600753bb422a32c1[39m[37m[22m - Time: [1m[37m1161[39m[37m[22mms[0m[39m
[37m[39m
[37m[92m‚àö[39m[37m Compiled successfully.[39m
[36m‚†ã[39m Generating browser application bundles...[2K[1G[36m‚†ô[39m Generating browser application bundles (phase: building)...[2K[1G[36m‚†π[39m Generating browser application bundles (phase: building)...[2K[1G[36m‚†∏[39m Generating browser application bundles (phase: building)...[2K[1G[36m‚†º[39m Generating browser application bundles (phase: sealing)...[2K[1G[36m‚†¥[39m Generating browser application bundles (phase: emitting)...[2K[1G[32m‚úî[39m Browser application bundle generation complete.
[37m[39m
[37m[0m[1mInitial Chunk Files[22m[2m | [22m[1mNames[22m  [2m | [22m [1mRaw Size[22m[0m[39m
[37m[0m[92mmain.js[39m[37m            [2m | [22mmain   [2m | [22m[96m701.27 kB[39m[37m[2m | [22m[0m[39m
[37m[0m[92mruntime.js[39m[37m         [2m | [22mruntime[2m | [22m  [96m6.52 kB[39m[37m[2m | [22m[0m[39m
[37m[0m[0m[39m
[37m[0m3 unchanged chunks[0m[39m
[37m[0m[0m[39m
[37m[0mBuild at: [1m[37m2023-12-09T18:23:08.767Z[39m[37m[22m - Hash: [1m[37m65eca4da90f116ca[39m[37m[22m - Time: [1m[37m1062[39m[37m[22mms[0m[39m
[37m[39m
[37m[92m‚àö[39m[37m Compiled successfully.[39m
[36m‚†ã[39m Generating browser application bundles...[2K[1G[36m‚†ô[39m Generating browser application bundles (phase: building)...[2K[1G[36m‚†π[39m Generating browser application bundles (phase: building)...[2K[1G[36m‚†∏[39m Generating browser application bundles (phase: building)...[2K[1G[36m‚†º[39m Generating browser application bundles (phase: sealing)...[2K[1G[36m‚†¥[39m Generating browser application bundles (phase: emitting)...[2K[1G[32m‚úî[39m Browser application bundle generation complete.
[37m[39m
[37m[0m[1mInitial Chunk Files[22m[2m | [22m[1mNames[22m  [2m | [22m [1mRaw Size[22m[0m[39m
[37m[0m[92mmain.js[39m[37m            [2m | [22mmain   [2m | [22m[96m701.43 kB[39m[37m[2m | [22m[0m[39m
[37m[0m[92mruntime.js[39m[37m         [2m | [22mruntime[2m | [22m  [96m6.52 kB[39m[37m[2m | [22m[0m[39m
[37m[0m[0m[39m
[37m[0m3 unchanged chunks[0m[39m
[37m[0m[0m[39m
[37m[0mBuild at: [1m[37m2023-12-09T18:24:10.217Z[39m[37m[22m - Hash: [1m[37mfc31432cea314a02[39m[37m[22m - Time: [1m[37m1121[39m[37m[22mms[0m[39m
[37m[39m
[37m[92m‚àö[39m[37m Compiled successfully.[39m
[36m‚†ã[39m Generating browser application bundles...[2K[1G[36m‚†ô[39m Generating browser application bundles (phase: building)...[2K[1G[36m‚†π[39m Generating browser application bundles (phase: building)...[2K[1G[36m‚†∏[39m Generating browser application bundles (phase: sealing)...[2K[1G[36m‚†º[39m Generating browser application bundles (phase: emitting)...[2K[1G[32m‚úî[39m Browser application bundle generation complete.
[37m[39m
[37m[0m[1mInitial Chunk Files[22m[2m | [22m[1mNames[22m  [2m | [22m [1mRaw Size[22m[0m[39m
[37m[0m[92mmain.js[39m[37m            [2m | [22mmain   [2m | [22m[96m701.59 kB[39m[37m[2m | [22m[0m[39m
[37m[0m[92mruntime.js[39m[37m         [2m | [22mruntime[2m | [22m  [96m6.52 kB[39m[37m[2m | [22m[0m[39m
[37m[0m[0m[39m
[37m[0m3 unchanged chunks[0m[39m
[37m[0m[0m[39m
[37m[0mBuild at: [1m[37m2023-12-09T18:24:56.541Z[39m[37m[22m - Hash: [1m[37m75190da94dfc65b6[39m[37m[22m - Time: [1m[37m987[39m[37m[22mms[0m[39m
[37m[39m
[37m[92m‚àö[39m[37m Compiled successfully.[39m
[36m‚†ã[39m Generating browser application bundles...[2K[1G[36m‚†ô[39m Generating browser application bundles (phase: building)...[2K[1G[36m‚†π[39m Generating browser application bundles (phase: building)...[2K[1G[36m‚†∏[39m Generating browser application bundles (phase: building)...[2K[1G[36m‚†º[39m Generating browser application bundles (phase: emitting)...[2K[1G[32m‚úî[39m Browser application bundle generation complete.
[37m[39m
[37m[0m[1mInitial Chunk Files[22m[2m | [22m[1mNames[22m  [2m | [22m [1mRaw Size[22m[0m[39m
[37m[0m[92mmain.js[39m[37m            [2m | [22mmain   [2m | [22m[96m701.68 kB[39m[37m[2m | [22m[0m[39m
[37m[0m[92mruntime.js[39m[37m         [2m | [22mruntime[2m | [22m  [96m6.52 kB[39m[37m[2m | [22m[0m[39m
[37m[0m[0m[39m
[37m[0m3 unchanged chunks[0m[39m
[37m[0m[0m[39m
[37m[0mBuild at: [1m[37m2023-12-09T18:26:10.440Z[39m[37m[22m - Hash: [1m[37m0597a06957c5bb87[39m[37m[22m - Time: [1m[37m1073[39m[37m[22mms[0m[39m
[37m[39m
[37m[92m‚àö[39m[37m Compiled successfully.[39m
