[36mâ ‹[39m Generating browser application bundles (phase: setup)...[2K[1G[36mâ ™[39m Generating browser application bundles (phase: setup)...[2K[1G[36mâ ¹[39m Generating browser application bundles (phase: building)...[2K[1G[36mâ ¸[39m Generating browser application bundles (phase: building)...[2K[1G[36mâ ¼[39m Generating browser application bundles (phase: building)...[2K[1G[36mâ ´[39m Generating browser application bundles (phase: building)...[2K[1G[36mâ ¦[39m Generating browser application bundles (phase: building)...[2K[1G[36mâ §[39m Generating browser application bundles (phase: building)...[2K[1G[36mâ ‡[39m Generating browser application bundles (phase: building)...[2K[1G[36mâ [39m Generating browser application bundles (phase: building)...[2K[1G[36mâ ‹[39m Generating browser application bundles (phase: building)...[2K[1G[36mâ ™[39m Generating browser application bundles (phase: building)...[2K[1G[36mâ ¹[39m Generating browser application bundles (phase: building)...[2K[1G[36mâ ¸[39m Generating browser application bundles (phase: building)...[2K[1G[36mâ ¼[39m Generating browser application bundles (phase: building)...[2K[1G[36mâ ´[39m Generating browser application bundles (phase: building)...[2K[1G[36mâ ¦[39m Generating browser application bundles (phase: building)...[2K[1G[36mâ §[39m Generating browser application bundles (phase: sealing)...[2K[1G[36mâ ‡[39m Generating browser application bundles (phase: sealing)...
WARNING: There was an error creating glob patterns, returning an empty array
createGlobPatternsForDependencies: Error when generating globs.
ENOENT: no such file or directory, scandir 'C:\projects\Comevent\database'

[2K[1G[36mâ [39m Generating browser application bundles (phase: sealing)...[2K[1G[36mâ ‹[39m Generating browser application bundles (phase: sealing)...[2K[1G[36mâ ™[39m Generating browser application bundles (phase: sealing)...[2K[1G[36mâ ¹[39m Generating browser application bundles (phase: emitting)...[2K[1G[32mâœ”[39m Browser application bundle generation complete.
[37m[39m
[37m[0m[1mInitial Chunk Files[22m  [2m | [22m[1mNames[22m        [2m | [22m [1mRaw Size[22m[0m[39m
[37m[0m[92mvendor.js[39m[37m            [2m | [22mvendor       [2m | [22m  [96m3.88 MB[39m[37m[2m | [22m[0m[39m
[37m[0m[92mmain.js[39m[37m              [2m | [22mmain         [2m | [22m[96m693.98 kB[39m[37m[2m | [22m[0m[39m
[37m[0m[92mpolyfills.js[39m[37m         [2m | [22mpolyfills    [2m | [22m[96m333.23 kB[39m[37m[2m | [22m[0m[39m
[37m[0m[92mstyles.css, styles.js[39m[37m[2m | [22mstyles       [2m | [22m[96m258.52 kB[39m[37m[2m | [22m[0m[39m
[37m[0m[92mruntime.js[39m[37m           [2m | [22mruntime      [2m | [22m  [96m6.86 kB[39m[37m[2m | [22m[0m[39m
[37m[0m[0m[39m
[37m[0m[1m [22m                    [2m | [22m[1mInitial Total[22m[2m | [22m  [1m5.14 MB[22m[0m[39m
[37m[0m[0m[39m
[37m[0mBuild at: [1m[37m2023-12-10T18:25:28.799Z[39m[37m[22m - Hash: [1m[37m01f5840c61da5f5b[39m[37m[22m - Time: [1m[37m9088[39m[37m[22mms[0m[39m
[37m[39m
[37m** Angular Live Development Server is listening on localhost:4200, open your browser on http://localhost:4200/ **[39m
[37m[39m
[37m[39m
[37m[92mâˆš[39m[37m Compiled successfully.[39m
[36mâ ‹[39m Generating browser application bundles...[2K[1G[36mâ ™[39m Generating browser application bundles (phase: building)...[2K[1G[36mâ ¹[39m Generating browser application bundles (phase: building)...[2K[1G[36mâ ¸[39m Generating browser application bundles (phase: building)...[2K[1G[36mâ ¼[39m Generating browser application bundles (phase: building)...[2K[1G[36mâ ´[39m Generating browser application bundles (phase: building)...[2K[1G[36mâ ¦[39m Generating browser application bundles (phase: building)...[2K[1G[36mâ §[39m Generating browser application bundles (phase: building)...[2K[1G[36mâ ‡[39m Generating browser application bundles (phase: building)...[2K[1G[36mâ [39m Generating browser application bundles (phase: building)...[2K[1G[36mâ ‹[39m Generating browser application bundles (phase: building)...[2K[1G[36mâ ™[39m Generating browser application bundles (phase: building)...[2K[1G[36mâ ¹[39m Generating browser application bundles (phase: building)...[2K[1G[36mâ ¸[39m Generating browser application bundles (phase: building)...[2K[1G[36mâ ¼[39m Generating browser application bundles (phase: building)...[2K[1G[36mâ ´[39m Generating browser application bundles (phase: sealing)...[2K[1G[36mâ ¦[39m Generating browser application bundles (phase: sealing)...[2K[1G[36mâ §[39m Generating browser application bundles (phase: sealing)...[2K[1G[36mâ ‡[39m Generating browser application bundles (phase: sealing)...[2K[1G[36mâ [39m Generating browser application bundles (phase: sealing)...[2K[1G[36mâ ‹[39m Generating browser application bundles (phase: sealing)...[2K[1G[36mâ ™[39m Generating browser application bundles (phase: sealing)...[2K[1G[36mâ ¹[39m Generating browser application bundles (phase: emitting)...[2K[1G[32mâœ”[39m Browser application bundle generation complete.
[37m[39m
[37m[0m[1mInitial Chunk Files[22m[2m | [22m[1mNames[22m  [2m | [22m [1mRaw Size[22m[0m[39m
[37m[0m[92mmain.js[39m[37m            [2m | [22mmain   [2m | [22m[96m694.06 kB[39m[37m[2m | [22m[0m[39m
[37m[0m[92mruntime.js[39m[37m         [2m | [22mruntime[2m | [22m  [96m6.86 kB[39m[37m[2m | [22m[0m[39m
[37m[0m[0m[39m
[37m[0m3 unchanged chunks[0m[39m
[37m[0m[0m[39m
[37m[0mBuild at: [1m[37m2023-12-10T22:19:18.145Z[39m[37m[22m - Hash: [1m[37m37f4110a11129c66[39m[37m[22m - Time: [1m[37m10699[39m[37m[22mms[0m[39m
[37m[39m
[37m[92mâˆš[39m[37m Compiled successfully.[39m
[36mâ ‹[39m Generating browser application bundles...[2K[1G[36mâ ™[39m Generating browser application bundles (phase: building)...[2K[1G[36mâ ¹[39m Generating browser application bundles (phase: building)...[2K[1G[36mâ ¸[39m Generating browser application bundles (phase: sealing)...[2K[1G[36mâ ¼[39m Generating browser application bundles (phase: emitting)...[2K[1G[32mâœ”[39m Browser application bundle generation complete.
[37m[39m
[37m[0m5 unchanged chunks[0m[39m
[37m[0m[0m[39m
[37m[0mBuild at: [1m[37m2023-12-10T22:19:18.876Z[39m[37m[22m - Hash: [1m[37m37f4110a11129c66[39m[37m[22m - Time: [1m[37m640[39m[37m[22mms[0m[39m
[37m[39m
[37m[92mâˆš[39m[37m Compiled successfully.[39m
[36mâ ‹[39m Generating browser application bundles...[2K[1G[36mâ ™[39m Generating browser application bundles (phase: building)...[2K[1G[36mâ ¹[39m Generating browser application bundles (phase: building)...[2K[1G[36mâ ¸[39m Generating browser application bundles (phase: building)...[2K[1G[36mâ ¼[39m Generating browser application bundles (phase: building)...[2K[1G[36mâ ´[39m Generating browser application bundles (phase: building)...[2K[1G[36mâ ¦[39m Generating browser application bundles (phase: sealing)...[2K[1G[32mâœ”[39m Browser application bundle generation complete.
[37m[39m
[37m[0m[1mInitial Chunk Files[22m[2m | [22m[1mNames[22m  [2m | [22m [1mRaw Size[22m[0m[39m
[37m[0m[92mmain.js[39m[37m            [2m | [22mmain   [2m | [22m[96m694.11 kB[39m[37m[2m | [22m[0m[39m
[37m[0m[92mruntime.js[39m[37m         [2m | [22mruntime[2m | [22m  [96m6.86 kB[39m[37m[2m | [22m[0m[39m
[37m[0m[0m[39m
[37m[0m3 unchanged chunks[0m[39m
[37m[0m[0m[39m
[37m[0mBuild at: [1m[37m2023-12-10T22:21:15.316Z[39m[37m[22m - Hash: [1m[37m408e29333911482f[39m[37m[22m - Time: [1m[37m1582[39m[37m[22mms[0m[39m
[1m[31m[39m[22m
[1m[31m[0m[91mError: [39m[31m[0m[96mfrontend/app/src/modules/user-profile/components/organism/more-information/more-information.component.ts[0m:[93m101[0m:[93m7[0m - [91merror[0m[90m TS2322: [0mType 'string[]' is not assignable to type 'ICountries[]'.[39m[22m
[1m[31m  Type 'string' is not assignable to type 'ICountries'.[39m[22m
[1m[31m[39m[22m
[1m[31m[7m101[0m       this.countriesOptions = this.countries.map((country) => country.name);[39m[22m
[1m[31m[7m   [0m [91m      ~~~~~~~~~~~~~~~~~~~~~[0m[39m[22m
[1m[31m[39m[22m
[1m[31m[39m[22m
[1m[31m[39m[22m
[37m[39m
[37m[91mÃ—[39m[37m Failed to compile.[39m
[36mâ ‹[39m Generating browser application bundles...[2K[1G[36mâ ™[39m Generating browser application bundles (phase: building)...[2K[1G[36mâ ¹[39m Generating browser application bundles (phase: building)...[2K[1G[36mâ ¸[39m Generating browser application bundles (phase: building)...[2K[1G[36mâ ¼[39m Generating browser application bundles (phase: sealing)...[2K[1G[36mâ ´[39m Generating browser application bundles (phase: emitting)...[2K[1G[32mâœ”[39m Browser application bundle generation complete.
[37m[39m
[37m[0m[1mInitial Chunk Files[22m[2m | [22m[1mNames[22m  [2m | [22m [1mRaw Size[22m[0m[39m
[37m[0m[92mmain.js[39m[37m            [2m | [22mmain   [2m | [22m[96m694.16 kB[39m[37m[2m | [22m[0m[39m
[37m[0m[92mruntime.js[39m[37m         [2m | [22mruntime[2m | [22m  [96m6.86 kB[39m[37m[2m | [22m[0m[39m
[37m[0m[0m[39m
[37m[0m3 unchanged chunks[0m[39m
[37m[0m[0m[39m
[37m[0mBuild at: [1m[37m2023-12-10T22:21:30.541Z[39m[37m[22m - Hash: [1m[37mda7a4b96b4ed6343[39m[37m[22m - Time: [1m[37m1011[39m[37m[22mms[0m[39m
[37m[39m
[37m[92mâˆš[39m[37m Compiled successfully.[39m
[36mâ ‹[39m Generating browser application bundles...[2K[1G[36mâ ™[39m Generating browser application bundles (phase: building)...[2K[1G[36mâ ¹[39m Generating browser application bundles (phase: building)...[2K[1G[36mâ ¸[39m Generating browser application bundles (phase: building)...[2K[1G[36mâ ¼[39m Generating browser application bundles (phase: building)...[2K[1G[36mâ ´[39m Generating browser application bundles (phase: building)...[2K[1G[36mâ ¦[39m Generating browser application bundles (phase: sealing)...[2K[1G[36mâ §[39m Generating browser application bundles (phase: emitting)...[2K[1G[32mâœ”[39m Browser application bundle generation complete.
[37m[39m
[37m[0m[1mInitial Chunk Files[22m[2m | [22m[1mNames[22m  [2m | [22m [1mRaw Size[22m[0m[39m
[37m[0m[92mmain.js[39m[37m            [2m | [22mmain   [2m | [22m[96m694.32 kB[39m[37m[2m | [22m[0m[39m
[37m[0m[92mruntime.js[39m[37m         [2m | [22mruntime[2m | [22m  [96m6.86 kB[39m[37m[2m | [22m[0m[39m
[37m[0m[0m[39m
[37m[0m3 unchanged chunks[0m[39m
[37m[0m[0m[39m
[37m[0mBuild at: [1m[37m2023-12-10T22:25:35.633Z[39m[37m[22m - Hash: [1m[37mb1e87e0fcb3892ec[39m[37m[22m - Time: [1m[37m2009[39m[37m[22mms[0m[39m
[37m[39m
[37m[92mâˆš[39m[37m Compiled successfully.[39m
[36mâ ‹[39m Generating browser application bundles...[2K[1G[36mâ ™[39m Generating browser application bundles (phase: building)...[2K[1G[36mâ ¹[39m Generating browser application bundles (phase: building)...[2K[1G[36mâ ¸[39m Generating browser application bundles (phase: building)...[2K[1G[36mâ ¼[39m Generating browser application bundles (phase: emitting)...[2K[1G[32mâœ”[39m Browser application bundle generation complete.
[37m[39m
[37m[0m[1mInitial Chunk Files[22m[2m | [22m[1mNames[22m  [2m | [22m [1mRaw Size[22m[0m[39m
[37m[0m[92mmain.js[39m[37m            [2m | [22mmain   [2m | [22m[96m694.32 kB[39m[37m[2m | [22m[0m[39m
[37m[0m[92mruntime.js[39m[37m         [2m | [22mruntime[2m | [22m  [96m6.86 kB[39m[37m[2m | [22m[0m[39m
[37m[0m[0m[39m
[37m[0m3 unchanged chunks[0m[39m
[37m[0m[0m[39m
[37m[0mBuild at: [1m[37m2023-12-10T22:28:34.471Z[39m[37m[22m - Hash: [1m[37mf9322d30e1a3ba83[39m[37m[22m - Time: [1m[37m1471[39m[37m[22mms[0m[39m
[37m[39m
[37m[92mâˆš[39m[37m Compiled successfully.[39m
[36mâ ‹[39m Generating browser application bundles...[2K[1G[36mâ ™[39m Generating browser application bundles (phase: building)...[2K[1G[36mâ ¹[39m Generating browser application bundles (phase: building)...[2K[1G[36mâ ¸[39m Generating browser application bundles (phase: sealing)...[2K[1G[32mâœ”[39m Browser application bundle generation complete.
[37m[39m
[37m[0m[1mInitial Chunk Files[22m[2m | [22m[1mNames[22m  [2m | [22m [1mRaw Size[22m[0m[39m
[37m[0m[92mmain.js[39m[37m            [2m | [22mmain   [2m | [22m[96m694.32 kB[39m[37m[2m | [22m[0m[39m
[37m[0m[92mruntime.js[39m[37m         [2m | [22mruntime[2m | [22m  [96m6.86 kB[39m[37m[2m | [22m[0m[39m
[37m[0m[0m[39m
[37m[0m3 unchanged chunks[0m[39m
[37m[0m[0m[39m
[37m[0mBuild at: [1m[37m2023-12-10T22:28:50.776Z[39m[37m[22m - Hash: [1m[37m70e6451f7d897dca[39m[37m[22m - Time: [1m[37m1343[39m[37m[22mms[0m[39m
[1m[31m[39m[22m
[1m[31m[0m[91mError: [39m[31m[0m[96mfrontend/app/src/modules/auth/components/organisms/register-step-three/register-step-three.component.html[0m:[93m16[0m:[93m10[0m - [91merror[0m[90m TS2322: [0mType 'string[]' is not assignable to type 'IOption[]'.[39m[22m
[1m[31m[39m[22m
[1m[31m[7m16[0m         [options]="availableAreasNames"[39m[22m
[1m[31m[7m  [0m [91m         ~~~~~~~[0m[39m[22m
[1m[31m[39m[22m
[1m[31m  [96mfrontend/app/src/modules/auth/components/organisms/register-step-three/register-step-three.component.ts[0m:[93m11[0m:[93m16[0m[39m[22m
[1m[31m    [7m11[0m   templateUrl: './register-step-three.component.html',[39m[22m
[1m[31m    [7m  [0m [96m               ~~~~~~~~~~~~~~~~~~~~~~~~~~~~~~~~~~~~~~[0m[39m[22m
[1m[31m    Error occurs in the template of component FormRegisterStepThreeComponent.[39m[22m
[1m[31m[39m[22m
[1m[31m[39m[22m
[1m[31m[0m[91mError: [39m[31m[0m[96mfrontend/app/src/modules/user-profile/components/organism/more-information/more-information.component.html[0m:[93m34[0m:[93m10[0m - [91merror[0m[90m TS2322: [0mType 'string[]' is not assignable to type 'IOption[]'.[39m[22m
[1m[31m[39m[22m
[1m[31m[7m34[0m         [options]="genders"[39m[22m
[1m[31m[7m  [0m [91m         ~~~~~~~[0m[39m[22m
[1m[31m[39m[22m
[1m[31m  [96mfrontend/app/src/modules/user-profile/components/organism/more-information/more-information.component.ts[0m:[93m44[0m:[93m16[0m[39m[22m
[1m[31m    [7m44[0m   templateUrl: './more-information.component.html',[39m[22m
[1m[31m    [7m  [0m [96m               ~~~~~~~~~~~~~~~~~~~~~~~~~~~~~~~~~~~[0m[39m[22m
[1m[31m    Error occurs in the template of component MoreInformationComponent.[39m[22m
[1m[31m[39m[22m
[1m[31m[39m[22m
[1m[31m[39m[22m
[37m[39m
[37m[91mÃ—[39m[37m Failed to compile.[39m
[36mâ ‹[39m Generating browser application bundles...[2K[1G[36mâ ™[39m Generating browser application bundles (phase: building)...[2K[1G[36mâ ¹[39m Generating browser application bundles (phase: building)...[2K[1G[36mâ ¸[39m Generating browser application bundles (phase: building)...[2K[1G[36mâ ¼[39m Generating browser application bundles (phase: sealing)...[2K[1G[32mâœ”[39m Browser application bundle generation complete.
[37m[39m
[37m[0m[1mInitial Chunk Files[22m[2m | [22m[1mNames[22m  [2m | [22m [1mRaw Size[22m[0m[39m
[37m[0m[92mmain.js[39m[37m            [2m | [22mmain   [2m | [22m[96m694.37 kB[39m[37m[2m | [22m[0m[39m
[37m[0m[92mruntime.js[39m[37m         [2m | [22mruntime[2m | [22m  [96m6.86 kB[39m[37m[2m | [22m[0m[39m
[37m[0m[0m[39m
[37m[0m3 unchanged chunks[0m[39m
[37m[0m[0m[39m
[37m[0mBuild at: [1m[37m2023-12-10T22:29:16.355Z[39m[37m[22m - Hash: [1m[37m398b3829ee65f2c2[39m[37m[22m - Time: [1m[37m1175[39m[37m[22mms[0m[39m
[1m[31m[39m[22m
[1m[31m[0m[91mError: [39m[31m[0m[96mfrontend/app/src/modules/auth/components/organisms/register-step-three/register-step-three.component.html[0m:[93m16[0m:[93m10[0m - [91merror[0m[90m TS2322: [0mType 'string[]' is not assignable to type 'IOption[]'.[39m[22m
[1m[31m[39m[22m
[1m[31m[7m16[0m         [options]="availableAreasNames"[39m[22m
[1m[31m[7m  [0m [91m         ~~~~~~~[0m[39m[22m
[1m[31m[39m[22m
[1m[31m  [96mfrontend/app/src/modules/auth/components/organisms/register-step-three/register-step-three.component.ts[0m:[93m11[0m:[93m16[0m[39m[22m
[1m[31m    [7m11[0m   templateUrl: './register-step-three.component.html',[39m[22m
[1m[31m    [7m  [0m [96m               ~~~~~~~~~~~~~~~~~~~~~~~~~~~~~~~~~~~~~~[0m[39m[22m
[1m[31m    Error occurs in the template of component FormRegisterStepThreeComponent.[39m[22m
[1m[31m[39m[22m
[1m[31m[39m[22m
[1m[31m[0m[91mError: [39m[31m[0m[96mfrontend/app/src/modules/user-profile/components/organism/more-information/more-information.component.html[0m:[93m34[0m:[93m10[0m - [91merror[0m[90m TS2322: [0mType 'string[]' is not assignable to type 'IOption[]'.[39m[22m
[1m[31m[39m[22m
[1m[31m[7m34[0m         [options]="genders"[39m[22m
[1m[31m[7m  [0m [91m         ~~~~~~~[0m[39m[22m
[1m[31m[39m[22m
[1m[31m  [96mfrontend/app/src/modules/user-profile/components/organism/more-information/more-information.component.ts[0m:[93m44[0m:[93m16[0m[39m[22m
[1m[31m    [7m44[0m   templateUrl: './more-information.component.html',[39m[22m
[1m[31m    [7m  [0m [96m               ~~~~~~~~~~~~~~~~~~~~~~~~~~~~~~~~~~~[0m[39m[22m
[1m[31m    Error occurs in the template of component MoreInformationComponent.[39m[22m
[1m[31m[39m[22m
[1m[31m[39m[22m
[1m[31m[39m[22m
[37m[39m
[37m[91mÃ—[39m[37m Failed to compile.[39m
[36mâ ‹[39m Generating browser application bundles...[2K[1G[36mâ ™[39m Generating browser application bundles (phase: building)...[2K[1G[36mâ ¹[39m Generating browser application bundles (phase: building)...[2K[1G[36mâ ¸[39m Generating browser application bundles (phase: building)...[2K[1G[36mâ ¼[39m Generating browser application bundles (phase: sealing)...[2K[1G[32mâœ”[39m Browser application bundle generation complete.
[37m[39m
[37m[0m[1mInitial Chunk Files[22m[2m | [22m[1mNames[22m  [2m | [22m [1mRaw Size[22m[0m[39m
[37m[0m[92mmain.js[39m[37m            [2m | [22mmain   [2m | [22m[96m694.37 kB[39m[37m[2m | [22m[0m[39m
[37m[0m[92mruntime.js[39m[37m         [2m | [22mruntime[2m | [22m  [96m6.86 kB[39m[37m[2m | [22m[0m[39m
[37m[0m[0m[39m
[37m[0m3 unchanged chunks[0m[39m
[37m[0m[0m[39m
[37m[0mBuild at: [1m[37m2023-12-10T22:30:53.419Z[39m[37m[22m - Hash: [1m[37m1a50fc9be053f92b[39m[37m[22m - Time: [1m[37m2001[39m[37m[22mms[0m[39m
[1m[31m[39m[22m
[1m[31m[0m[91mError: [39m[31m[0m[96mfrontend/ui/components/molecules/select/select.component.ts[0m:[93m21[0m:[93m10[0m - [91merror[0m[90m TS2724: [0m'"./select.interface"' has no exported member named 'IOption'. Did you mean 'Option'?[39m[22m
[1m[31m[39m[22m
[1m[31m[7m21[0m import { IOption, SelectType } from './select.interface';[39m[22m
[1m[31m[7m  [0m [91m         ~~~~~~~[0m[39m[22m
[1m[31m[39m[22m
[1m[31m[39m[22m
[1m[31m[39m[22m
[37m[39m
[37m[91mÃ—[39m[37m Failed to compile.[39m
[36mâ ‹[39m Generating browser application bundles...[2K[1G[36mâ ™[39m Generating browser application bundles (phase: building)...[2K[1G[36mâ ¹[39m Generating browser application bundles (phase: building)...[2K[1G[36mâ ¸[39m Generating browser application bundles (phase: sealing)...[2K[1G[32mâœ”[39m Browser application bundle generation complete.
[37m[39m
[37m[0m[1mInitial Chunk Files[22m[2m | [22m[1mNames[22m  [2m | [22m [1mRaw Size[22m[0m[39m
[37m[0m[92mmain.js[39m[37m            [2m | [22mmain   [2m | [22m[96m694.37 kB[39m[37m[2m | [22m[0m[39m
[37m[0m[92mruntime.js[39m[37m         [2m | [22mruntime[2m | [22m  [96m6.86 kB[39m[37m[2m | [22m[0m[39m
[37m[0m[0m[39m
[37m[0m3 unchanged chunks[0m[39m
[37m[0m[0m[39m
[37m[0mBuild at: [1m[37m2023-12-10T22:31:07.087Z[39m[37m[22m - Hash: [1m[37md5b0891eab3a435a[39m[37m[22m - Time: [1m[37m1045[39m[37m[22mms[0m[39m
[1m[31m[39m[22m
[1m[31m[0m[91mError: [39m[31m[0m[96mfrontend/ui/components/molecules/select/select.component.ts[0m:[93m21[0m:[93m10[0m - [91merror[0m[90m TS2724: [0m'"./select.interface"' has no exported member named 'IOption'. Did you mean 'Option'?[39m[22m
[1m[31m[39m[22m
[1m[31m[7m21[0m import { IOption, SelectType } from './select.interface';[39m[22m
[1m[31m[7m  [0m [91m         ~~~~~~~[0m[39m[22m
[1m[31m[39m[22m
[1m[31m[39m[22m
[1m[31m[39m[22m
[37m[39m
[37m[91mÃ—[39m[37m Failed to compile.[39m
[36mâ ‹[39m Generating browser application bundles...[2K[1G[36mâ ™[39m Generating browser application bundles (phase: building)...[2K[1G[36mâ ¹[39m Generating browser application bundles (phase: building)...[2K[1G[36mâ ¸[39m Generating browser application bundles (phase: sealing)...[2K[1G[32mâœ”[39m Browser application bundle generation complete.
[37m[39m
[37m[0m[1mInitial Chunk Files[22m[2m | [22m[1mNames[22m  [2m | [22m [1mRaw Size[22m[0m[39m
[37m[0m[92mmain.js[39m[37m            [2m | [22mmain   [2m | [22m[96m694.37 kB[39m[37m[2m | [22m[0m[39m
[37m[0m[92mruntime.js[39m[37m         [2m | [22mruntime[2m | [22m  [96m6.86 kB[39m[37m[2m | [22m[0m[39m
[37m[0m[0m[39m
[37m[0m3 unchanged chunks[0m[39m
[37m[0m[0m[39m
[37m[0mBuild at: [1m[37m2023-12-10T22:31:24.687Z[39m[37m[22m - Hash: [1m[37m3d6e92b3432baea8[39m[37m[22m - Time: [1m[37m1425[39m[37m[22mms[0m[39m
[1m[31m[39m[22m
[1m[31m[0m[91mError: [39m[31m[0m[96mfrontend/ui/components/molecules/select/select.component.html[0m:[93m26[0m:[93m25[0m - [91merror[0m[90m TS2339: [0mProperty 'id' does not exist on type 'T'.[39m[22m
[1m[31m[39m[22m
[1m[31m[7m26[0m       [ngValue]="option.id"[39m[22m
[1m[31m[7m  [0m [91m                        ~~[0m[39m[22m
[1m[31m[39m[22m
[1m[31m  [96mfrontend/ui/components/molecules/select/select.component.ts[0m:[93m35[0m:[93m16[0m[39m[22m
[1m[31m    [7m35[0m   templateUrl: './select.component.html',[39m[22m
[1m[31m    [7m  [0m [96m               ~~~~~~~~~~~~~~~~~~~~~~~~~[0m[39m[22m
[1m[31m    Error occurs in the template of component SelectComponent.[39m[22m
[1m[31m[39m[22m
[1m[31m[39m[22m
[1m[31m[0m[91mError: [39m[31m[0m[96mfrontend/ui/components/molecules/select/select.component.html[0m:[93m26[0m:[93m25[0m - [91merror[0m[90m TS2339: [0mProperty 'id' does not exist on type 'T'.[39m[22m
[1m[31m[39m[22m
[1m[31m[7m26[0m       [ngValue]="option.id"[39m[22m
[1m[31m[7m  [0m [91m                        ~~[0m[39m[22m
[1m[31m[39m[22m
[1m[31m  [96mfrontend/ui/components/molecules/select/select.component.ts[0m:[93m35[0m:[93m16[0m[39m[22m
[1m[31m    [7m35[0m   templateUrl: './select.component.html',[39m[22m
[1m[31m    [7m  [0m [96m               ~~~~~~~~~~~~~~~~~~~~~~~~~[0m[39m[22m
[1m[31m    Error occurs in the template of component SelectComponent.[39m[22m
[1m[31m[39m[22m
[1m[31m[39m[22m
[1m[31m[0m[91mError: [39m[31m[0m[96mfrontend/ui/components/molecules/select/select.component.html[0m:[93m30[0m:[93m17[0m - [91merror[0m[90m TS2339: [0mProperty 'name' does not exist on type 'T'.[39m[22m
[1m[31m[39m[22m
[1m[31m[7m30[0m       {{ option.name }}[39m[22m
[1m[31m[7m  [0m [91m                ~~~~[0m[39m[22m
[1m[31m[39m[22m
[1m[31m  [96mfrontend/ui/components/molecules/select/select.component.ts[0m:[93m35[0m:[93m16[0m[39m[22m
[1m[31m    [7m35[0m   templateUrl: './select.component.html',[39m[22m
[1m[31m    [7m  [0m [96m               ~~~~~~~~~~~~~~~~~~~~~~~~~[0m[39m[22m
[1m[31m    Error occurs in the template of component SelectComponent.[39m[22m
[1m[31m[39m[22m
[1m[31m[39m[22m
[1m[31m[39m[22m
[37m[39m
[37m[91mÃ—[39m[37m Failed to compile.[39m
[36mâ ‹[39m Generating browser application bundles...[2K[1G[36mâ ™[39m Generating browser application bundles (phase: building)...[2K[1G[36mâ ¹[39m Generating browser application bundles (phase: building)...[2K[1G[36mâ ¸[39m Generating browser application bundles (phase: building)...[2K[1G[36mâ ¼[39m Generating browser application bundles (phase: building)...[2K[1G[36mâ ´[39m Generating browser application bundles (phase: sealing)...[2K[1G[32mâœ”[39m Browser application bundle generation complete.
[37m[39m
[37m[0m[1mInitial Chunk Files[22m[2m | [22m[1mNames[22m  [2m | [22m [1mRaw Size[22m[0m[39m
[37m[0m[92mmain.js[39m[37m            [2m | [22mmain   [2m | [22m[96m694.21 kB[39m[37m[2m | [22m[0m[39m
[37m[0m[92mruntime.js[39m[37m         [2m | [22mruntime[2m | [22m  [96m6.86 kB[39m[37m[2m | [22m[0m[39m
[37m[0m[0m[39m
[37m[0m3 unchanged chunks[0m[39m
[37m[0m[0m[39m
[37m[0mBuild at: [1m[37m2023-12-10T22:32:03.473Z[39m[37m[22m - Hash: [1m[37me2f49ad4fce5f1b2[39m[37m[22m - Time: [1m[37m1873[39m[37m[22mms[0m[39m
[1m[31m[39m[22m
[1m[31m[0m[91mError: [39m[31m[0m[96mfrontend/ui/components/molecules/select/select.component.html[0m:[93m26[0m:[93m25[0m - [91merror[0m[90m TS2339: [0mProperty 'id' does not exist on type 'T'.[39m[22m
[1m[31m[39m[22m
[1m[31m[7m26[0m       [ngValue]="option.id"[39m[22m
[1m[31m[7m  [0m [91m                        ~~[0m[39m[22m
[1m[31m[39m[22m
[1m[31m  [96mfrontend/ui/components/molecules/select/select.component.ts[0m:[93m35[0m:[93m16[0m[39m[22m
[1m[31m    [7m35[0m   templateUrl: './select.component.html',[39m[22m
[1m[31m    [7m  [0m [96m               ~~~~~~~~~~~~~~~~~~~~~~~~~[0m[39m[22m
[1m[31m    Error occurs in the template of component SelectComponent.[39m[22m
[1m[31m[39m[22m
[1m[31m[39m[22m
[1m[31m[0m[91mError: [39m[31m[0m[96mfrontend/ui/components/molecules/select/select.component.html[0m:[93m26[0m:[93m25[0m - [91merror[0m[90m TS2339: [0mProperty 'id' does not exist on type 'T'.[39m[22m
[1m[31m[39m[22m
[1m[31m[7m26[0m       [ngValue]="option.id"[39m[22m
[1m[31m[7m  [0m [91m                        ~~[0m[39m[22m
[1m[31m[39m[22m
[1m[31m  [96mfrontend/ui/components/molecules/select/select.component.ts[0m:[93m35[0m:[93m16[0m[39m[22m
[1m[31m    [7m35[0m   templateUrl: './select.component.html',[39m[22m
[1m[31m    [7m  [0m [96m               ~~~~~~~~~~~~~~~~~~~~~~~~~[0m[39m[22m
[1m[31m    Error occurs in the template of component SelectComponent.[39m[22m
[1m[31m[39m[22m
[1m[31m[39m[22m
[1m[31m[0m[91mError: [39m[31m[0m[96mfrontend/ui/components/molecules/select/select.component.html[0m:[93m30[0m:[93m17[0m - [91merror[0m[90m TS2339: [0mProperty 'name' does not exist on type 'T'.[39m[22m
[1m[31m[39m[22m
[1m[31m[7m30[0m       {{ option.name }}[39m[22m
[1m[31m[7m  [0m [91m                ~~~~[0m[39m[22m
[1m[31m[39m[22m
[1m[31m  [96mfrontend/ui/components/molecules/select/select.component.ts[0m:[93m35[0m:[93m16[0m[39m[22m
[1m[31m    [7m35[0m   templateUrl: './select.component.html',[39m[22m
[1m[31m    [7m  [0m [96m               ~~~~~~~~~~~~~~~~~~~~~~~~~[0m[39m[22m
[1m[31m    Error occurs in the template of component SelectComponent.[39m[22m
[1m[31m[39m[22m
[1m[31m[39m[22m
[1m[31m[39m[22m
[37m[39m
[37m[91mÃ—[39m[37m Failed to compile.[39m
[36mâ ‹[39m Generating browser application bundles...[2K[1G[36mâ ™[39m Generating browser application bundles (phase: building)...[2K[1G[36mâ ¹[39m Generating browser application bundles (phase: building)...[2K[1G[32mâœ”[39m Browser application bundle generation complete.
[37m[39m
[37m[0m[1mInitial Chunk Files[22m[2m | [22m[1mNames[22m  [2m | [22m [1mRaw Size[22m[0m[39m
[37m[0m[92mmain.js[39m[37m            [2m | [22mmain   [2m | [22m[96m694.29 kB[39m[37m[2m | [22m[0m[39m
[37m[0m[92mruntime.js[39m[37m         [2m | [22mruntime[2m | [22m  [96m6.86 kB[39m[37m[2m | [22m[0m[39m
[37m[0m[0m[39m
[37m[0m3 unchanged chunks[0m[39m
[37m[0m[0m[39m
[37m[0mBuild at: [1m[37m2023-12-10T22:32:44.673Z[39m[37m[22m - Hash: [1m[37m79610474707f924b[39m[37m[22m - Time: [1m[37m1071[39m[37m[22mms[0m[39m
[1m[31m[39m[22m
[1m[31m[0m[91mError: [39m[31m[0m[96mfrontend/ui/components/molecules/select/select.component.html[0m:[93m26[0m:[93m18[0m - [91merror[0m[90m TS2339: [0mProperty 'getOptionValue' does not exist on type 'SelectComponent<T>'.[39m[22m
[1m[31m[39m[22m
[1m[31m[7m26[0m       [ngValue]="getOptionValue(option)"[39m[22m
[1m[31m[7m  [0m [91m                 ~~~~~~~~~~~~~~[0m[39m[22m
[1m[31m[39m[22m
[1m[31m  [96mfrontend/ui/components/molecules/select/select.component.ts[0m:[93m35[0m:[93m16[0m[39m[22m
[1m[31m    [7m35[0m   templateUrl: './select.component.html',[39m[22m
[1m[31m    [7m  [0m [96m               ~~~~~~~~~~~~~~~~~~~~~~~~~[0m[39m[22m
[1m[31m    Error occurs in the template of component SelectComponent.[39m[22m
[1m[31m[39m[22m
[1m[31m[39m[22m
[1m[31m[0m[91mError: [39m[31m[0m[96mfrontend/ui/components/molecules/select/select.component.html[0m:[93m26[0m:[93m18[0m - [91merror[0m[90m TS2339: [0mProperty 'getOptionValue' does not exist on type 'SelectComponent<T>'.[39m[22m
[1m[31m[39m[22m
[1m[31m[7m26[0m       [ngValue]="getOptionValue(option)"[39m[22m
[1m[31m[7m  [0m [91m                 ~~~~~~~~~~~~~~[0m[39m[22m
[1m[31m[39m[22m
[1m[31m  [96mfrontend/ui/components/molecules/select/select.component.ts[0m:[93m35[0m:[93m16[0m[39m[22m
[1m[31m    [7m35[0m   templateUrl: './select.component.html',[39m[22m
[1m[31m    [7m  [0m [96m               ~~~~~~~~~~~~~~~~~~~~~~~~~[0m[39m[22m
[1m[31m    Error occurs in the template of component SelectComponent.[39m[22m
[1m[31m[39m[22m
[1m[31m[39m[22m
[1m[31m[0m[91mError: [39m[31m[0m[96mfrontend/ui/components/molecules/select/select.component.html[0m:[93m30[0m:[93m10[0m - [91merror[0m[90m TS2339: [0mProperty 'getOptionDisplay' does not exist on type 'SelectComponent<T>'.[39m[22m
[1m[31m[39m[22m
[1m[31m[7m30[0m       {{ getOptionDisplay(option) }}[39m[22m
[1m[31m[7m  [0m [91m         ~~~~~~~~~~~~~~~~[0m[39m[22m
[1m[31m[39m[22m
[1m[31m  [96mfrontend/ui/components/molecules/select/select.component.ts[0m:[93m35[0m:[93m16[0m[39m[22m
[1m[31m    [7m35[0m   templateUrl: './select.component.html',[39m[22m
[1m[31m    [7m  [0m [96m               ~~~~~~~~~~~~~~~~~~~~~~~~~[0m[39m[22m
[1m[31m    Error occurs in the template of component SelectComponent.[39m[22m
[1m[31m[39m[22m
[1m[31m[39m[22m
[1m[31m[39m[22m
[37m[39m
[37m[91mÃ—[39m[37m Failed to compile.[39m
[36mâ ‹[39m Generating browser application bundles...[2K[1G[36mâ ™[39m Generating browser application bundles (phase: building)...[2K[1G[36mâ ¹[39m Generating browser application bundles (phase: building)...[2K[1G[36mâ ¸[39m Generating browser application bundles (phase: building)...[2K[1G[36mâ ¼[39m Generating browser application bundles (phase: sealing)...[2K[1G[36mâ ´[39m Generating browser application bundles (phase: emitting)...[2K[1G[32mâœ”[39m Browser application bundle generation complete.
[37m[39m
[37m[0m[1mInitial Chunk Files[22m[2m | [22m[1mNames[22m  [2m | [22m [1mRaw Size[22m[0m[39m
[37m[0m[92mmain.js[39m[37m            [2m | [22mmain   [2m | [22m[96m694.47 kB[39m[37m[2m | [22m[0m[39m
[37m[0m[92mruntime.js[39m[37m         [2m | [22mruntime[2m | [22m  [96m6.86 kB[39m[37m[2m | [22m[0m[39m
[37m[0m[0m[39m
[37m[0m3 unchanged chunks[0m[39m
[37m[0m[0m[39m
[37m[0mBuild at: [1m[37m2023-12-10T22:32:58.735Z[39m[37m[22m - Hash: [1m[37m7bcf313da54342f9[39m[37m[22m - Time: [1m[37m1405[39m[37m[22mms[0m[39m
[37m[39m
[37m[92mâˆš[39m[37m Compiled successfully.[39m
[36mâ ‹[39m Generating browser application bundles...[2K[1G[36mâ ™[39m Generating browser application bundles (phase: building)...[2K[1G[36mâ ¹[39m Generating browser application bundles (phase: building)...[2K[1G[36mâ ¸[39m Generating browser application bundles (phase: building)...[2K[1G[36mâ ¼[39m Generating browser application bundles (phase: building)...[2K[1G[36mâ ´[39m Generating browser application bundles (phase: building)...[2K[1G[36mâ ¦[39m Generating browser application bundles (phase: sealing)...[2K[1G[32mâœ”[39m Browser application bundle generation complete.
[37m[39m
[37m[0m[1mInitial Chunk Files[22m[2m | [22m[1mNames[22m  [2m | [22m [1mRaw Size[22m[0m[39m
[37m[0m[92mmain.js[39m[37m            [2m | [22mmain   [2m | [22m[96m694.47 kB[39m[37m[2m | [22m[0m[39m
[37m[0m[92mruntime.js[39m[37m         [2m | [22mruntime[2m | [22m  [96m6.86 kB[39m[37m[2m | [22m[0m[39m
[37m[0m[0m[39m
[37m[0m3 unchanged chunks[0m[39m
[37m[0m[0m[39m
[37m[0mBuild at: [1m[37m2023-12-10T22:39:58.918Z[39m[37m[22m - Hash: [1m[37m2fd0a2adb2893153[39m[37m[22m - Time: [1m[37m1364[39m[37m[22mms[0m[39m
[1m[31m[39m[22m
[1m[31m[0m[91mError: [39m[31m[0m[96mfrontend/app/src/modules/user-profile/service/state/user.state.service.ts[0m:[93m39[0m:[93m17[0m - [91merror[0m[90m TS2322: [0mType 'string' is not assignable to type 'ISpecialties'.[39m[22m
[1m[31m[39m[22m
[1m[31m[7m39[0m     specialty: [''],[39m[22m
[1m[31m[7m  [0m [91m                ~~[0m[39m[22m
[1m[31m[39m[22m
[1m[31m[39m[22m
[1m[31m[39m[22m
[37m[39m
[37m[91mÃ—[39m[37m Failed to compile.[39m
[36mâ ‹[39m Generating browser application bundles...[2K[1G[36mâ ™[39m Generating browser application bundles (phase: building)...[2K[1G[36mâ ¹[39m Generating browser application bundles (phase: building)...[2K[1G[36mâ ¸[39m Generating browser application bundles (phase: building)...[2K[1G[36mâ ¼[39m Generating browser application bundles (phase: sealing)...[2K[1G[32mâœ”[39m Browser application bundle generation complete.
[37m[39m
[37m[0m[1mInitial Chunk Files[22m[2m | [22m[1mNames[22m  [2m | [22m [1mRaw Size[22m[0m[39m
[37m[0m[92mmain.js[39m[37m            [2m | [22mmain   [2m | [22m[96m694.47 kB[39m[37m[2m | [22m[0m[39m
[37m[0m[92mruntime.js[39m[37m         [2m | [22mruntime[2m | [22m  [96m6.86 kB[39m[37m[2m | [22m[0m[39m
[37m[0m[0m[39m
[37m[0m3 unchanged chunks[0m[39m
[37m[0m[0m[39m
[37m[0mBuild at: [1m[37m2023-12-10T22:40:32.760Z[39m[37m[22m - Hash: [1m[37mba6ee1aba974ca3b[39m[37m[22m - Time: [1m[37m1326[39m[37m[22mms[0m[39m
[1m[31m[39m[22m
[1m[31m[0m[91mError: [39m[31m[0m[96mfrontend/app/src/modules/user-profile/service/state/user.state.service.ts[0m:[93m39[0m:[93m5[0m - [91merror[0m[90m TS2739: [0mType 'string[]' is missing the following properties from type 'ISpecialties': id, name[39m[22m
[1m[31m[39m[22m
[1m[31m[7m39[0m     specialty: [''],[39m[22m
[1m[31m[7m  [0m [91m    ~~~~~~~~~[0m[39m[22m
[1m[31m[39m[22m
[1m[31m  [96mfrontend/app/src/modules/user-profile/types/user.types.ts[0m:[93m35[0m:[93m3[0m[39m[22m
[1m[31m    [7m35[0m   specialty: ISpecialties;[39m[22m
[1m[31m    [7m  [0m [96m  ~~~~~~~~~[0m[39m[22m
[1m[31m    The expected type comes from property 'specialty' which is declared here on type 'ISimplifiedUserEditProfile | Partial<ISimplifiedUserEditProfile>'[39m[22m
[1m[31m[39m[22m
[1m[31m[39m[22m
[1m[31m[0m[91mError: [39m[31m[0m[96mfrontend/app/src/modules/user-profile/service/state/user.state.service.ts[0m:[93m40[0m:[93m5[0m - [91merror[0m[90m TS2322: [0mType 'string' is not assignable to type 'ICountries'.[39m[22m
[1m[31m[39m[22m
[1m[31m[7m40[0m     country: '',[39m[22m
[1m[31m[7m  [0m [91m    ~~~~~~~[0m[39m[22m
[1m[31m[39m[22m
[1m[31m  [96mfrontend/app/src/modules/user-profile/types/user.types.ts[0m:[93m36[0m:[93m3[0m[39m[22m
[1m[31m    [7m36[0m   country: ICountries;[39m[22m
[1m[31m    [7m  [0m [96m  ~~~~~~~[0m[39m[22m
[1m[31m    The expected type comes from property 'country' which is declared here on type 'ISimplifiedUserEditProfile | Partial<ISimplifiedUserEditProfile>'[39m[22m
[1m[31m[39m[22m
[1m[31m[39m[22m
[1m[31m[39m[22m
[37m[39m
[37m[91mÃ—[39m[37m Failed to compile.[39m
[36mâ ‹[39m Generating browser application bundles...[2K[1G[36mâ ™[39m Generating browser application bundles (phase: building)...[2K[1G[36mâ ¹[39m Generating browser application bundles (phase: building)...[2K[1G[36mâ ¸[39m Generating browser application bundles (phase: building)...[2K[1G[36mâ ¼[39m Generating browser application bundles (phase: sealing)...[2K[1G[32mâœ”[39m Browser application bundle generation complete.
[37m[39m
[37m[0m[1mInitial Chunk Files[22m[2m | [22m[1mNames[22m  [2m | [22m [1mRaw Size[22m[0m[39m
[37m[0m[92mmain.js[39m[37m            [2m | [22mmain   [2m | [22m[96m694.47 kB[39m[37m[2m | [22m[0m[39m
[37m[0m[92mruntime.js[39m[37m         [2m | [22mruntime[2m | [22m  [96m6.86 kB[39m[37m[2m | [22m[0m[39m
[37m[0m[0m[39m
[37m[0m3 unchanged chunks[0m[39m
[37m[0m[0m[39m
[37m[0mBuild at: [1m[37m2023-12-10T22:43:49.864Z[39m[37m[22m - Hash: [1m[37m7853a0259f3c3306[39m[37m[22m - Time: [1m[37m1306[39m[37m[22mms[0m[39m
[1m[31m[39m[22m
[1m[31m[0m[91mError: [39m[31m[0m[96mfrontend/app/src/modules/user-profile/service/state/user.state.service.ts[0m:[93m39[0m:[93m17[0m - [91merror[0m[90m TS2322: [0mType 'string' is not assignable to type 'ISpecialties'.[39m[22m
[1m[31m[39m[22m
[1m[31m[7m39[0m     specialty: [''],[39m[22m
[1m[31m[7m  [0m [91m                ~~[0m[39m[22m
[1m[31m[39m[22m
[1m[31m[39m[22m
[1m[31m[0m[91mError: [39m[31m[0m[96mfrontend/app/src/modules/user-profile/service/state/user.state.service.ts[0m:[93m40[0m:[93m5[0m - [91merror[0m[90m TS2322: [0mType 'string' is not assignable to type 'ICountries[]'.[39m[22m
[1m[31m[39m[22m
[1m[31m[7m40[0m     country: '',[39m[22m
[1m[31m[7m  [0m [91m    ~~~~~~~[0m[39m[22m
[1m[31m[39m[22m
[1m[31m  [96mfrontend/app/src/modules/user-profile/types/user.types.ts[0m:[93m36[0m:[93m3[0m[39m[22m
[1m[31m    [7m36[0m   country: ICountries[];[39m[22m
[1m[31m    [7m  [0m [96m  ~~~~~~~[0m[39m[22m
[1m[31m    The expected type comes from property 'country' which is declared here on type 'ISimplifiedUserEditProfile | Partial<ISimplifiedUserEditProfile>'[39m[22m
[1m[31m[39m[22m
[1m[31m[39m[22m
[1m[31m[39m[22m
[37m[39m
[37m[91mÃ—[39m[37m Failed to compile.[39m
[36mâ ‹[39m Generating browser application bundles...[2K[1G[36mâ ™[39m Generating browser application bundles (phase: building)...[2K[1G[36mâ ¹[39m Generating browser application bundles (phase: building)...[2K[1G[36mâ ¸[39m Generating browser application bundles (phase: building)...[2K[1G[36mâ ¼[39m Generating browser application bundles (phase: building)...[2K[1G[36mâ ´[39m Generating browser application bundles (phase: sealing)...[2K[1G[32mâœ”[39m Browser application bundle generation complete.
[37m[39m
[37m[0m[1mInitial Chunk Files[22m[2m | [22m[1mNames[22m  [2m | [22m [1mRaw Size[22m[0m[39m
[37m[0m[92mmain.js[39m[37m            [2m | [22mmain   [2m | [22m[96m694.47 kB[39m[37m[2m | [22m[0m[39m
[37m[0m[92mruntime.js[39m[37m         [2m | [22mruntime[2m | [22m  [96m6.86 kB[39m[37m[2m | [22m[0m[39m
[37m[0m[0m[39m
[37m[0m3 unchanged chunks[0m[39m
[37m[0m[0m[39m
[37m[0mBuild at: [1m[37m2023-12-10T22:44:26.393Z[39m[37m[22m - Hash: [1m[37m5d7a35a2b205e7d1[39m[37m[22m - Time: [1m[37m1495[39m[37m[22mms[0m[39m
[1m[31m[39m[22m
[1m[31m[0m[91mError: [39m[31m[0m[96mfrontend/app/src/modules/user-profile/service/state/user.state.service.ts[0m:[93m39[0m:[93m5[0m - [91merror[0m[90m TS2739: [0mType 'string[]' is missing the following properties from type 'ISpecialties': id, name[39m[22m
[1m[31m[39m[22m
[1m[31m[7m39[0m     specialty: [''],[39m[22m
[1m[31m[7m  [0m [91m    ~~~~~~~~~[0m[39m[22m
[1m[31m[39m[22m
[1m[31m  [96mfrontend/app/src/modules/user-profile/types/user.types.ts[0m:[93m35[0m:[93m3[0m[39m[22m
[1m[31m    [7m35[0m   specialty: ISpecialties;[39m[22m
[1m[31m    [7m  [0m [96m  ~~~~~~~~~[0m[39m[22m
[1m[31m    The expected type comes from property 'specialty' which is declared here on type 'ISimplifiedUserEditProfile | Partial<ISimplifiedUserEditProfile>'[39m[22m
[1m[31m[39m[22m
[1m[31m[39m[22m
[1m[31m[0m[91mError: [39m[31m[0m[96mfrontend/app/src/modules/user-profile/service/state/user.state.service.ts[0m:[93m40[0m:[93m5[0m - [91merror[0m[90m TS2322: [0mType 'string' is not assignable to type 'ICountries'.[39m[22m
[1m[31m[39m[22m
[1m[31m[7m40[0m     country: '',[39m[22m
[1m[31m[7m  [0m [91m    ~~~~~~~[0m[39m[22m
[1m[31m[39m[22m
[1m[31m  [96mfrontend/app/src/modules/user-profile/types/user.types.ts[0m:[93m36[0m:[93m3[0m[39m[22m
[1m[31m    [7m36[0m   country: ICountries;[39m[22m
[1m[31m    [7m  [0m [96m  ~~~~~~~[0m[39m[22m
[1m[31m    The expected type comes from property 'country' which is declared here on type 'ISimplifiedUserEditProfile | Partial<ISimplifiedUserEditProfile>'[39m[22m
[1m[31m[39m[22m
[1m[31m[39m[22m
[1m[31m[39m[22m
[37m[39m
[37m[91mÃ—[39m[37m Failed to compile.[39m
[36mâ ‹[39m Generating browser application bundles...[2K[1G[36mâ ™[39m Generating browser application bundles (phase: building)...[2K[1G[36mâ ¹[39m Generating browser application bundles (phase: building)...[2K[1G[36mâ ¸[39m Generating browser application bundles (phase: building)...[2K[1G[36mâ ¼[39m Generating browser application bundles (phase: building)...[2K[1G[36mâ ´[39m Generating browser application bundles (phase: building)...[2K[1G[36mâ ¦[39m Generating browser application bundles (phase: sealing)...[2K[1G[32mâœ”[39m Browser application bundle generation complete.
[37m[39m
[37m[0m[1mInitial Chunk Files[22m[2m | [22m[1mNames[22m  [2m | [22m [1mRaw Size[22m[0m[39m
[37m[0m[92mmain.js[39m[37m            [2m | [22mmain   [2m | [22m[96m694.47 kB[39m[37m[2m | [22m[0m[39m
[37m[0m[92mruntime.js[39m[37m         [2m | [22mruntime[2m | [22m  [96m6.86 kB[39m[37m[2m | [22m[0m[39m
[37m[0m[0m[39m
[37m[0m3 unchanged chunks[0m[39m
[37m[0m[0m[39m
[37m[0mBuild at: [1m[37m2023-12-10T22:45:31.239Z[39m[37m[22m - Hash: [1m[37mcb4744c4f88efd6c[39m[37m[22m - Time: [1m[37m1658[39m[37m[22mms[0m[39m
[1m[31m[39m[22m
[1m[31m[0m[91mError: [39m[31m[0m[96mfrontend/app/src/modules/user-profile/service/state/user.state.service.ts[0m:[93m39[0m:[93m5[0m - [91merror[0m[90m TS2739: [0mType 'string[]' is missing the following properties from type 'ISpecialties': id, name[39m[22m
[1m[31m[39m[22m
[1m[31m[7m39[0m     specialty: [''],[39m[22m
[1m[31m[7m  [0m [91m    ~~~~~~~~~[0m[39m[22m
[1m[31m[39m[22m
[1m[31m  [96mfrontend/app/src/modules/user-profile/types/user.types.ts[0m:[93m35[0m:[93m3[0m[39m[22m
[1m[31m    [7m35[0m   specialty: ISpecialties;[39m[22m
[1m[31m    [7m  [0m [96m  ~~~~~~~~~[0m[39m[22m
[1m[31m    The expected type comes from property 'specialty' which is declared here on type 'ISimplifiedUserEditProfile | Partial<ISimplifiedUserEditProfile>'[39m[22m
[1m[31m[39m[22m
[1m[31m[39m[22m
[1m[31m[0m[91mError: [39m[31m[0m[96mfrontend/app/src/modules/user-profile/service/state/user.state.service.ts[0m:[93m40[0m:[93m5[0m - [91merror[0m[90m TS2322: [0mType 'string' is not assignable to type 'ICountries'.[39m[22m
[1m[31m[39m[22m
[1m[31m[7m40[0m     country: '',[39m[22m
[1m[31m[7m  [0m [91m    ~~~~~~~[0m[39m[22m
[1m[31m[39m[22m
[1m[31m  [96mfrontend/app/src/modules/user-profile/types/user.types.ts[0m:[93m36[0m:[93m3[0m[39m[22m
[1m[31m    [7m36[0m   country: ICountries;[39m[22m
[1m[31m    [7m  [0m [96m  ~~~~~~~[0m[39m[22m
[1m[31m    The expected type comes from property 'country' which is declared here on type 'ISimplifiedUserEditProfile | Partial<ISimplifiedUserEditProfile>'[39m[22m
[1m[31m[39m[22m
[1m[31m[39m[22m
[1m[31m[39m[22m
[37m[39m
[37m[91mÃ—[39m[37m Failed to compile.[39m
[36mâ ‹[39m Generating browser application bundles...[2K[1G[36mâ ™[39m Generating browser application bundles (phase: building)...[2K[1G[36mâ ¹[39m Generating browser application bundles (phase: building)...[2K[1G[36mâ ¸[39m Generating browser application bundles (phase: building)...[2K[1G[36mâ ¼[39m Generating browser application bundles (phase: sealing)...[2K[1G[32mâœ”[39m Browser application bundle generation complete.
[37m[39m
[37m[0m[1mInitial Chunk Files[22m[2m | [22m[1mNames[22m  [2m | [22m [1mRaw Size[22m[0m[39m
[37m[0m[92mmain.js[39m[37m            [2m | [22mmain   [2m | [22m[96m694.47 kB[39m[37m[2m | [22m[0m[39m
[37m[0m[92mruntime.js[39m[37m         [2m | [22mruntime[2m | [22m  [96m6.86 kB[39m[37m[2m | [22m[0m[39m
[37m[0m[0m[39m
[37m[0m3 unchanged chunks[0m[39m
[37m[0m[0m[39m
[37m[0mBuild at: [1m[37m2023-12-10T22:45:38.924Z[39m[37m[22m - Hash: [1m[37me83a0ca54ae232ee[39m[37m[22m - Time: [1m[37m1443[39m[37m[22mms[0m[39m
[1m[31m[39m[22m
[1m[31m[0m[91mError: [39m[31m[0m[96mfrontend/app/src/modules/user-profile/service/state/user.state.service.ts[0m:[93m39[0m:[93m5[0m - [91merror[0m[90m TS2739: [0mType 'string[]' is missing the following properties from type 'ISpecialties': id, name[39m[22m
[1m[31m[39m[22m
[1m[31m[7m39[0m     specialty: [''],[39m[22m
[1m[31m[7m  [0m [91m    ~~~~~~~~~[0m[39m[22m
[1m[31m[39m[22m
[1m[31m  [96mfrontend/app/src/modules/user-profile/types/user.types.ts[0m:[93m35[0m:[93m3[0m[39m[22m
[1m[31m    [7m35[0m   specialty: ISpecialties;[39m[22m
[1m[31m    [7m  [0m [96m  ~~~~~~~~~[0m[39m[22m
[1m[31m    The expected type comes from property 'specialty' which is declared here on type 'ISimplifiedUserEditProfile | Partial<ISimplifiedUserEditProfile>'[39m[22m
[1m[31m[39m[22m
[1m[31m[39m[22m
[1m[31m[0m[91mError: [39m[31m[0m[96mfrontend/app/src/modules/user-profile/service/state/user.state.service.ts[0m:[93m40[0m:[93m5[0m - [91merror[0m[90m TS2322: [0mType 'string' is not assignable to type 'ICountries'.[39m[22m
[1m[31m[39m[22m
[1m[31m[7m40[0m     country: '',[39m[22m
[1m[31m[7m  [0m [91m    ~~~~~~~[0m[39m[22m
[1m[31m[39m[22m
[1m[31m  [96mfrontend/app/src/modules/user-profile/types/user.types.ts[0m:[93m36[0m:[93m3[0m[39m[22m
[1m[31m    [7m36[0m   country: ICountries;[39m[22m
[1m[31m    [7m  [0m [96m  ~~~~~~~[0m[39m[22m
[1m[31m    The expected type comes from property 'country' which is declared here on type 'ISimplifiedUserEditProfile | Partial<ISimplifiedUserEditProfile>'[39m[22m
[1m[31m[39m[22m
[1m[31m[39m[22m
[1m[31m[39m[22m
[37m[39m
[37m[91mÃ—[39m[37m Failed to compile.[39m
[36mâ ‹[39m Generating browser application bundles...[2K[1G[36mâ ™[39m Generating browser application bundles (phase: building)...[2K[1G[36mâ ¹[39m Generating browser application bundles (phase: building)...[2K[1G[36mâ ¸[39m Generating browser application bundles (phase: building)...[2K[1G[36mâ ¼[39m Generating browser application bundles (phase: sealing)...[2K[1G[32mâœ”[39m Browser application bundle generation complete.
[37m[39m
[37m[0m[1mInitial Chunk Files[22m[2m | [22m[1mNames[22m  [2m | [22m [1mRaw Size[22m[0m[39m
[37m[0m[92mmain.js[39m[37m            [2m | [22mmain   [2m | [22m[96m694.47 kB[39m[37m[2m | [22m[0m[39m
[37m[0m[92mruntime.js[39m[37m         [2m | [22mruntime[2m | [22m  [96m6.86 kB[39m[37m[2m | [22m[0m[39m
[37m[0m[0m[39m
[37m[0m3 unchanged chunks[0m[39m
[37m[0m[0m[39m
[37m[0mBuild at: [1m[37m2023-12-10T22:47:18.163Z[39m[37m[22m - Hash: [1m[37m4290222f7d904e48[39m[37m[22m - Time: [1m[37m1760[39m[37m[22mms[0m[39m
[1m[31m[39m[22m
[1m[31m[0m[91mError: [39m[31m[0m[96mfrontend/app/src/modules/user-profile/components/organism/more-information/more-information.component.ts[0m:[93m82[0m:[93m9[0m - [91merror[0m[90m TS2322: [0mType 'FormControl<null>' is not assignable to type 'FormControl<ISpecialties>'.[39m[22m
[1m[31m  Type 'null' is not assignable to type 'ISpecialties'.[39m[22m
[1m[31m[39m[22m
[1m[31m[7m82[0m         specialty: this.formBuilder.control(null),[39m[22m
[1m[31m[7m  [0m [91m        ~~~~~~~~~[0m[39m[22m
[1m[31m[39m[22m
[1m[31m  [96mfrontend/app/src/modules/user-profile/types/forms.types.ts[0m:[93m48[0m:[93m3[0m[39m[22m
[1m[31m    [7m48[0m   specialty: FormControl<ISpecialties>;[39m[22m
[1m[31m    [7m  [0m [96m  ~~~~~~~~~[0m[39m[22m
[1m[31m    The expected type comes from property 'specialty' which is declared here on type 'IFormMoreInfo'[39m[22m
[1m[31m[39m[22m
[1m[31m[39m[22m
[1m[31m[0m[91mError: [39m[31m[0m[96mfrontend/app/src/modules/user-profile/components/organism/more-information/more-information.component.ts[0m:[93m83[0m:[93m9[0m - [91merror[0m[90m TS2322: [0mType 'FormControl<null>' is not assignable to type 'FormControl<ICountries>'.[39m[22m
[1m[31m  Type 'null' is not assignable to type 'ICountries'.[39m[22m
[1m[31m[39m[22m
[1m[31m[7m83[0m         country: this.formBuilder.control(null),[39m[22m
[1m[31m[7m  [0m [91m        ~~~~~~~[0m[39m[22m
[1m[31m[39m[22m
[1m[31m  [96mfrontend/app/src/modules/user-profile/types/forms.types.ts[0m:[93m49[0m:[93m3[0m[39m[22m
[1m[31m    [7m49[0m   country: FormControl<ICountries>;[39m[22m
[1m[31m    [7m  [0m [96m  ~~~~~~~[0m[39m[22m
[1m[31m    The expected type comes from property 'country' which is declared here on type 'IFormMoreInfo'[39m[22m
[1m[31m[39m[22m
[1m[31m[39m[22m
[1m[31m[0m[91mError: [39m[31m[0m[96mfrontend/app/src/modules/user-profile/service/state/user.state.service.ts[0m:[93m39[0m:[93m5[0m - [91merror[0m[90m TS2739: [0mType 'string[]' is missing the following properties from type 'ISpecialties': id, name[39m[22m
[1m[31m[39m[22m
[1m[31m[7m39[0m     specialty: [''],[39m[22m
[1m[31m[7m  [0m [91m    ~~~~~~~~~[0m[39m[22m
[1m[31m[39m[22m
[1m[31m  [96mfrontend/app/src/modules/user-profile/types/user.types.ts[0m:[93m35[0m:[93m3[0m[39m[22m
[1m[31m    [7m35[0m   specialty: ISpecialties;[39m[22m
[1m[31m    [7m  [0m [96m  ~~~~~~~~~[0m[39m[22m
[1m[31m    The expected type comes from property 'specialty' w[39m[22m[1m[31mhich is declared here on type 'ISimplifiedUserEditProfile | Partial<ISimplifiedUserEditProfile>'[39m[22m
[1m[31m[39m[22m
[1m[31m[39m[22m
[1m[31m[0m[91mError: [39m[31m[0m[96mfrontend/app/src/modules/user-profile/service/state/user.state.service.ts[0m:[93m40[0m:[93m5[0m - [91merror[0m[90m TS2322: [0mType 'string' is not assignable to type 'ICountries'.[39m[22m
[1m[31m[39m[22m
[1m[31m[7m40[0m     country: '',[39m[22m
[1m[31m[7m  [0m [91m    ~~~~~~~[0m[39m[22m
[1m[31m[39m[22m
[1m[31m  [96mfrontend/app/src/modules/user-profile/types/user.types.ts[0m:[93m36[0m:[93m3[0m[39m[22m
[1m[31m    [7m36[0m   country: ICountries;[39m[22m
[1m[31m    [7m  [0m [96m  ~~~~~~~[0m[39m[22m
[1m[31m    The expected type comes from property 'country' which is declared here on type 'ISimplifiedUserEditProfile | Partial<ISimplifiedUserEditProfile>'[39m[22m
[1m[31m[39m[22m
[1m[31m[39m[22m
[1m[31m[39m[22m
[37m[39m
[37m[91mÃ—[39m[37m Failed to compile.[39m
[36mâ ‹[39m Generating browser application bundles...[2K[1G[36mâ ™[39m Generating browser application bundles (phase: building)...[2K[1G[36mâ ¹[39m Generating browser application bundles (phase: building)...[2K[1G[36mâ ¸[39m Generating browser application bundles (phase: building)...[2K[1G[36mâ ¼[39m Generating browser application bundles (phase: building)...[2K[1G[36mâ ´[39m Generating browser application bundles (phase: sealing)...[2K[1G[32mâœ”[39m Browser application bundle generation complete.
[37m[39m
[37m[0m[1mInitial Chunk Files[22m[2m | [22m[1mNames[22m  [2m | [22m [1mRaw Size[22m[0m[39m
[37m[0m[92mmain.js[39m[37m            [2m | [22mmain   [2m | [22m[96m694.55 kB[39m[37m[2m | [22m[0m[39m
[37m[0m[92mruntime.js[39m[37m         [2m | [22mruntime[2m | [22m  [96m6.86 kB[39m[37m[2m | [22m[0m[39m
[37m[0m[0m[39m
[37m[0m3 unchanged chunks[0m[39m
[37m[0m[0m[39m
[37m[0mBuild at: [1m[37m2023-12-10T22:47:59.871Z[39m[37m[22m - Hash: [1m[37m4f8b5e0036af1e8a[39m[37m[22m - Time: [1m[37m1535[39m[37m[22mms[0m[39m
[1m[31m[39m[22m
[1m[31m[0m[91mError: [39m[31m[0m[96mfrontend/app/src/modules/user-profile/components/organism/more-information/more-information.component.html[0m:[93m55[0m:[93m10[0m - [91merror[0m[90m TS2322: [0mType 'ISpecialties[]' is not assignable to type 'Option[]'.[39m[22m
[1m[31m[39m[22m
[1m[31m[7m55[0m         [options]="specialtiesOptions"[39m[22m
[1m[31m[7m  [0m [91m         ~~~~~~~[0m[39m[22m
[1m[31m[39m[22m
[1m[31m  [96mfrontend/app/src/modules/user-profile/components/organism/more-information/more-information.component.ts[0m:[93m44[0m:[93m16[0m[39m[22m
[1m[31m    [7m44[0m   templateUrl: './more-information.component.html',[39m[22m
[1m[31m    [7m  [0m [96m               ~~~~~~~~~~~~~~~~~~~~~~~~~~~~~~~~~~~[0m[39m[22m
[1m[31m    Error occurs in the template of component MoreInformationComponent.[39m[22m
[1m[31m[39m[22m
[1m[31m[39m[22m
[1m[31m[0m[91mError: [39m[31m[0m[96mfrontend/app/src/modules/user-profile/components/organism/more-information/more-information.component.html[0m:[93m66[0m:[93m10[0m - [91merror[0m[90m TS2322: [0mType 'ICountries[]' is not assignable to type 'Option[]'.[39m[22m
[1m[31m[39m[22m
[1m[31m[7m66[0m         [options]="countriesOptions"[39m[22m
[1m[31m[7m  [0m [91m         ~~~~~~~[0m[39m[22m
[1m[31m[39m[22m
[1m[31m  [96mfrontend/app/src/modules/user-profile/components/organism/more-information/more-information.component.ts[0m:[93m44[0m:[93m16[0m[39m[22m
[1m[31m    [7m44[0m   templateUrl: './more-information.component.html',[39m[22m
[1m[31m    [7m  [0m [96m               ~~~~~~~~~~~~~~~~~~~~~~~~~~~~~~~~~~~[0m[39m[22m
[1m[31m    Error occurs in the template of component MoreInformationComponent.[39m[22m
[1m[31m[39m[22m
[1m[31m[39m[22m
[1m[31m[0m[91mError: [39m[31m[0m[96mfrontend/app/src/modules/user-profile/service/state/user.state.service.ts[0m:[93m39[0m:[93m5[0m - [91merror[0m[90m TS2739: [0mType 'string[]' is missing the following properties from type 'ISpecialties': id, name[39m[22m
[1m[31m[39m[22m
[1m[31m[7m39[0m     specialty: [''],[39m[22m
[1m[31m[7m  [0m [91m    ~~~~~~~~~[0m[39m[22m
[1m[31m[39m[22m
[1m[31m  [96mfrontend/app/src/modules/user-profile/types/user.types.ts[0m:[93m35[0m:[93m3[0m[39m[22m
[1m[31m    [7m35[0m   specialty: ISpecialties;[39m[22m
[1m[31m    [7m  [0m [96m  ~~~~~~~~~[0m[39m[22m
[1m[31m    The expected type comes from property 'specialty' which is declared here on[39m[22m[1m[31m type 'ISimplifiedUserEditProfile | Partial<ISimplifiedUserEditProfile>'[39m[22m
[1m[31m[39m[22m
[1m[31m[39m[22m
[1m[31m[0m[91mError: [39m[31m[0m[96mfrontend/app/src/modules/user-profile/service/state/user.state.service.ts[0m:[93m40[0m:[93m5[0m - [91merror[0m[90m TS2322: [0mType 'string' is not assignable to type 'ICountries'.[39m[22m
[1m[31m[39m[22m
[1m[31m[7m40[0m     country: '',[39m[22m
[1m[31m[7m  [0m [91m    ~~~~~~~[0m[39m[22m
[1m[31m[39m[22m
[1m[31m  [96mfrontend/app/src/modules/user-profile/types/user.types.ts[0m:[93m36[0m:[93m3[0m[39m[22m
[1m[31m    [7m36[0m   country: ICountries;[39m[22m
[1m[31m    [7m  [0m [96m  ~~~~~~~[0m[39m[22m
[1m[31m    The expected type comes from property 'country' which is declared here on type 'ISimplifiedUserEditProfile | Partial<ISimplifiedUserEditProfile>'[39m[22m
[1m[31m[39m[22m
[1m[31m[39m[22m
[1m[31m[39m[22m
[37m[39m
[37m[91mÃ—[39m[37m Failed to compile.[39m
[36mâ ‹[39m Generating browser application bundles...[2K[1G[36mâ ™[39m Generating browser application bundles (phase: building)...[2K[1G[36mâ ¹[39m Generating browser application bundles (phase: building)...[2K[1G[36mâ ¸[39m Generating browser application bundles (phase: sealing)...[2K[1G[32mâœ”[39m Browser application bundle generation complete.
[37m[39m
[37m[0m[1mInitial Chunk Files[22m[2m | [22m[1mNames[22m  [2m | [22m [1mRaw Size[22m[0m[39m
[37m[0m[92mmain.js[39m[37m            [2m | [22mmain   [2m | [22m[96m694.55 kB[39m[37m[2m | [22m[0m[39m
[37m[0m[92mruntime.js[39m[37m         [2m | [22mruntime[2m | [22m  [96m6.86 kB[39m[37m[2m | [22m[0m[39m
[37m[0m[0m[39m
[37m[0m3 unchanged chunks[0m[39m
[37m[0m[0m[39m
[37m[0mBuild at: [1m[37m2023-12-10T22:50:08.184Z[39m[37m[22m - Hash: [1m[37m5271252011e22792[39m[37m[22m - Time: [1m[37m1629[39m[37m[22mms[0m[39m
[1m[31m[39m[22m
[1m[31m[0m[91mError: [39m[31m[0m[96mfrontend/app/src/modules/user-profile/service/state/user.state.service.ts[0m:[93m39[0m:[93m5[0m - [91merror[0m[90m TS2739: [0mType 'string[]' is missing the following properties from type 'ISpecialties': id, name[39m[22m
[1m[31m[39m[22m
[1m[31m[7m39[0m     specialty: [''],[39m[22m
[1m[31m[7m  [0m [91m    ~~~~~~~~~[0m[39m[22m
[1m[31m[39m[22m
[1m[31m  [96mfrontend/app/src/modules/user-profile/types/user.types.ts[0m:[93m35[0m:[93m3[0m[39m[22m
[1m[31m    [7m35[0m   specialty: ISpecialties;[39m[22m
[1m[31m    [7m  [0m [96m  ~~~~~~~~~[0m[39m[22m
[1m[31m    The expected type comes from property 'specialty' which is declared here on type 'ISimplifiedUserEditProfile | Partial<ISimplifiedUserEditProfile>'[39m[22m
[1m[31m[39m[22m
[1m[31m[39m[22m
[1m[31m[0m[91mError: [39m[31m[0m[96mfrontend/app/src/modules/user-profile/service/state/user.state.service.ts[0m:[93m40[0m:[93m5[0m - [91merror[0m[90m TS2322: [0mType 'string' is not assignable to type 'ICountries'.[39m[22m
[1m[31m[39m[22m
[1m[31m[7m40[0m     country: '',[39m[22m
[1m[31m[7m  [0m [91m    ~~~~~~~[0m[39m[22m
[1m[31m[39m[22m
[1m[31m  [96mfrontend/app/src/modules/user-profile/types/user.types.ts[0m:[93m36[0m:[93m3[0m[39m[22m
[1m[31m    [7m36[0m   country: ICountries;[39m[22m
[1m[31m    [7m  [0m [96m  ~~~~~~~[0m[39m[22m
[1m[31m    The expected type comes from property 'country' which is declared here on type 'ISimplifiedUserEditProfile | Partial<ISimplifiedUserEditProfile>'[39m[22m
[1m[31m[39m[22m
[1m[31m[39m[22m
[1m[31m[0m[91mError: [39m[31m[0m[96mfrontend/ui/components/molecules/select/select.component.ts[0m:[93m62[0m:[93m5[0m - [91merror[0m[90m TS2322: [0mType 'string | number | null' is not assignable to type 'string | number'.[39m[22m
[1m[31m  Type 'null' is not assignable to type 'string | number'.[39m[22m
[1m[31m[39m[22m
[1m[31m[7m62[0m     return typeof option === 'string' ? option : option.id;[39m[22m
[1m[31m[7m  [0m [91m    ~~~~~~[0m[39m[22m
[1m[31m[39m[22m
[1m[31m[39m[22m
[1m[31m[0m[91mError: [39m[31m[0m[96mfrontend/ui/components/molecules/select/select.component.ts[0m:[93m66[0m:[93m5[0m - [91merror[0m[90m TS2322: [0mType 'string | null' is not assignable to type 'string'.[39m[22m
[1m[31m  Type 'null' is not assignable to type 'string'.[39m[22m
[1m[31m[39m[22m
[1m[31m[7m66[0m     return typeof option === 'string' ? option : option.name;[39m[22m
[1m[31m[7m  [0[39m[22m[1m[31mm [91m    ~~~~~~[0m[39m[22m
[1m[31m[39m[22m
[1m[31m[39m[22m
[1m[31m[39m[22m
[37m[39m
[37m[91mÃ—[39m[37m Failed to compile.[39m
[36mâ ‹[39m Generating browser application bundles...[2K[1G[36mâ ™[39m Generating browser application bundles (phase: building)...[2K[1G[36mâ ¹[39m Generating browser application bundles (phase: building)...[2K[1G[36mâ ¸[39m Generating browser application bundles (phase: building)...[2K[1G[36mâ ¼[39m Generating browser application bundles (phase: building)...[2K[1G[36mâ ´[39m Generating browser application bundles (phase: building)...[2K[1G[32mâœ”[39m Browser application bundle generation complete.
[37m[39m
[37m[0m[1mInitial Chunk Files[22m[2m | [22m[1mNames[22m  [2m | [22m [1mRaw Size[22m[0m[39m
[37m[0m[92mmain.js[39m[37m            [2m | [22mmain   [2m | [22m[96m694.55 kB[39m[37m[2m | [22m[0m[39m
[37m[0m[92mruntime.js[39m[37m         [2m | [22mruntime[2m | [22m  [96m6.86 kB[39m[37m[2m | [22m[0m[39m
[37m[0m[0m[39m
[37m[0m3 unchanged chunks[0m[39m
[37m[0m[0m[39m
[37m[0mBuild at: [1m[37m2023-12-10T22:50:14.736Z[39m[37m[22m - Hash: [1m[37m41ec8c6e989f894e[39m[37m[22m - Time: [1m[37m1169[39m[37m[22mms[0m[39m
[1m[31m[39m[22m
[1m[31m[0m[91mError: [39m[31m[0m[96mfrontend/app/src/modules/user-profile/service/state/user.state.service.ts[0m:[93m39[0m:[93m5[0m - [91merror[0m[90m TS2739: [0mType 'string[]' is missing the following properties from type 'ISpecialties': id, name[39m[22m
[1m[31m[39m[22m
[1m[31m[7m39[0m     specialty: [''],[39m[22m
[1m[31m[7m  [0m [91m    ~~~~~~~~~[0m[39m[22m
[1m[31m[39m[22m
[1m[31m  [96mfrontend/app/src/modules/user-profile/types/user.types.ts[0m:[93m35[0m:[93m3[0m[39m[22m
[1m[31m    [7m35[0m   specialty: ISpecialties;[39m[22m
[1m[31m    [7m  [0m [96m  ~~~~~~~~~[0m[39m[22m
[1m[31m    The expected type comes from property 'specialty' which is declared here on type 'ISimplifiedUserEditProfile | Partial<ISimplifiedUserEditProfile>'[39m[22m
[1m[31m[39m[22m
[1m[31m[39m[22m
[1m[31m[0m[91mError: [39m[31m[0m[96mfrontend/app/src/modules/user-profile/service/state/user.state.service.ts[0m:[93m40[0m:[93m5[0m - [91merror[0m[90m TS2322: [0mType 'string' is not assignable to type 'ICountries'.[39m[22m
[1m[31m[39m[22m
[1m[31m[7m40[0m     country: '',[39m[22m
[1m[31m[7m  [0m [91m    ~~~~~~~[0m[39m[22m
[1m[31m[39m[22m
[1m[31m  [96mfrontend/app/src/modules/user-profile/types/user.types.ts[0m:[93m36[0m:[93m3[0m[39m[22m
[1m[31m    [7m36[0m   country: ICountries;[39m[22m
[1m[31m    [7m  [0m [96m  ~~~~~~~[0m[39m[22m
[1m[31m    The expected type comes from property 'country' which is declared here on type 'ISimplifiedUserEditProfile | Partial<ISimplifiedUserEditProfile>'[39m[22m
[1m[31m[39m[22m
[1m[31m[39m[22m
[1m[31m[0m[91mError: [39m[31m[0m[96mfrontend/ui/components/molecules/select/select.component.ts[0m:[93m62[0m:[93m5[0m - [91merror[0m[90m TS2322: [0mType 'string | number | null' is not assignable to type 'string | number'.[39m[22m
[1m[31m  Type 'null' is not assignable to type 'string | number'.[39m[22m
[1m[31m[39m[22m
[1m[31m[7m62[0m     return typeof option === 'string' ? option : option.id;[39m[22m
[1m[31m[7m  [0m [91m    ~~~~~~[0m[39m[22m
[1m[31m[39m[22m
[1m[31m[39m[22m
[1m[31m[0m[91mError: [39m[31m[0m[96mfrontend/ui/components/molecules/select/select.component.ts[0m:[93m66[0m:[93m5[0m - [91merror[0m[90m TS2322: [0mType 'string | null' is not assignable to type 'string'.[39m[22m
[1m[31m  Type 'null' is not assignable to type 'string'.[39m[22m
[1m[31m[39m[22m
[1m[31m[7m66[0m     return typeof option === 'string' ? option : option.name;[39m[22m
[1m[31m[7m  [0[39m[22m[1m[31mm [91m    ~~~~~~[0m[39m[22m
[1m[31m[39m[22m
[1m[31m[39m[22m
[1m[31m[39m[22m
[37m[39m
[37m[91mÃ—[39m[37m Failed to compile.[39m
[36mâ ‹[39m Generating browser application bundles...[2K[1G[36mâ ™[39m Generating browser application bundles (phase: building)...[2K[1G[36mâ ¹[39m Generating browser application bundles (phase: building)...[2K[1G[36mâ ¸[39m Generating browser application bundles (phase: sealing)...[2K[1G[32mâœ”[39m Browser application bundle generation complete.
[37m[39m
[37m[0m5 unchanged chunks[0m[39m
[37m[0m[0m[39m
[37m[0mBuild at: [1m[37m2023-12-10T22:52:02.945Z[39m[37m[22m - Hash: [1m[37m41ec8c6e989f894e[39m[37m[22m - Time: [1m[37m1084[39m[37m[22mms[0m[39m
[1m[31m[39m[22m
[1m[31m[0m[91mError: [39m[31m[0m[96mfrontend/app/src/modules/user-profile/service/state/user.state.service.ts[0m:[93m39[0m:[93m5[0m - [91merror[0m[90m TS2739: [0mType 'string[]' is missing the following properties from type 'ISpecialties': id, name[39m[22m
[1m[31m[39m[22m
[1m[31m[7m39[0m     specialty: [''],[39m[22m
[1m[31m[7m  [0m [91m    ~~~~~~~~~[0m[39m[22m
[1m[31m[39m[22m
[1m[31m  [96mfrontend/app/src/modules/user-profile/types/user.types.ts[0m:[93m35[0m:[93m3[0m[39m[22m
[1m[31m    [7m35[0m   specialty: ISpecialties;[39m[22m
[1m[31m    [7m  [0m [96m  ~~~~~~~~~[0m[39m[22m
[1m[31m    The expected type comes from property 'specialty' which is declared here on type 'ISimplifiedUserEditProfile | Partial<ISimplifiedUserEditProfile>'[39m[22m
[1m[31m[39m[22m
[1m[31m[39m[22m
[1m[31m[0m[91mError: [39m[31m[0m[96mfrontend/app/src/modules/user-profile/service/state/user.state.service.ts[0m:[93m40[0m:[93m5[0m - [91merror[0m[90m TS2322: [0mType 'string' is not assignable to type 'ICountries'.[39m[22m
[1m[31m[39m[22m
[1m[31m[7m40[0m     country: '',[39m[22m
[1m[31m[7m  [0m [91m    ~~~~~~~[0m[39m[22m
[1m[31m[39m[22m
[1m[31m  [96mfrontend/app/src/modules/user-profile/types/user.types.ts[0m:[93m36[0m:[93m3[0m[39m[22m
[1m[31m    [7m36[0m   country: ICountries;[39m[22m
[1m[31m    [7m  [0m [96m  ~~~~~~~[0m[39m[22m
[1m[31m    The expected type comes from property 'country' which is declared here on type 'ISimplifiedUserEditProfile | Partial<ISimplifiedUserEditProfile>'[39m[22m
[1m[31m[39m[22m
[1m[31m[39m[22m
[1m[31m[0m[91mError: [39m[31m[0m[96mfrontend/ui/components/molecules/select/select.component.ts[0m:[93m62[0m:[93m5[0m - [91merror[0m[90m TS2322: [0mType 'string | number | null' is not assignable to type 'string | number'.[39m[22m
[1m[31m  Type 'null' is not assignable to type 'string | number'.[39m[22m
[1m[31m[39m[22m
[1m[31m[7m62[0m     return typeof option === 'string' ? option : option.id;[39m[22m
[1m[31m[7m  [0m [91m    ~~~~~~[0m[39m[22m
[1m[31m[39m[22m
[1m[31m[39m[22m
[1m[31m[0m[91mError: [39m[31m[0m[96mfrontend/ui/components/molecules/select/select.component.ts[0m:[93m66[0m:[93m5[0m - [91merror[0m[90m TS2322: [0mType 'string | null' is not assignable to type 'string'.[39m[22m
[1m[31m  Type 'null' is not assignable to type 'string'.[39m[22m
[1m[31m[39m[22m
[1m[31m[7m66[0m     return typeof option === 'string' ? option : option.name;[39m[22m
[1m[31m[7m  [0[39m[22m[1m[31mm [91m    ~~~~~~[0m[39m[22m
[1m[31m[39m[22m
[1m[31m[39m[22m
[1m[31m[39m[22m
[37m[39m
[37m[91mÃ—[39m[37m Failed to compile.[39m
[36mâ ‹[39m Generating browser application bundles...[2K[1G[36mâ ™[39m Generating browser application bundles (phase: building)...[2K[1G[36mâ ¹[39m Generating browser application bundles (phase: building)...[2K[1G[36mâ ¸[39m Generating browser application bundles (phase: sealing)...[2K[1G[32mâœ”[39m Browser application bundle generation complete.
[37m[39m
[37m[0m[1mInitial Chunk Files[22m[2m | [22m[1mNames[22m  [2m | [22m [1mRaw Size[22m[0m[39m
[37m[0m[92mmain.js[39m[37m            [2m | [22mmain   [2m | [22m[96m694.69 kB[39m[37m[2m | [22m[0m[39m
[37m[0m[92mruntime.js[39m[37m         [2m | [22mruntime[2m | [22m  [96m6.86 kB[39m[37m[2m | [22m[0m[39m
[37m[0m[0m[39m
[37m[0m3 unchanged chunks[0m[39m
[37m[0m[0m[39m
[37m[0mBuild at: [1m[37m2023-12-10T22:53:28.580Z[39m[37m[22m - Hash: [1m[37m9a1d991a1a214941[39m[37m[22m - Time: [1m[37m1942[39m[37m[22mms[0m[39m
[1m[31m[39m[22m
[1m[31m[0m[91mError: [39m[31m[0m[96mfrontend/app/src/modules/user-profile/service/state/user.state.service.ts[0m:[93m39[0m:[93m5[0m - [91merror[0m[90m TS2739: [0mType 'string[]' is missing the following properties from type 'ISpecialties': id, name[39m[22m
[1m[31m[39m[22m
[1m[31m[7m39[0m     specialty: [''],[39m[22m
[1m[31m[7m  [0m [91m    ~~~~~~~~~[0m[39m[22m
[1m[31m[39m[22m
[1m[31m  [96mfrontend/app/src/modules/user-profile/types/user.types.ts[0m:[93m35[0m:[93m3[0m[39m[22m
[1m[31m    [7m35[0m   specialty: ISpecialties;[39m[22m
[1m[31m    [7m  [0m [96m  ~~~~~~~~~[0m[39m[22m
[1m[31m    The expected type comes from property 'specialty' which is declared here on type 'ISimplifiedUserEditProfile | Partial<ISimplifiedUserEditProfile>'[39m[22m
[1m[31m[39m[22m
[1m[31m[39m[22m
[1m[31m[0m[91mError: [39m[31m[0m[96mfrontend/app/src/modules/user-profile/service/state/user.state.service.ts[0m:[93m40[0m:[93m5[0m - [91merror[0m[90m TS2322: [0mType 'string' is not assignable to type 'ICountries'.[39m[22m
[1m[31m[39m[22m
[1m[31m[7m40[0m     country: '',[39m[22m
[1m[31m[7m  [0m [91m    ~~~~~~~[0m[39m[22m
[1m[31m[39m[22m
[1m[31m  [96mfrontend/app/src/modules/user-profile/types/user.types.ts[0m:[93m36[0m:[93m3[0m[39m[22m
[1m[31m    [7m36[0m   country: ICountries;[39m[22m
[1m[31m    [7m  [0m [96m  ~~~~~~~[0m[39m[22m
[1m[31m    The expected type comes from property 'country' which is declared here on type 'ISimplifiedUserEditProfile | Partial<ISimplifiedUserEditProfile>'[39m[22m
[1m[31m[39m[22m
[1m[31m[39m[22m
[1m[31m[39m[22m
[37m[39m
[37m[91mÃ—[39m[37m Failed to compile.[39m
[36mâ ‹[39m Generating browser application bundles...[2K[1G[36mâ ™[39m Generating browser application bundles (phase: building)...[2K[1G[36mâ ¹[39m Generating browser application bundles (phase: building)...[2K[1G[36mâ ¸[39m Generating browser application bundles (phase: building)...[2K[1G[36mâ ¼[39m Generating browser application bundles (phase: sealing)...[2K[1G[32mâœ”[39m Browser application bundle generation complete.
[37m[39m
[37m[0m[1mInitial Chunk Files[22m[2m | [22m[1mNames[22m  [2m | [22m [1mRaw Size[22m[0m[39m
[37m[0m[92mmain.js[39m[37m            [2m | [22mmain   [2m | [22m[96m694.69 kB[39m[37m[2m | [22m[0m[39m
[37m[0m[92mruntime.js[39m[37m         [2m | [22mruntime[2m | [22m  [96m6.86 kB[39m[37m[2m | [22m[0m[39m
[37m[0m[0m[39m
[37m[0m3 unchanged chunks[0m[39m
[37m[0m[0m[39m
[37m[0mBuild at: [1m[37m2023-12-10T22:53:39.609Z[39m[37m[22m - Hash: [1m[37mfeb05bf0274add2a[39m[37m[22m - Time: [1m[37m1264[39m[37m[22mms[0m[39m
[1m[31m[39m[22m
[1m[31m[0m[91mError: [39m[31m[0m[96mfrontend/app/src/modules/user-profile/service/state/user.state.service.ts[0m:[93m39[0m:[93m5[0m - [91merror[0m[90m TS2739: [0mType 'string[]' is missing the following properties from type 'ISpecialties': id, name[39m[22m
[1m[31m[39m[22m
[1m[31m[7m39[0m     specialty: [''],[39m[22m
[1m[31m[7m  [0m [91m    ~~~~~~~~~[0m[39m[22m
[1m[31m[39m[22m
[1m[31m  [96mfrontend/app/src/modules/user-profile/types/user.types.ts[0m:[93m35[0m:[93m3[0m[39m[22m
[1m[31m    [7m35[0m   specialty: ISpecialties;[39m[22m
[1m[31m    [7m  [0m [96m  ~~~~~~~~~[0m[39m[22m
[1m[31m    The expected type comes from property 'specialty' which is declared here on type 'ISimplifiedUserEditProfile | Partial<ISimplifiedUserEditProfile>'[39m[22m
[1m[31m[39m[22m
[1m[31m[39m[22m
[1m[31m[0m[91mError: [39m[31m[0m[96mfrontend/app/src/modules/user-profile/service/state/user.state.service.ts[0m:[93m40[0m:[93m5[0m - [91merror[0m[90m TS2322: [0mType 'string' is not assignable to type 'ICountries'.[39m[22m
[1m[31m[39m[22m
[1m[31m[7m40[0m     country: '',[39m[22m
[1m[31m[7m  [0m [91m    ~~~~~~~[0m[39m[22m
[1m[31m[39m[22m
[1m[31m  [96mfrontend/app/src/modules/user-profile/types/user.types.ts[0m:[93m36[0m:[93m3[0m[39m[22m
[1m[31m    [7m36[0m   country: ICountries;[39m[22m
[1m[31m    [7m  [0m [96m  ~~~~~~~[0m[39m[22m
[1m[31m    The expected type comes from property 'country' which is declared here on type 'ISimplifiedUserEditProfile | Partial<ISimplifiedUserEditProfile>'[39m[22m
[1m[31m[39m[22m
[1m[31m[39m[22m
[1m[31m[39m[22m
[37m[39m
[37m[91mÃ—[39m[37m Failed to compile.[39m
[36mâ ‹[39m Generating browser application bundles...[2K[1G[36mâ ™[39m Generating browser application bundles (phase: building)...[2K[1G[36mâ ¹[39m Generating browser application bundles (phase: building)...[2K[1G[36mâ ¸[39m Generating browser application bundles (phase: building)...[2K[1G[36mâ ¼[39m Generating browser application bundles (phase: building)...[2K[1G[36mâ ´[39m Generating browser application bundles (phase: building)...[2K[1G[36mâ ¦[39m Generating browser application bundles (phase: building)...[2K[1G[36mâ §[39m Generating browser application bundles (phase: emitting)...[2K[1G[32mâœ”[39m Browser application bundle generation complete.
[37m[39m
[37m[0m[1mInitial Chunk Files[22m[2m | [22m[1mNames[22m  [2m | [22m [1mRaw Size[22m[0m[39m
[37m[0m[92mmain.js[39m[37m            [2m | [22mmain   [2m | [22m[96m694.77 kB[39m[37m[2m | [22m[0m[39m
[37m[0m[92mruntime.js[39m[37m         [2m | [22mruntime[2m | [22m  [96m6.86 kB[39m[37m[2m | [22m[0m[39m
[37m[0m[0m[39m
[37m[0m3 unchanged chunks[0m[39m
[37m[0m[0m[39m
[37m[0mBuild at: [1m[37m2023-12-10T22:54:50.655Z[39m[37m[22m - Hash: [1m[37m5576fe8e8a60013f[39m[37m[22m - Time: [1m[37m1766[39m[37m[22mms[0m[39m
[37m[39m
[37m[92mâˆš[39m[37m Compiled successfully.[39m
[36mâ ‹[39m Generating browser application bundles...[2K[1G[36mâ ™[39m Generating browser application bundles (phase: building)...[2K[1G[36mâ ¹[39m Generating browser application bundles (phase: building)...[2K[1G[36mâ ¸[39m Generating browser application bundles (phase: building)...[2K[1G[36mâ ¼[39m Generating browser application bundles (phase: sealing)...[2K[1G[36mâ ´[39m Generating browser application bundles (phase: emitting)...[2K[1G[32mâœ”[39m Browser application bundle generation complete.
[37m[39m
[37m[0m[1mInitial Chunk Files[22m[2m | [22m[1mNames[22m  [2m | [22m [1mRaw Size[22m[0m[39m
[37m[0m[92mmain.js[39m[37m            [2m | [22mmain   [2m | [22m[96m694.77 kB[39m[37m[2m | [22m[0m[39m
[37m[0m[92mruntime.js[39m[37m         [2m | [22mruntime[2m | [22m  [96m6.86 kB[39m[37m[2m | [22m[0m[39m
[37m[0m[0m[39m
[37m[0m3 unchanged chunks[0m[39m
[37m[0m[0m[39m
[37m[0mBuild at: [1m[37m2023-12-10T22:55:05.516Z[39m[37m[22m - Hash: [1m[37m62637bbb39381dbe[39m[37m[22m - Time: [1m[37m1203[39m[37m[22mms[0m[39m
[37m[39m
[37m[92mâˆš[39m[37m Compiled successfully.[39m
[36mâ ‹[39m Generating browser application bundles...[2K[1G[36mâ ™[39m Generating browser application bundles (phase: building)...[2K[1G[36mâ ¹[39m Generating browser application bundles (phase: building)...[2K[1G[36mâ ¸[39m Generating browser application bundles (phase: building)...[2K[1G[36mâ ¼[39m Generating browser application bundles (phase: building)...[2K[1G[36mâ ´[39m Generating browser application bundles (phase: sealing)...[2K[1G[36mâ ¦[39m Generating browser application bundles (phase: emitting)...[2K[1G[32mâœ”[39m Browser application bundle generation complete.
[37m[39m
[37m[0m[1mInitial Chunk Files[22m[2m | [22m[1mNames[22m  [2m | [22m [1mRaw Size[22m[0m[39m
[37m[0m[92mmain.js[39m[37m            [2m | [22mmain   [2m | [22m[96m694.77 kB[39m[37m[2m | [22m[0m[39m
[37m[0m[92mruntime.js[39m[37m         [2m | [22mruntime[2m | [22m  [96m6.86 kB[39m[37m[2m | [22m[0m[39m
[37m[0m[0m[39m
[37m[0m3 unchanged chunks[0m[39m
[37m[0m[0m[39m
[37m[0mBuild at: [1m[37m2023-12-10T22:56:06.179Z[39m[37m[22m - Hash: [1m[37me51f01544ece7dda[39m[37m[22m - Time: [1m[37m1502[39m[37m[22mms[0m[39m
[37m[39m
[37m[92mâˆš[39m[37m Compiled successfully.[39m
[36mâ ‹[39m Generating browser application bundles...[2K[1G[36mâ ™[39m Generating browser application bundles (phase: building)...[2K[1G[36mâ ¹[39m Generating browser application bundles (phase: building)...[2K[1G[36mâ ¸[39m Generating browser application bundles (phase: building)...[2K[1G[36mâ ¼[39m Generating browser application bundles (phase: sealing)...[2K[1G[36mâ ´[39m Generating browser application bundles (phase: emitting)...[2K[1G[32mâœ”[39m Browser application bundle generation complete.
[37m[39m
[37m[0m[1mInitial Chunk Files[22m[2m | [22m[1mNames[22m  [2m | [22m [1mRaw Size[22m[0m[39m
[37m[0m[92mmain.js[39m[37m            [2m | [22mmain   [2m | [22m[96m694.79 kB[39m[37m[2m | [22m[0m[39m
[37m[0m[92mruntime.js[39m[37m         [2m | [22mruntime[2m | [22m  [96m6.86 kB[39m[37m[2m | [22m[0m[39m
[37m[0m[0m[39m
[37m[0m3 unchanged chunks[0m[39m
[37m[0m[0m[39m
[37m[0mBuild at: [1m[37m2023-12-10T22:58:45.046Z[39m[37m[22m - Hash: [1m[37m5f6f14364d2cfa29[39m[37m[22m - Time: [1m[37m1207[39m[37m[22mms[0m[39m
[37m[39m
[37m[92mâˆš[39m[37m Compiled successfully.[39m
[36mâ ‹[39m Generating browser application bundles...[2K[1G[36mâ ™[39m Generating browser application bundles (phase: building)...[2K[1G[36mâ ¹[39m Generating browser application bundles (phase: building)...[2K[1G[36mâ ¸[39m Generating browser application bundles (phase: building)...[2K[1G[36mâ ¼[39m Generating browser application bundles (phase: sealing)...[2K[1G[36mâ ´[39m Generating browser application bundles (phase: emitting)...[2K[1G[32mâœ”[39m Browser application bundle generation complete.
[37m[39m
[37m[0m[1mInitial Chunk Files[22m[2m | [22m[1mNames[22m  [2m | [22m [1mRaw Size[22m[0m[39m
[37m[0m[92mmain.js[39m[37m            [2m | [22mmain   [2m | [22m[96m694.78 kB[39m[37m[2m | [22m[0m[39m
[37m[0m[92mruntime.js[39m[37m         [2m | [22mruntime[2m | [22m  [96m6.86 kB[39m[37m[2m | [22m[0m[39m
[37m[0m[0m[39m
[37m[0m3 unchanged chunks[0m[39m
[37m[0m[0m[39m
[37m[0mBuild at: [1m[37m2023-12-10T22:59:10.504Z[39m[37m[22m - Hash: [1m[37m3de8e1966e11f3a7[39m[37m[22m - Time: [1m[37m956[39m[37m[22mms[0m[39m
[37m[39m
[37m[92mâˆš[39m[37m Compiled successfully.[39m
[36mâ ‹[39m Generating browser application bundles...[2K[1G[36mâ ™[39m Generating browser application bundles (phase: building)...[2K[1G[36mâ ¹[39m Generating browser application bundles (phase: building)...[2K[1G[36mâ ¸[39m Generating browser application bundles (phase: building)...[2K[1G[36mâ ¼[39m Generating browser application bundles (phase: sealing)...[2K[1G[36mâ ´[39m Generating browser application bundles (phase: emitting)...[2K[1G[32mâœ”[39m Browser application bundle generation complete.
[37m[39m
[37m[0m[1mInitial Chunk Files[22m[2m | [22m[1mNames[22m  [2m | [22m [1mRaw Size[22m[0m[39m
[37m[0m[92mmain.js[39m[37m            [2m | [22mmain   [2m | [22m[96m694.79 kB[39m[37m[2m | [22m[0m[39m
[37m[0m[92mruntime.js[39m[37m         [2m | [22mruntime[2m | [22m  [96m6.86 kB[39m[37m[2m | [22m[0m[39m
[37m[0m[0m[39m
[37m[0m3 unchanged chunks[0m[39m
[37m[0m[0m[39m
[37m[0mBuild at: [1m[37m2023-12-10T22:59:32.506Z[39m[37m[22m - Hash: [1m[37m6fb68412e069ca3a[39m[37m[22m - Time: [1m[37m1266[39m[37m[22mms[0m[39m
[37m[39m
[37m[92mâˆš[39m[37m Compiled successfully.[39m
[36mâ ‹[39m Generating browser application bundles...[2K[1G[36mâ ™[39m Generating browser application bundles (phase: building)...[2K[1G[36mâ ¹[39m Generating browser application bundles (phase: building)...[2K[1G[36mâ ¸[39m Generating browser application bundles (phase: building)...[2K[1G[36mâ ¼[39m Generating browser application bundles (phase: building)...[2K[1G[36mâ ´[39m Generating browser application bundles (phase: building)...[2K[1G[36mâ ¦[39m Generating browser application bundles (phase: sealing)...[2K[1G[36mâ §[39m Generating browser application bundles (phase: emitting)...[2K[1G[32mâœ”[39m Browser application bundle generation complete.
[37m[39m
[37m[0m[1mInitial Chunk Files[22m[2m | [22m[1mNames[22m  [2m | [22m [1mRaw Size[22m[0m[39m
[37m[0m[92mmain.js[39m[37m            [2m | [22mmain   [2m | [22m[96m695.00 kB[39m[37m[2m | [22m[0m[39m
[37m[0m[92mruntime.js[39m[37m         [2m | [22mruntime[2m | [22m  [96m6.86 kB[39m[37m[2m | [22m[0m[39m
[37m[0m[0m[39m
[37m[0m3 unchanged chunks[0m[39m
[37m[0m[0m[39m
[37m[0mBuild at: [1m[37m2023-12-10T23:09:19.633Z[39m[37m[22m - Hash: [1m[37mfe8c0fb179929e97[39m[37m[22m - Time: [1m[37m1268[39m[37m[22mms[0m[39m
[37m[39m
[37m[92mâˆš[39m[37m Compiled successfully.[39m
[36mâ ‹[39m Generating browser application bundles...[2K[1G[36mâ ™[39m Generating browser application bundles (phase: building)...[2K[1G[36mâ ¹[39m Generating browser application bundles (phase: building)...[2K[1G[36mâ ¸[39m Generating browser application bundles (phase: emitting)...[2K[1G[32mâœ”[39m Browser application bundle generation complete.
[37m[39m
[37m[0m5 unchanged chunks[0m[39m
[37m[0m[0m[39m
[37m[0mBuild at: [1m[37m2023-12-10T23:09:20.258Z[39m[37m[22m - Hash: [1m[37mfe8c0fb179929e97[39m[37m[22m - Time: [1m[37m566[39m[37m[22mms[0m[39m
[37m[39m
[37m[92mâˆš[39m[37m Compiled successfully.[39m
[36mâ ‹[39m Generating browser application bundles...[2K[1G[36mâ ™[39m Generating browser application bundles (phase: building)...[2K[1G[36mâ ¹[39m Generating browser application bundles (phase: building)...[2K[1G[36mâ ¸[39m Generating browser application bundles (phase: building)...[2K[1G[36mâ ¼[39m Generating browser application bundles (phase: building)...[2K[1G[36mâ ´[39m Generating browser application bundles (phase: sealing)...[2K[1G[36mâ ¦[39m Generating browser application bundles (phase: emitting)...[2K[1G[32mâœ”[39m Browser application bundle generation complete.
[37m[39m
[37m[0m[1mInitial Chunk Files[22m[2m | [22m[1mNames[22m  [2m | [22m [1mRaw Size[22m[0m[39m
[37m[0m[92mmain.js[39m[37m            [2m | [22mmain   [2m | [22m[96m694.98 kB[39m[37m[2m | [22m[0m[39m
[37m[0m[92mruntime.js[39m[37m         [2m | [22mruntime[2m | [22m  [96m6.86 kB[39m[37m[2m | [22m[0m[39m
[37m[0m[0m[39m
[37m[0m3 unchanged chunks[0m[39m
[37m[0m[0m[39m
[37m[0mBuild at: [1m[37m2023-12-10T23:09:41.823Z[39m[37m[22m - Hash: [1m[37m6e3c1e30c9f63cf4[39m[37m[22m - Time: [1m[37m1171[39m[37m[22mms[0m[39m
[37m[39m
[37m[92mâˆš[39m[37m Compiled successfully.[39m
[36mâ ‹[39m Generating browser application bundles...[2K[1G[36mâ ™[39m Generating browser application bundles (phase: building)...[2K[1G[36mâ ¹[39m Generating browser application bundles (phase: building)...[2K[1G[36mâ ¸[39m Generating browser application bundles (phase: building)...[2K[1G[36mâ ¼[39m Generating browser application bundles (phase: building)...[2K[1G[36mâ ´[39m Generating browser application bundles (phase: building)...[2K[1G[36mâ ¦[39m Generating browser application bundles (phase: emitting)...[2K[1G[32mâœ”[39m Browser application bundle generation complete.
[37m[39m
[37m[0m[1mInitial Chunk Files[22m[2m | [22m[1mNames[22m  [2m | [22m [1mRaw Size[22m[0m[39m
[37m[0m[92mmain.js[39m[37m            [2m | [22mmain   [2m | [22m[96m695.02 kB[39m[37m[2m | [22m[0m[39m
[37m[0m[92mruntime.js[39m[37m         [2m | [22mruntime[2m | [22m  [96m6.86 kB[39m[37m[2m | [22m[0m[39m
[37m[0m[0m[39m
[37m[0m3 unchanged chunks[0m[39m
[37m[0m[0m[39m
[37m[0mBuild at: [1m[37m2023-12-10T23:12:40.291Z[39m[37m[22m - Hash: [1m[37mdbda002e82356335[39m[37m[22m - Time: [1m[37m1491[39m[37m[22mms[0m[39m
[37m[39m
[37m[92mâˆš[39m[37m Compiled successfully.[39m
[36mâ ‹[39m Generating browser application bundles...[2K[1G[36mâ ™[39m Generating browser application bundles (phase: building)...[2K[1G[36mâ ¹[39m Generating browser application bundles (phase: building)...[2K[1G[36mâ ¸[39m Generating browser application bundles (phase: building)...[2K[1G[36mâ ¼[39m Generating browser application bundles (phase: building)...[2K[1G[36mâ ´[39m Generating browser application bundles (phase: emitting)...[2K[1G[32mâœ”[39m Browser application bundle generation complete.
[37m[39m
[37m[0m[1mInitial Chunk Files[22m[2m | [22m[1mNames[22m  [2m | [22m [1mRaw Size[22m[0m[39m
[37m[0m[92mmain.js[39m[37m            [2m | [22mmain   [2m | [22m[96m695.03 kB[39m[37m[2m | [22m[0m[39m
[37m[0m[92mruntime.js[39m[37m         [2m | [22mruntime[2m | [22m  [96m6.86 kB[39m[37m[2m | [22m[0m[39m
[37m[0m[0m[39m
[37m[0m3 unchanged chunks[0m[39m
[37m[0m[0m[39m
[37m[0mBuild at: [1m[37m2023-12-10T23:13:34.955Z[39m[37m[22m - Hash: [1m[37maedd54b02722cee2[39m[37m[22m - Time: [1m[37m1352[39m[37m[22mms[0m[39m
[37m[39m
[37m[92mâˆš[39m[37m Compiled successfully.[39m
[36mâ ‹[39m Generating browser application bundles...[2K[1G[36mâ ™[39m Generating browser application bundles (phase: building)...[2K[1G[36mâ ¹[39m Generating browser application bundles (phase: building)...[2K[1G[36mâ ¸[39m Generating browser application bundles (phase: building)...[2K[1G[36mâ ¼[39m Generating browser application bundles (phase: building)...[2K[1G[36mâ ´[39m Generating browser application bundles (phase: emitting)...[2K[1G[32mâœ”[39m Browser application bundle generation complete.
[37m[39m
[37m[0m[1mInitial Chunk Files[22m[2m | [22m[1mNames[22m  [2m | [22m [1mRaw Size[22m[0m[39m
[37m[0m[92mmain.js[39m[37m            [2m | [22mmain   [2m | [22m[96m695.04 kB[39m[37m[2m | [22m[0m[39m
[37m[0m[92mruntime.js[39m[37m         [2m | [22mruntime[2m | [22m  [96m6.86 kB[39m[37m[2m | [22m[0m[39m
[37m[0m[0m[39m
[37m[0m3 unchanged chunks[0m[39m
[37m[0m[0m[39m
[37m[0mBuild at: [1m[37m2023-12-10T23:13:59.365Z[39m[37m[22m - Hash: [1m[37m97b8896e76e4c1ab[39m[37m[22m - Time: [1m[37m1162[39m[37m[22mms[0m[39m
[37m[39m
[37m[92mâˆš[39m[37m Compiled successfully.[39m
[36mâ ‹[39m Generating browser application bundles...[2K[1G[36mâ ™[39m Generating browser application bundles (phase: building)...[2K[1G[36mâ ¹[39m Generating browser application bundles (phase: building)...[2K[1G[36mâ ¸[39m Generating browser application bundles (phase: building)...[2K[1G[36mâ ¼[39m Generating browser application bundles (phase: building)...[2K[1G[36mâ ´[39m Generating browser application bundles (phase: sealing)...[2K[1G[36mâ ¦[39m Generating browser application bundles (phase: emitting)...[2K[1G[32mâœ”[39m Browser application bundle generation complete.
[37m[39m
[37m[0m[1mInitial Chunk Files[22m[2m | [22m[1mNames[22m  [2m | [22m [1mRaw Size[22m[0m[39m
[37m[0m[92mmain.js[39m[37m            [2m | [22mmain   [2m | [22m[96m695.02 kB[39m[37m[2m | [22m[0m[39m
[37m[0m[92mruntime.js[39m[37m         [2m | [22mruntime[2m | [22m  [96m6.86 kB[39m[37m[2m | [22m[0m[39m
[37m[0m[0m[39m
[37m[0m3 unchanged chunks[0m[39m
[37m[0m[0m[39m
[37m[0mBuild at: [1m[37m2023-12-10T23:15:54.172Z[39m[37m[22m - Hash: [1m[37mce382942a3db2979[39m[37m[22m - Time: [1m[37m1519[39m[37m[22mms[0m[39m
[37m[39m
[37m[92mâˆš[39m[37m Compiled successfully.[39m
[36mâ ‹[39m Generating browser application bundles...[2K[1G[36mâ ™[39m Generating browser application bundles (phase: building)...[2K[1G[36mâ ¹[39m Generating browser application bundles (phase: building)...[2K[1G[36mâ ¸[39m Generating browser application bundles (phase: building)...[2K[1G[36mâ ¼[39m Generating browser application bundles (phase: sealing)...[2K[1G[32mâœ”[39m Browser application bundle generation complete.
[37m[39m
[37m[0m[1mInitial Chunk Files[22m[2m | [22m[1mNames[22m  [2m | [22m [1mRaw Size[22m[0m[39m
[37m[0m[92mmain.js[39m[37m            [2m | [22mmain   [2m | [22m[96m695.02 kB[39m[37m[2m | [22m[0m[39m
[37m[0m[92mruntime.js[39m[37m         [2m | [22mruntime[2m | [22m  [96m6.86 kB[39m[37m[2m | [22m[0m[39m
[37m[0m[0m[39m
[37m[0m3 unchanged chunks[0m[39m
[37m[0m[0m[39m
[37m[0mBuild at: [1m[37m2023-12-10T23:17:09.796Z[39m[37m[22m - Hash: [1m[37md3aec1e62d22592e[39m[37m[22m - Time: [1m[37m2043[39m[37m[22mms[0m[39m
[1m[31m[39m[22m
[1m[31m[0m[91mError: [39m[31m[0m[96mfrontend/app/src/modules/user-profile/components/organism/more-information/more-information.component.ts[0m:[93m82[0m:[93m9[0m - [91merror[0m[90m TS2322: [0mType 'FormControl<{ id: null; name: null; }>' is not assignable to type 'FormControl<number | null>'.[39m[22m
[1m[31m  Type '{ id: null; name: null; }' is not assignable to type 'number'.[39m[22m
[1m[31m[39m[22m
[1m[31m[7m82[0m         specialty: this.formBuilder.control({ id: null, name: null }),[39m[22m
[1m[31m[7m  [0m [91m        ~~~~~~~~~[0m[39m[22m
[1m[31m[39m[22m
[1m[31m  [96mfrontend/app/src/modules/user-profile/types/forms.types.ts[0m:[93m46[0m:[93m3[0m[39m[22m
[1m[31m    [7m46[0m   specialty: FormControl<number | null>;[39m[22m
[1m[31m    [7m  [0m [96m  ~~~~~~~~~[0m[39m[22m
[1m[31m    The expected type comes from property 'specialty' which is declared here on type 'IFormMoreInfo'[39m[22m
[1m[31m[39m[22m
[1m[31m[39m[22m
[1m[31m[0m[91mError: [39m[31m[0m[96mfrontend/app/src/modules/user-profile/components/organism/more-information/more-information.component.ts[0m:[93m83[0m:[93m9[0m - [91merror[0m[90m TS2322: [0mType 'FormControl<{ id: null; name: null; }>' is not assignable to type 'FormControl<number | null>'.[39m[22m
[1m[31m  Type '{ id: null; name: null; }' is not assignable to type 'number'.[39m[22m
[1m[31m[39m[22m
[1m[31m[7m83[0m         country: this.formBuilder.control({ id: null, name: null }),[39m[22m
[1m[31m[7m  [0m [91m        ~~~~~~~[0m[39m[22m
[1m[31m[39m[22m
[1m[31m  [96mfrontend/app/src/modules/user-profile/types/forms.types.ts[0m:[93m47[0m:[93m3[0m[39m[22m
[1m[31m    [7m47[0m   country: FormControl<number | null>;[39m[22m
[1m[31m    [7m  [0m [96m  ~~~~~~~[0m[39m[22m
[1m[31m    The expected type comes from property 'country' which is declared here on type 'IFormMoreInfo'[39m[22m
[1m[31m[39m[22m
[1m[31m[39m[22m
[1m[31m[39m[22m
[37m[39m
[37m[91mÃ—[39m[37m Failed to compile.[39m
[36mâ ‹[39m Generating browser application bundles...[2K[1G[36mâ ™[39m Generating browser application bundles (phase: building)...[2K[1G[36mâ ¹[39m Generating browser application bundles (phase: building)...[2K[1G[36mâ ¸[39m Generating browser application bundles (phase: sealing)...[2K[1G[32mâœ”[39m Browser application bundle generation complete.
[37m[39m
[37m[0m5 unchanged chunks[0m[39m
[37m[0m[0m[39m
[37m[0mBuild at: [1m[37m2023-12-10T23:17:10.817Z[39m[37m[22m - Hash: [1m[37md3aec1e62d22592e[39m[37m[22m - Time: [1m[37m936[39m[37m[22mms[0m[39m
[1m[31m[39m[22m
[1m[31m[0m[91mError: [39m[31m[0m[96mfrontend/app/src/modules/user-profile/components/organism/more-information/more-information.component.ts[0m:[93m82[0m:[93m9[0m - [91merror[0m[90m TS2322: [0mType 'FormControl<{ id: null; name: null; }>' is not assignable to type 'FormControl<number | null>'.[39m[22m
[1m[31m  Type '{ id: null; name: null; }' is not assignable to type 'number'.[39m[22m
[1m[31m[39m[22m
[1m[31m[7m82[0m         specialty: this.formBuilder.control({ id: null, name: null }),[39m[22m
[1m[31m[7m  [0m [91m        ~~~~~~~~~[0m[39m[22m
[1m[31m[39m[22m
[1m[31m  [96mfrontend/app/src/modules/user-profile/types/forms.types.ts[0m:[93m46[0m:[93m3[0m[39m[22m
[1m[31m    [7m46[0m   specialty: FormControl<number | null>;[39m[22m
[1m[31m    [7m  [0m [96m  ~~~~~~~~~[0m[39m[22m
[1m[31m    The expected type comes from property 'specialty' which is declared here on type 'IFormMoreInfo'[39m[22m
[1m[31m[39m[22m
[1m[31m[39m[22m
[1m[31m[0m[91mError: [39m[31m[0m[96mfrontend/app/src/modules/user-profile/components/organism/more-information/more-information.component.ts[0m:[93m83[0m:[93m9[0m - [91merror[0m[90m TS2322: [0mType 'FormControl<{ id: null; name: null; }>' is not assignable to type 'FormControl<number | null>'.[39m[22m
[1m[31m  Type '{ id: null; name: null; }' is not assignable to type 'number'.[39m[22m
[1m[31m[39m[22m
[1m[31m[7m83[0m         country: this.formBuilder.control({ id: null, name: null }),[39m[22m
[1m[31m[7m  [0m [91m        ~~~~~~~[0m[39m[22m
[1m[31m[39m[22m
[1m[31m  [96mfrontend/app/src/modules/user-profile/types/forms.types.ts[0m:[93m47[0m:[93m3[0m[39m[22m
[1m[31m    [7m47[0m   country: FormControl<number | null>;[39m[22m
[1m[31m    [7m  [0m [96m  ~~~~~~~[0m[39m[22m
[1m[31m    The expected type comes from property 'country' which is declared here on type 'IFormMoreInfo'[39m[22m
[1m[31m[39m[22m
[1m[31m[39m[22m
[1m[31m[39m[22m
[37m[39m
[37m[91mÃ—[39m[37m Failed to compile.[39m
[36mâ ‹[39m Generating browser application bundles...[2K[1G[36mâ ™[39m Generating browser application bundles (phase: building)...[2K[1G[36mâ ¹[39m Generating browser application bundles (phase: building)...[2K[1G[36mâ ¸[39m Generating browser application bundles (phase: building)...[2K[1G[36mâ ¼[39m Generating browser application bundles (phase: sealing)...[2K[1G[36mâ ´[39m Generating browser application bundles (phase: emitting)...[2K[1G[32mâœ”[39m Browser application bundle generation complete.
[37m[39m
[37m[0m[1mInitial Chunk Files[22m[2m | [22m[1mNames[22m  [2m | [22m [1mRaw Size[22m[0m[39m
[37m[0m[92mmain.js[39m[37m            [2m | [22mmain   [2m | [22m[96m694.94 kB[39m[37m[2m | [22m[0m[39m
[37m[0m[92mruntime.js[39m[37m         [2m | [22mruntime[2m | [22m  [96m6.86 kB[39m[37m[2m | [22m[0m[39m
[37m[0m[0m[39m
[37m[0m3 unchanged chunks[0m[39m
[37m[0m[0m[39m
[37m[0mBuild at: [1m[37m2023-12-10T23:17:16.912Z[39m[37m[22m - Hash: [1m[37m76a5601e3f99e5f1[39m[37m[22m - Time: [1m[37m1221[39m[37m[22mms[0m[39m
[37m[39m
[37m[92mâˆš[39m[37m Compiled successfully.[39m
[36mâ ‹[39m Generating browser application bundles...[2K[1G[36mâ ™[39m Generating browser application bundles (phase: building)...[2K[1G[36mâ ¹[39m Generating browser application bundles (phase: building)...[2K[1G[36mâ ¸[39m Generating browser application bundles (phase: building)...[2K[1G[36mâ ¼[39m Generating browser application bundles (phase: building)...[2K[1G[36mâ ´[39m Generating browser application bundles (phase: building)...[2K[1G[36mâ ¦[39m Generating browser application bundles (phase: sealing)...[2K[1G[36mâ §[39m Generating browser application bundles (phase: emitting)...[2K[1G[32mâœ”[39m Browser application bundle generation complete.
[37m[39m
[37m[0m[1mInitial Chunk Files[22m[2m | [22m[1mNames[22m  [2m | [22m [1mRaw Size[22m[0m[39m
[37m[0m[92mmain.js[39m[37m            [2m | [22mmain   [2m | [22m[96m695.00 kB[39m[37m[2m | [22m[0m[39m
[37m[0m[92mruntime.js[39m[37m         [2m | [22mruntime[2m | [22m  [96m6.86 kB[39m[37m[2m | [22m[0m[39m
[37m[0m[0m[39m
[37m[0m3 unchanged chunks[0m[39m
[37m[0m[0m[39m
[37m[0mBuild at: [1m[37m2023-12-10T23:19:23.113Z[39m[37m[22m - Hash: [1m[37mc513cf2aff22571f[39m[37m[22m - Time: [1m[37m1420[39m[37m[22mms[0m[39m
[37m[39m
[37m[92mâˆš[39m[37m Compiled successfully.[39m
[36mâ ‹[39m Generating browser application bundles...[2K[1G[36mâ ™[39m Generating browser application bundles (phase: building)...[2K[1G[36mâ ¹[39m Generating browser application bundles (phase: building)...[2K[1G[36mâ ¸[39m Generating browser application bundles (phase: emitting)...[2K[1G[32mâœ”[39m Browser application bundle generation complete.
[37m[39m
[37m[0m5 unchanged chunks[0m[39m
[37m[0m[0m[39m
[37m[0mBuild at: [1m[37m2023-12-10T23:19:23.857Z[39m[37m[22m - Hash: [1m[37mc513cf2aff22571f[39m[37m[22m - Time: [1m[37m673[39m[37m[22mms[0m[39m
[37m[39m
[37m[92mâˆš[39m[37m Compiled successfully.[39m
[36mâ ‹[39m Generating browser application bundles...[2K[1G[36mâ ™[39m Generating browser application bundles (phase: building)...[2K[1G[36mâ ¹[39m Generating browser application bundles (phase: building)...[2K[1G[36mâ ¸[39m Generating browser application bundles (phase: building)...[2K[1G[36mâ ¼[39m Generating browser application bundles (phase: building)...[2K[1G[36mâ ´[39m Generating browser application bundles (phase: emitting)...[2K[1G[32mâœ”[39m Browser application bundle generation complete.
[37m[39m
[37m[0m[1mInitial Chunk Files[22m[2m | [22m[1mNames[22m  [2m | [22m [1mRaw Size[22m[0m[39m
[37m[0m[92mmain.js[39m[37m            [2m | [22mmain   [2m | [22m[96m695.00 kB[39m[37m[2m | [22m[0m[39m
[37m[0m[92mruntime.js[39m[37m         [2m | [22mruntime[2m | [22m  [96m6.86 kB[39m[37m[2m | [22m[0m[39m
[37m[0m[0m[39m
[37m[0m3 unchanged chunks[0m[39m
[37m[0m[0m[39m
[37m[0mBuild at: [1m[37m2023-12-10T23:20:12.217Z[39m[37m[22m - Hash: [1m[37m0b1cd070d957b448[39m[37m[22m - Time: [1m[37m1124[39m[37m[22mms[0m[39m
[37m[39m
[37m[92mâˆš[39m[37m Compiled successfully.[39m
[36mâ ‹[39m Generating browser application bundles...[2K[1G[36mâ ™[39m Generating browser application bundles (phase: building)...[2K[1G[36mâ ¹[39m Generating browser application bundles (phase: building)...[2K[1G[36mâ ¸[39m Generating browser application bundles (phase: building)...[2K[1G[36mâ ¼[39m Generating browser application bundles (phase: building)...[2K[1G[36mâ ´[39m Generating browser application bundles (phase: building)...[2K[1G[36mâ ¦[39m Generating browser application bundles (phase: sealing)...[2K[1G[36mâ §[39m Generating browser application bundles (phase: emitting)...[2K[1G[32mâœ”[39m Browser application bundle generation complete.
[37m[39m
[37m[0m[1mInitial Chunk Files[22m[2m | [22m[1mNames[22m  [2m | [22m [1mRaw Size[22m[0m[39m
[37m[0m[92mmain.js[39m[37m            [2m | [22mmain   [2m | [22m[96m695.03 kB[39m[37m[2m | [22m[0m[39m
[37m[0m[92mruntime.js[39m[37m         [2m | [22mruntime[2m | [22m  [96m6.86 kB[39m[37m[2m | [22m[0m[39m
[37m[0m[0m[39m
[37m[0m3 unchanged chunks[0m[39m
[37m[0m[0m[39m
[37m[0mBuild at: [1m[37m2023-12-10T23:23:19.647Z[39m[37m[22m - Hash: [1m[37m5eb160cdbeac9da8[39m[37m[22m - Time: [1m[37m1443[39m[37m[22mms[0m[39m
[37m[39m
[37m[92mâˆš[39m[37m Compiled successfully.[39m
[36mâ ‹[39m Generating browser application bundles...[2K[1G[36mâ ™[39m Generating browser application bundles (phase: building)...[2K[1G[36mâ ¹[39m Generating browser application bundles (phase: building)...[2K[1G[36mâ ¸[39m Generating browser application bundles (phase: building)...[2K[1G[36mâ ¼[39m Generating browser application bundles (phase: emitting)...[2K[1G[32mâœ”[39m Browser application bundle generation complete.
[37m[39m
[37m[0m[1mInitial Chunk Files[22m[2m | [22m[1mNames[22m  [2m | [22m [1mRaw Size[22m[0m[39m
[37m[0m[92mmain.js[39m[37m            [2m | [22mmain   [2m | [22m[96m694.99 kB[39m[37m[2m | [22m[0m[39m
[37m[0m[92mruntime.js[39m[37m         [2m | [22mruntime[2m | [22m  [96m6.86 kB[39m[37m[2m | [22m[0m[39m
[37m[0m[0m[39m
[37m[0m3 unchanged chunks[0m[39m
[37m[0m[0m[39m
[37m[0mBuild at: [1m[37m2023-12-10T23:25:29.273Z[39m[37m[22m - Hash: [1m[37mdf4f1a1feb9c0744[39m[37m[22m - Time: [1m[37m1047[39m[37m[22mms[0m[39m
[37m[39m
[37m[92mâˆš[39m[37m Compiled successfully.[39m
[36mâ ‹[39m Generating browser application bundles...[2K[1G[36mâ ™[39m Generating browser application bundles (phase: building)...[2K[1G[36mâ ¹[39m Generating browser application bundles (phase: building)...[2K[1G[36mâ ¸[39m Generating browser application bundles (phase: building)...[2K[1G[36mâ ¼[39m Generating browser application bundles (phase: building)...[2K[1G[36mâ ´[39m Generating browser application bundles (phase: building)...[2K[1G[36mâ ¦[39m Generating browser application bundles (phase: sealing)...[2K[1G[36mâ §[39m Generating browser application bundles (phase: emitting)...[2K[1G[32mâœ”[39m Browser application bundle generation complete.
[37m[39m
[37m[0m[1mInitial Chunk Files[22m[2m | [22m[1mNames[22m  [2m | [22m [1mRaw Size[22m[0m[39m
[37m[0m[92mmain.js[39m[37m            [2m | [22mmain   [2m | [22m[96m694.73 kB[39m[37m[2m | [22m[0m[39m
[37m[0m[92mruntime.js[39m[37m         [2m | [22mruntime[2m | [22m  [96m6.86 kB[39m[37m[2m | [22m[0m[39m
[37m[0m[0m[39m
[37m[0m3 unchanged chunks[0m[39m
[37m[0m[0m[39m
[37m[0mBuild at: [1m[37m2023-12-10T23:29:23.261Z[39m[37m[22m - Hash: [1m[37m5a0ca5edba216127[39m[37m[22m - Time: [1m[37m1618[39m[37m[22mms[0m[39m
[37m[39m
[37m[92mâˆš[39m[37m Compiled successfully.[39m
[36mâ ‹[39m Generating browser application bundles...[2K[1G[36mâ ™[39m Generating browser application bundles (phase: building)...[2K[1G[36mâ ¹[39m Generating browser application bundles (phase: building)...[2K[1G[36mâ ¸[39m Generating browser application bundles (phase: building)...[2K[1G[36mâ ¼[39m Generating browser application bundles (phase: emitting)...[2K[1G[32mâœ”[39m Browser application bundle generation complete.
[37m[39m
[37m[0m[1mInitial Chunk Files[22m[2m | [22m[1mNames[22m  [2m | [22m [1mRaw Size[22m[0m[39m
[37m[0m[92mmain.js[39m[37m            [2m | [22mmain   [2m | [22m[96m694.79 kB[39m[37m[2m | [22m[0m[39m
[37m[0m[92mruntime.js[39m[37m         [2m | [22mruntime[2m | [22m  [96m6.86 kB[39m[37m[2m | [22m[0m[39m
[37m[0m[0m[39m
[37m[0m3 unchanged chunks[0m[39m
[37m[0m[0m[39m
[37m[0mBuild at: [1m[37m2023-12-10T23:29:56.430Z[39m[37m[22m - Hash: [1m[37m556631d9c9b0cec3[39m[37m[22m - Time: [1m[37m1196[39m[37m[22mms[0m[39m
[37m[39m
[37m[92mâˆš[39m[37m Compiled successfully.[39m
[36mâ ‹[39m Generating browser application bundles...[2K[1G[36mâ ™[39m Generating browser application bundles (phase: building)...[2K[1G[36mâ ¹[39m Generating browser application bundles (phase: building)...[2K[1G[36mâ ¸[39m Generating browser application bundles (phase: building)...[2K[1G[36mâ ¼[39m Generating browser application bundles (phase: sealing)...[2K[1G[36mâ ´[39m Generating browser application bundles (phase: emitting)...[2K[1G[32mâœ”[39m Browser application bundle generation complete.
[37m[39m
[37m[0m[1mInitial Chunk Files[22m[2m | [22m[1mNames[22m  [2m | [22m [1mRaw Size[22m[0m[39m
[37m[0m[92mmain.js[39m[37m            [2m | [22mmain   [2m | [22m[96m694.67 kB[39m[37m[2m | [22m[0m[39m
[37m[0m[92mruntime.js[39m[37m         [2m | [22mruntime[2m | [22m  [96m6.86 kB[39m[37m[2m | [22m[0m[39m
[37m[0m[0m[39m
[37m[0m3 unchanged chunks[0m[39m
[37m[0m[0m[39m
[37m[0mBuild at: [1m[37m2023-12-10T23:30:24.560Z[39m[37m[22m - Hash: [1m[37m49cea54ed309a145[39m[37m[22m - Time: [1m[37m1110[39m[37m[22mms[0m[39m
[37m[39m
[37m[92mâˆš[39m[37m Compiled successfully.[39m
[36mâ ‹[39m Generating browser application bundles...[2K[1G[36mâ ™[39m Generating browser application bundles (phase: building)...[2K[1G[36mâ ¹[39m Generating browser application bundles (phase: building)...[2K[1G[36mâ ¸[39m Generating browser application bundles (phase: building)...[2K[1G[36mâ ¼[39m Generating browser application bundles (phase: building)...[2K[1G[36mâ ´[39m Generating browser application bundles (phase: emitting)...[2K[1G[32mâœ”[39m Browser application bundle generation complete.
[37m[39m
[37m[0m[1mInitial Chunk Files[22m[2m | [22m[1mNames[22m  [2m | [22m [1mRaw Size[22m[0m[39m
[37m[0m[92mmain.js[39m[37m            [2m | [22mmain   [2m | [22m[96m694.67 kB[39m[37m[2m | [22m[0m[39m
[37m[0m[92mruntime.js[39m[37m         [2m | [22mruntime[2m | [22m  [96m6.86 kB[39m[37m[2m | [22m[0m[39m
[37m[0m[0m[39m
[37m[0m3 unchanged chunks[0m[39m
[37m[0m[0m[39m
[37m[0mBuild at: [1m[37m2023-12-10T23:30:50.348Z[39m[37m[22m - Hash: [1m[37m7311e9031d80f899[39m[37m[22m - Time: [1m[37m1163[39m[37m[22mms[0m[39m
[37m[39m
[37m[92mâˆš[39m[37m Compiled successfully.[39m
[36mâ ‹[39m Generating browser application bundles...[2K[1G[36mâ ™[39m Generating browser application bundles (phase: building)...[2K[1G[36mâ ¹[39m Generating browser application bundles (phase: building)...[2K[1G[36mâ ¸[39m Generating browser application bundles (phase: building)...[2K[1G[36mâ ¼[39m Generating browser application bundles (phase: building)...[2K[1G[36mâ ´[39m Generating browser application bundles (phase: building)...[2K[1G[36mâ ¦[39m Generating browser application bundles (phase: emitting)...[2K[1G[32mâœ”[39m Browser application bundle generation complete.
[37m[39m
[37m[0m[1mInitial Chunk Files[22m[2m | [22m[1mNames[22m  [2m | [22m [1mRaw Size[22m[0m[39m
[37m[0m[92mmain.js[39m[37m            [2m | [22mmain   [2m | [22m[96m694.59 kB[39m[37m[2m | [22m[0m[39m
[37m[0m[92mruntime.js[39m[37m         [2m | [22mruntime[2m | [22m  [96m6.86 kB[39m[37m[2m | [22m[0m[39m
[37m[0m[0m[39m
[37m[0m3 unchanged chunks[0m[39m
[37m[0m[0m[39m
[37m[0mBuild at: [1m[37m2023-12-10T23:31:13.461Z[39m[37m[22m - Hash: [1m[37m1d7dd2e02aa9671c[39m[37m[22m - Time: [1m[37m1657[39m[37m[22mms[0m[39m
[37m[39m
[37m[92mâˆš[39m[37m Compiled successfully.[39m
